{"timestamp":"2026-03-02T22:04:35.013029Z","level":"info","event":"DAG bundles loaded: dags-folder","logger":"airflow.dag_processing.bundles.manager.DagBundlesManager","filename":"manager.py","lineno":179}
{"timestamp":"2026-03-02T22:04:35.016093Z","level":"info","event":"Filling up the DagBag from /opt/airflow/dags/train_pipeline.py","logger":"airflow.models.dagbag.BundleDagBag","filename":"dagbag.py","lineno":593}
{"timestamp":"2026-03-02T22:04:37.279980Z","level":"warning","event":"The `airflow.operators.python.PythonOperator` attribute is deprecated. Please use `'airflow.providers.standard.operators.python.PythonOperator'`.","category":"DeprecatedImportWarning","filename":"/opt/airflow/dags/train_pipeline.py","lineno":2,"logger":"py.warnings"}
{"timestamp":"2026-03-02T22:04:45.980592Z","level":"error","event":"2026/03/02 22:04:45 INFO mlflow.store.db.utils: Creating initial MLflow database tables...","logger":"task.stderr"}
{"timestamp":"2026-03-02T22:04:46.042206Z","level":"error","event":"2026/03/02 22:04:46 INFO mlflow.store.db.utils: Updating database tables","logger":"task.stderr"}
{"timestamp":"2026-03-02T22:04:48.408888Z","level":"error","event":"2026/03/02 22:04:48 INFO mlflow.tracking.fluent: Experiment with name 'milestone3' does not exist. Creating a new experiment.","logger":"task.stderr"}
{"timestamp":"2026-03-02T22:04:48.434657Z","level":"info","event":"Training with C = 1.0","logger":"task.stdout"}
{"timestamp":"2026-03-02T22:04:48.435385Z","level":"error","event":"Traceback (most recent call last):","logger":"task.stderr"}
{"timestamp":"2026-03-02T22:04:48.435814Z","level":"error","event":"  File \"/opt/airflow/dags/train.py\", line 39, in <module>","logger":"task.stderr"}
{"timestamp":"2026-03-02T22:04:48.438505Z","level":"error","event":"    main()","logger":"task.stderr"}
{"timestamp":"2026-03-02T22:04:48.439009Z","level":"error","event":"  File \"/opt/airflow/dags/train.py\", line 17, in main","logger":"task.stderr"}
{"timestamp":"2026-03-02T22:04:48.441694Z","level":"error","event":"    df = pd.read_csv(data_path)","logger":"task.stderr"}
{"timestamp":"2026-03-02T22:04:48.442253Z","level":"error","event":"         ^^^^^^^^^^^^^^^^^^^^^^","logger":"task.stderr"}
{"timestamp":"2026-03-02T22:04:48.442801Z","level":"error","event":"  File \"/home/airflow/.local/lib/python3.12/site-packages/pandas/io/parsers/readers.py\", line 1026, in read_csv","logger":"task.stderr"}
{"timestamp":"2026-03-02T22:04:48.443229Z","level":"error","event":"    return _read(filepath_or_buffer, kwds)","logger":"task.stderr"}
{"timestamp":"2026-03-02T22:04:48.443605Z","level":"error","event":"           ^^^^^^^^^^^^^^^^^^^^^^^^^^^^^^^","logger":"task.stderr"}
{"timestamp":"2026-03-02T22:04:48.443998Z","level":"error","event":"  File \"/home/airflow/.local/lib/python3.12/site-packages/pandas/io/parsers/readers.py\", line 620, in _read","logger":"task.stderr"}
{"timestamp":"2026-03-02T22:04:48.444444Z","level":"error","event":"    parser = TextFileReader(filepath_or_buffer, **kwds)","logger":"task.stderr"}
{"timestamp":"2026-03-02T22:04:48.444891Z","level":"error","event":"             ^^^^^^^^^^^^^^^^^^^^^^^^^^^^^^^^^^^^^^^^^^","logger":"task.stderr"}
{"timestamp":"2026-03-02T22:04:48.445377Z","level":"error","event":"  File \"/home/airflow/.local/lib/python3.12/site-packages/pandas/io/parsers/readers.py\", line 1620, in __init__","logger":"task.stderr"}
{"timestamp":"2026-03-02T22:04:48.446122Z","level":"error","event":"    self._engine = self._make_engine(f, self.engine)","logger":"task.stderr"}
{"timestamp":"2026-03-02T22:04:48.446648Z","level":"error","event":"                   ^^^^^^^^^^^^^^^^^^^^^^^^^^^^^^^^^","logger":"task.stderr"}
{"timestamp":"2026-03-02T22:04:48.447113Z","level":"error","event":"  File \"/home/airflow/.local/lib/python3.12/site-packages/pandas/io/parsers/readers.py\", line 1880, in _make_engine","logger":"task.stderr"}
{"timestamp":"2026-03-02T22:04:48.447528Z","level":"error","event":"    self.handles = get_handle(","logger":"task.stderr"}
{"timestamp":"2026-03-02T22:04:48.447998Z","level":"error","event":"                   ^^^^^^^^^^^","logger":"task.stderr"}
{"timestamp":"2026-03-02T22:04:48.448643Z","level":"error","event":"  File \"/home/airflow/.local/lib/python3.12/site-packages/pandas/io/common.py\", line 873, in get_handle","logger":"task.stderr"}
{"timestamp":"2026-03-02T22:04:48.449082Z","level":"error","event":"    handle = open(","logger":"task.stderr"}
{"timestamp":"2026-03-02T22:04:48.449518Z","level":"error","event":"             ^^^^^","logger":"task.stderr"}
{"timestamp":"2026-03-02T22:04:48.449923Z","level":"error","event":"FileNotFoundError: [Errno 2] No such file or directory: '/opt/airflow/dags/processed.csv'","logger":"task.stderr"}
{"timestamp":"2026-03-02T22:04:49.170185Z","level":"error","event":"Task failed with exception","logger":"task","filename":"task_runner.py","lineno":1142,"error_detail":[{"exc_type":"CalledProcessError","exc_value":"Command '['python', '/opt/airflow/dags/train.py']' returned non-zero exit status 1.","exc_notes":[],"syntax_error":null,"is_cause":false,"frames":[{"filename":"/home/airflow/.local/lib/python3.12/site-packages/airflow/sdk/execution_time/task_runner.py","lineno":1068,"name":"run"},{"filename":"/home/airflow/.local/lib/python3.12/site-packages/airflow/sdk/execution_time/task_runner.py","lineno":1477,"name":"_execute_task"},{"filename":"/home/airflow/.local/lib/python3.12/site-packages/airflow/sdk/bases/operator.py","lineno":417,"name":"wrapper"},{"filename":"/home/airflow/.local/lib/python3.12/site-packages/airflow/providers/standard/operators/python.py","lineno":228,"name":"execute"},{"filename":"/home/airflow/.local/lib/python3.12/site-packages/airflow/providers/standard/operators/python.py","lineno":251,"name":"execute_callable"},{"filename":"/home/airflow/.local/lib/python3.12/site-packages/airflow/sdk/execution_time/callback_runner.py","lineno":82,"name":"run"},{"filename":"/opt/airflow/dags/train_pipeline.py","lineno":25,"name":"train_model"},{"filename":"/usr/python/lib/python3.12/subprocess.py","lineno":571,"name":"run"}],"is_group":false,"exceptions":[]}]}
