{"timestamp":"2026-03-02T23:50:28.699783Z","level":"info","event":"DAG bundles loaded: dags-folder","logger":"airflow.dag_processing.bundles.manager.DagBundlesManager","filename":"manager.py","lineno":179}
{"timestamp":"2026-03-02T23:50:28.701501Z","level":"info","event":"Filling up the DagBag from /opt/airflow/dags/train_pipeline.py","logger":"airflow.models.dagbag.BundleDagBag","filename":"dagbag.py","lineno":593}
{"timestamp":"2026-03-02T23:50:29.724374Z","level":"warning","event":"The `airflow.operators.python.PythonOperator` attribute is deprecated. Please use `'airflow.providers.standard.operators.python.PythonOperator'`.","category":"DeprecatedImportWarning","filename":"/opt/airflow/dags/train_pipeline.py","lineno":3,"logger":"py.warnings"}
{"timestamp":"2026-03-02T23:50:32.372835Z","level":"error","event":"/home/airflow/.local/lib/python3.12/site-packages/mlflow/tracking/_tracking_service/utils.py:184: FutureWarning: The filesystem tracking backend (e.g., './mlruns') is deprecated as of February 2026. Consider transitioning to a database backend (e.g., 'sqlite:///mlflow.db') to take advantage of the latest MLflow features. See https://mlflow.org/docs/latest/self-hosting/migrate-from-file-store for migration guidance.","logger":"task.stderr"}
{"timestamp":"2026-03-02T23:50:32.373495Z","level":"error","event":"  return FileStore(store_uri, store_uri)","logger":"task.stderr"}
{"timestamp":"2026-03-02T23:50:32.374763Z","level":"error","event":"WARNING:root:Malformed experiment '1'. Detailed error Yaml file '/opt/airflow/mlruns/1/meta.yaml' does not exist.","logger":"task.stderr"}
{"timestamp":"2026-03-02T23:50:32.375297Z","level":"error","event":"Traceback (most recent call last):","logger":"task.stderr"}
{"timestamp":"2026-03-02T23:50:32.375749Z","level":"error","event":"  File \"/home/airflow/.local/lib/python3.12/site-packages/mlflow/store/tracking/file_store.py\", line 383, in search_experiments","logger":"task.stderr"}
{"timestamp":"2026-03-02T23:50:32.376190Z","level":"error","event":"    exp = self._get_experiment(exp_id, view_type)","logger":"task.stderr"}
{"timestamp":"2026-03-02T23:50:32.376632Z","level":"error","event":"          ^^^^^^^^^^^^^^^^^^^^^^^^^^^^^^^^^^^^^^^","logger":"task.stderr"}
{"timestamp":"2026-03-02T23:50:32.377245Z","level":"error","event":"  File \"/home/airflow/.local/lib/python3.12/site-packages/mlflow/store/tracking/file_store.py\", line 481, in _get_experiment","logger":"task.stderr"}
{"timestamp":"2026-03-02T23:50:32.377733Z","level":"error","event":"    meta = FileStore._read_yaml(experiment_dir, FileStore.META_DATA_FILE_NAME)","logger":"task.stderr"}
{"timestamp":"2026-03-02T23:50:32.378081Z","level":"error","event":"           ^^^^^^^^^^^^^^^^^^^^^^^^^^^^^^^^^^^^^^^^^^^^^^^^^^^^^^^^^^^^^^^^^^^","logger":"task.stderr"}
{"timestamp":"2026-03-02T23:50:32.378836Z","level":"error","event":"  File \"/home/airflow/.local/lib/python3.12/site-packages/mlflow/store/tracking/file_store.py\", line 1670, in _read_yaml","logger":"task.stderr"}
{"timestamp":"2026-03-02T23:50:32.379215Z","level":"error","event":"    return _read_helper(root, file_name, attempts_remaining=retries)","logger":"task.stderr"}
{"timestamp":"2026-03-02T23:50:32.379685Z","level":"error","event":"           ^^^^^^^^^^^^^^^^^^^^^^^^^^^^^^^^^^^^^^^^^^^^^^^^^^^^^^^^^","logger":"task.stderr"}
{"timestamp":"2026-03-02T23:50:32.380286Z","level":"error","event":"  File \"/home/airflow/.local/lib/python3.12/site-packages/mlflow/store/tracking/file_store.py\", line 1663, in _read_helper","logger":"task.stderr"}
{"timestamp":"2026-03-02T23:50:32.380789Z","level":"error","event":"    result = read_yaml(root, file_name)","logger":"task.stderr"}
{"timestamp":"2026-03-02T23:50:32.381383Z","level":"error","event":"             ^^^^^^^^^^^^^^^^^^^^^^^^^^","logger":"task.stderr"}
{"timestamp":"2026-03-02T23:50:32.381860Z","level":"error","event":"  File \"/home/airflow/.local/lib/python3.12/site-packages/mlflow/utils/yaml_utils.py\", line 104, in read_yaml","logger":"task.stderr"}
{"timestamp":"2026-03-02T23:50:32.382441Z","level":"error","event":"    raise MissingConfigException(f\"Yaml file '{file_path}' does not exist.\")","logger":"task.stderr"}
{"timestamp":"2026-03-02T23:50:32.382930Z","level":"error","event":"mlflow.exceptions.MissingConfigException: Yaml file '/opt/airflow/mlruns/1/meta.yaml' does not exist.","logger":"task.stderr"}
{"timestamp":"2026-03-02T23:50:32.383602Z","level":"error","event":"2026/03/02 23:50:32 INFO mlflow.tracking.fluent: Experiment with name 'milestone3' does not exist. Creating a new experiment.","logger":"task.stderr"}
{"timestamp":"2026-03-02T23:50:32.384277Z","level":"error","event":"WARNING:root:Malformed experiment '1'. Detailed error Yaml file '/opt/airflow/mlruns/1/meta.yaml' does not exist.","logger":"task.stderr"}
{"timestamp":"2026-03-02T23:50:32.384721Z","level":"error","event":"Traceback (most recent call last):","logger":"task.stderr"}
{"timestamp":"2026-03-02T23:50:32.385128Z","level":"error","event":"  File \"/home/airflow/.local/lib/python3.12/site-packages/mlflow/store/tracking/file_store.py\", line 383, in search_experiments","logger":"task.stderr"}
{"timestamp":"2026-03-02T23:50:32.385516Z","level":"error","event":"    exp = self._get_experiment(exp_id, view_type)","logger":"task.stderr"}
{"timestamp":"2026-03-02T23:50:32.386546Z","level":"error","event":"          ^^^^^^^^^^^^^^^^^^^^^^^^^^^^^^^^^^^^^^^","logger":"task.stderr"}
{"timestamp":"2026-03-02T23:50:32.386991Z","level":"error","event":"  File \"/home/airflow/.local/lib/python3.12/site-packages/mlflow/store/tracking/file_store.py\", line 481, in _get_experiment","logger":"task.stderr"}
{"timestamp":"2026-03-02T23:50:32.387352Z","level":"error","event":"    meta = FileStore._read_yaml(experiment_dir, FileStore.META_DATA_FILE_NAME)","logger":"task.stderr"}
{"timestamp":"2026-03-02T23:50:32.387679Z","level":"error","event":"           ^^^^^^^^^^^^^^^^^^^^^^^^^^^^^^^^^^^^^^^^^^^^^^^^^^^^^^^^^^^^^^^^^^^","logger":"task.stderr"}
{"timestamp":"2026-03-02T23:50:32.387915Z","level":"error","event":"  File \"/home/airflow/.local/lib/python3.12/site-packages/mlflow/store/tracking/file_store.py\", line 1670, in _read_yaml","logger":"task.stderr"}
{"timestamp":"2026-03-02T23:50:32.388258Z","level":"error","event":"    return _read_helper(root, file_name, attempts_remaining=retries)","logger":"task.stderr"}
{"timestamp":"2026-03-02T23:50:32.388599Z","level":"error","event":"           ^^^^^^^^^^^^^^^^^^^^^^^^^^^^^^^^^^^^^^^^^^^^^^^^^^^^^^^^^","logger":"task.stderr"}
{"timestamp":"2026-03-02T23:50:32.388980Z","level":"error","event":"  File \"/home/airflow/.local/lib/python3.12/site-packages/mlflow/store/tracking/file_store.py\", line 1663, in _read_helper","logger":"task.stderr"}
{"timestamp":"2026-03-02T23:50:32.389313Z","level":"error","event":"    result = read_yaml(root, file_name)","logger":"task.stderr"}
{"timestamp":"2026-03-02T23:50:32.389596Z","level":"error","event":"             ^^^^^^^^^^^^^^^^^^^^^^^^^^","logger":"task.stderr"}
{"timestamp":"2026-03-02T23:50:32.389874Z","level":"error","event":"  File \"/home/airflow/.local/lib/python3.12/site-packages/mlflow/utils/yaml_utils.py\", line 104, in read_yaml","logger":"task.stderr"}
{"timestamp":"2026-03-02T23:50:32.390176Z","level":"error","event":"    raise MissingConfigException(f\"Yaml file '{file_path}' does not exist.\")","logger":"task.stderr"}
{"timestamp":"2026-03-02T23:50:32.390501Z","level":"error","event":"mlflow.exceptions.MissingConfigException: Yaml file '/opt/airflow/mlruns/1/meta.yaml' does not exist.","logger":"task.stderr"}
{"timestamp":"2026-03-02T23:50:32.488339Z","level":"error","event":"2026/03/02 23:50:32 WARNING mlflow.sklearn: Saving scikit-learn models in the pickle or cloudpickle format requires exercising caution because these formats rely on Python's object serialization mechanism, which can execute arbitrary code during deserialization. The recommended safe alternative is the 'skops' format. For more information, see: https://scikit-learn.org/stable/model_persistence.html","logger":"task.stderr"}
{"timestamp":"2026-03-02T23:50:36.127755Z","level":"info","event":"Training with C = 1.0","logger":"task.stdout"}
{"timestamp":"2026-03-02T23:50:36.128843Z","level":"info","event":"Training finished","logger":"task.stdout"}
{"timestamp":"2026-03-02T23:50:36.129604Z","level":"info","event":"Accuracy: 0.6","logger":"task.stdout"}
{"timestamp":"2026-03-02T23:50:36.493495Z","level":"info","event":"Done. Returned value was: None","logger":"airflow.task.operators.airflow.providers.standard.operators.python.PythonOperator","filename":"python.py","lineno":230}
