{"timestamp":"2026-03-02T00:41:29.282093Z","level":"info","event":"DAG bundles loaded: dags-folder","logger":"airflow.dag_processing.bundles.manager.DagBundlesManager","filename":"manager.py","lineno":179}
{"timestamp":"2026-03-02T00:41:29.285908Z","level":"info","event":"Filling up the DagBag from /opt/airflow/dags/train_pipeline.py","logger":"airflow.models.dagbag.BundleDagBag","filename":"dagbag.py","lineno":593}
{"timestamp":"2026-03-02T00:41:29.338209Z","level":"warning","event":"The `airflow.operators.python.PythonOperator` attribute is deprecated. Please use `'airflow.providers.standard.operators.python.PythonOperator'`.","category":"DeprecatedImportWarning","filename":"/opt/airflow/dags/train_pipeline.py","lineno":2,"logger":"py.warnings"}
{"timestamp":"2026-03-02T00:41:29.470317Z","level":"error","event":"python: can't open file '/opt/airflow/preprocess.py': [Errno 2] No such file or directory","logger":"task.stderr"}
{"timestamp":"2026-03-02T00:41:29.474336Z","level":"error","event":"Task failed with exception","logger":"task","filename":"task_runner.py","lineno":1142,"error_detail":[{"exc_type":"CalledProcessError","exc_value":"Command '['python', 'preprocess.py']' returned non-zero exit status 2.","exc_notes":[],"syntax_error":null,"is_cause":false,"frames":[{"filename":"/home/airflow/.local/lib/python3.12/site-packages/airflow/sdk/execution_time/task_runner.py","lineno":1068,"name":"run"},{"filename":"/home/airflow/.local/lib/python3.12/site-packages/airflow/sdk/execution_time/task_runner.py","lineno":1477,"name":"_execute_task"},{"filename":"/home/airflow/.local/lib/python3.12/site-packages/airflow/sdk/bases/operator.py","lineno":417,"name":"wrapper"},{"filename":"/home/airflow/.local/lib/python3.12/site-packages/airflow/providers/standard/operators/python.py","lineno":228,"name":"execute"},{"filename":"/home/airflow/.local/lib/python3.12/site-packages/airflow/providers/standard/operators/python.py","lineno":251,"name":"execute_callable"},{"filename":"/home/airflow/.local/lib/python3.12/site-packages/airflow/sdk/execution_time/callback_runner.py","lineno":82,"name":"run"},{"filename":"/opt/airflow/dags/train_pipeline.py","lineno":17,"name":"preprocess_data"},{"filename":"/usr/python/lib/python3.12/subprocess.py","lineno":571,"name":"run"}],"is_group":false,"exceptions":[]}]}
{"timestamp":"2026-03-02T01:44:53.439155Z","level":"info","event":"DAG bundles loaded: dags-folder","logger":"airflow.dag_processing.bundles.manager.DagBundlesManager","filename":"manager.py","lineno":179}
{"timestamp":"2026-03-02T01:44:53.441593Z","level":"info","event":"Filling up the DagBag from /opt/airflow/dags/train_pipeline.py","logger":"airflow.models.dagbag.BundleDagBag","filename":"dagbag.py","lineno":593}
{"timestamp":"2026-03-02T01:44:53.485434Z","level":"warning","event":"The `airflow.operators.python.PythonOperator` attribute is deprecated. Please use `'airflow.providers.standard.operators.python.PythonOperator'`.","category":"DeprecatedImportWarning","filename":"/opt/airflow/dags/train_pipeline.py","lineno":2,"logger":"py.warnings"}
{"timestamp":"2026-03-02T01:44:54.247381Z","level":"info","event":"Preprocess finished","logger":"task.stdout"}
{"timestamp":"2026-03-02T01:44:54.314819Z","level":"info","event":"Done. Returned value was: None","logger":"airflow.task.operators.airflow.providers.standard.operators.python.PythonOperator","filename":"python.py","lineno":230}
{"timestamp":"2026-03-02T21:44:34.040361Z","level":"info","event":"DAG bundles loaded: dags-folder","logger":"airflow.dag_processing.bundles.manager.DagBundlesManager","filename":"manager.py","lineno":179}
{"timestamp":"2026-03-02T21:44:34.042885Z","level":"info","event":"Filling up the DagBag from /opt/airflow/dags/train_pipeline.py","logger":"airflow.models.dagbag.BundleDagBag","filename":"dagbag.py","lineno":593}
{"timestamp":"2026-03-02T21:44:36.648604Z","level":"warning","event":"The `airflow.operators.python.PythonOperator` attribute is deprecated. Please use `'airflow.providers.standard.operators.python.PythonOperator'`.","category":"DeprecatedImportWarning","filename":"/opt/airflow/dags/train_pipeline.py","lineno":2,"logger":"py.warnings"}
{"timestamp":"2026-03-02T21:44:37.584747Z","level":"info","event":"Preprocess finished","logger":"task.stdout"}
{"timestamp":"2026-03-02T21:44:37.682890Z","level":"info","event":"Done. Returned value was: None","logger":"airflow.task.operators.airflow.providers.standard.operators.python.PythonOperator","filename":"python.py","lineno":230}
{"timestamp":"2026-03-02T21:51:00.886476Z","level":"info","event":"DAG bundles loaded: dags-folder","logger":"airflow.dag_processing.bundles.manager.DagBundlesManager","filename":"manager.py","lineno":179}
{"timestamp":"2026-03-02T21:51:00.889407Z","level":"info","event":"Filling up the DagBag from /opt/airflow/dags/train_pipeline.py","logger":"airflow.models.dagbag.BundleDagBag","filename":"dagbag.py","lineno":593}
{"timestamp":"2026-03-02T21:51:05.021927Z","level":"warning","event":"The `airflow.operators.python.PythonOperator` attribute is deprecated. Please use `'airflow.providers.standard.operators.python.PythonOperator'`.","category":"DeprecatedImportWarning","filename":"/opt/airflow/dags/train_pipeline.py","lineno":2,"logger":"py.warnings"}
{"timestamp":"2026-03-02T21:51:05.703275Z","level":"info","event":"Preprocess finished","logger":"task.stdout"}
{"timestamp":"2026-03-02T21:51:05.793664Z","level":"info","event":"Done. Returned value was: None","logger":"airflow.task.operators.airflow.providers.standard.operators.python.PythonOperator","filename":"python.py","lineno":230}
{"timestamp":"2026-03-02T21:58:55.741007Z","level":"info","event":"DAG bundles loaded: dags-folder","logger":"airflow.dag_processing.bundles.manager.DagBundlesManager","filename":"manager.py","lineno":179}
{"timestamp":"2026-03-02T21:58:55.743081Z","level":"info","event":"Filling up the DagBag from /opt/airflow/dags/train_pipeline.py","logger":"airflow.models.dagbag.BundleDagBag","filename":"dagbag.py","lineno":593}
{"timestamp":"2026-03-02T21:58:59.395683Z","level":"warning","event":"The `airflow.operators.python.PythonOperator` attribute is deprecated. Please use `'airflow.providers.standard.operators.python.PythonOperator'`.","category":"DeprecatedImportWarning","filename":"/opt/airflow/dags/train_pipeline.py","lineno":2,"logger":"py.warnings"}
{"timestamp":"2026-03-02T21:59:00.559034Z","level":"info","event":"Preprocess finished","logger":"task.stdout"}
{"timestamp":"2026-03-02T21:59:00.664479Z","level":"info","event":"Done. Returned value was: None","logger":"airflow.task.operators.airflow.providers.standard.operators.python.PythonOperator","filename":"python.py","lineno":230}
{"timestamp":"2026-03-02T22:04:29.389272Z","level":"info","event":"DAG bundles loaded: dags-folder","logger":"airflow.dag_processing.bundles.manager.DagBundlesManager","filename":"manager.py","lineno":179}
{"timestamp":"2026-03-02T22:04:29.392163Z","level":"info","event":"Filling up the DagBag from /opt/airflow/dags/train_pipeline.py","logger":"airflow.models.dagbag.BundleDagBag","filename":"dagbag.py","lineno":593}
{"timestamp":"2026-03-02T22:04:32.931856Z","level":"warning","event":"The `airflow.operators.python.PythonOperator` attribute is deprecated. Please use `'airflow.providers.standard.operators.python.PythonOperator'`.","category":"DeprecatedImportWarning","filename":"/opt/airflow/dags/train_pipeline.py","lineno":2,"logger":"py.warnings"}
{"timestamp":"2026-03-02T22:04:34.311885Z","level":"info","event":"Preprocess finished","logger":"task.stdout"}
{"timestamp":"2026-03-02T22:04:34.454402Z","level":"info","event":"Done. Returned value was: None","logger":"airflow.task.operators.airflow.providers.standard.operators.python.PythonOperator","filename":"python.py","lineno":230}
{"timestamp":"2026-03-02T22:13:32.442873Z","level":"info","event":"DAG bundles loaded: dags-folder","logger":"airflow.dag_processing.bundles.manager.DagBundlesManager","filename":"manager.py","lineno":179}
{"timestamp":"2026-03-02T22:13:32.444875Z","level":"info","event":"Filling up the DagBag from /opt/airflow/dags/train_pipeline.py","logger":"airflow.models.dagbag.BundleDagBag","filename":"dagbag.py","lineno":593}
{"timestamp":"2026-03-02T22:13:35.783113Z","level":"warning","event":"The `airflow.operators.python.PythonOperator` attribute is deprecated. Please use `'airflow.providers.standard.operators.python.PythonOperator'`.","category":"DeprecatedImportWarning","filename":"/opt/airflow/dags/train_pipeline.py","lineno":2,"logger":"py.warnings"}
{"timestamp":"2026-03-02T22:13:36.522902Z","level":"info","event":"Preprocess finished","logger":"task.stdout"}
{"timestamp":"2026-03-02T22:13:36.609932Z","level":"info","event":"Done. Returned value was: None","logger":"airflow.task.operators.airflow.providers.standard.operators.python.PythonOperator","filename":"python.py","lineno":230}
{"timestamp":"2026-03-02T22:22:40.014473Z","level":"info","event":"DAG bundles loaded: dags-folder","logger":"airflow.dag_processing.bundles.manager.DagBundlesManager","filename":"manager.py","lineno":179}
{"timestamp":"2026-03-02T22:22:40.017022Z","level":"info","event":"Filling up the DagBag from /opt/airflow/dags/train_pipeline.py","logger":"airflow.models.dagbag.BundleDagBag","filename":"dagbag.py","lineno":593}
{"timestamp":"2026-03-02T22:22:43.179634Z","level":"warning","event":"The `airflow.operators.python.PythonOperator` attribute is deprecated. Please use `'airflow.providers.standard.operators.python.PythonOperator'`.","category":"DeprecatedImportWarning","filename":"/opt/airflow/dags/train_pipeline.py","lineno":2,"logger":"py.warnings"}
{"timestamp":"2026-03-02T22:22:43.920894Z","level":"info","event":"Preprocess finished","logger":"task.stdout"}
{"timestamp":"2026-03-02T22:22:44.002342Z","level":"info","event":"Done. Returned value was: None","logger":"airflow.task.operators.airflow.providers.standard.operators.python.PythonOperator","filename":"python.py","lineno":230}
{"timestamp":"2026-03-02T22:29:03.087536Z","level":"info","event":"DAG bundles loaded: dags-folder","logger":"airflow.dag_processing.bundles.manager.DagBundlesManager","filename":"manager.py","lineno":179}
{"timestamp":"2026-03-02T22:29:03.090011Z","level":"info","event":"Filling up the DagBag from /opt/airflow/dags/train_pipeline.py","logger":"airflow.models.dagbag.BundleDagBag","filename":"dagbag.py","lineno":593}
{"timestamp":"2026-03-02T22:29:06.708002Z","level":"warning","event":"The `airflow.operators.python.PythonOperator` attribute is deprecated. Please use `'airflow.providers.standard.operators.python.PythonOperator'`.","category":"DeprecatedImportWarning","filename":"/opt/airflow/dags/train_pipeline.py","lineno":2,"logger":"py.warnings"}
{"timestamp":"2026-03-02T22:29:07.403502Z","level":"info","event":"Preprocess finished","logger":"task.stdout"}
{"timestamp":"2026-03-02T22:29:07.403944Z","level":"info","event":"Saved to: /opt/airflow/dags/processed.csv","logger":"task.stdout"}
{"timestamp":"2026-03-02T22:29:07.477630Z","level":"info","event":"Done. Returned value was: None","logger":"airflow.task.operators.airflow.providers.standard.operators.python.PythonOperator","filename":"python.py","lineno":230}
{"timestamp":"2026-03-02T22:35:50.866195Z","level":"info","event":"DAG bundles loaded: dags-folder","logger":"airflow.dag_processing.bundles.manager.DagBundlesManager","filename":"manager.py","lineno":179}
{"timestamp":"2026-03-02T22:35:50.868557Z","level":"info","event":"Filling up the DagBag from /opt/airflow/dags/train_pipeline.py","logger":"airflow.models.dagbag.BundleDagBag","filename":"dagbag.py","lineno":593}
{"timestamp":"2026-03-02T22:35:55.021632Z","level":"warning","event":"The `airflow.operators.python.PythonOperator` attribute is deprecated. Please use `'airflow.providers.standard.operators.python.PythonOperator'`.","category":"DeprecatedImportWarning","filename":"/opt/airflow/dags/train_pipeline.py","lineno":2,"logger":"py.warnings"}
{"timestamp":"2026-03-02T22:35:56.007995Z","level":"info","event":"Preprocess finished","logger":"task.stdout"}
{"timestamp":"2026-03-02T22:35:56.008633Z","level":"info","event":"Saved to: /opt/airflow/dags/processed.csv","logger":"task.stdout"}
{"timestamp":"2026-03-02T22:35:56.104534Z","level":"info","event":"Done. Returned value was: None","logger":"airflow.task.operators.airflow.providers.standard.operators.python.PythonOperator","filename":"python.py","lineno":230}
{"timestamp":"2026-03-02T22:56:15.125172Z","level":"info","event":"DAG bundles loaded: dags-folder","logger":"airflow.dag_processing.bundles.manager.DagBundlesManager","filename":"manager.py","lineno":179}
{"timestamp":"2026-03-02T22:56:15.129583Z","level":"info","event":"Filling up the DagBag from /opt/airflow/dags/train_pipeline.py","logger":"airflow.models.dagbag.BundleDagBag","filename":"dagbag.py","lineno":593}
{"timestamp":"2026-03-02T22:56:24.052759Z","level":"warning","event":"The `airflow.operators.python.PythonOperator` attribute is deprecated. Please use `'airflow.providers.standard.operators.python.PythonOperator'`.","category":"DeprecatedImportWarning","filename":"/opt/airflow/dags/train_pipeline.py","lineno":2,"logger":"py.warnings"}
{"timestamp":"2026-03-02T22:56:25.617098Z","level":"info","event":"Preprocess finished","logger":"task.stdout"}
{"timestamp":"2026-03-02T22:56:25.620154Z","level":"info","event":"Saved to: /opt/airflow/dags/processed.csv","logger":"task.stdout"}
{"timestamp":"2026-03-02T22:56:25.799067Z","level":"info","event":"Done. Returned value was: None","logger":"airflow.task.operators.airflow.providers.standard.operators.python.PythonOperator","filename":"python.py","lineno":230}
{"timestamp":"2026-03-02T23:32:12.266594Z","level":"info","event":"DAG bundles loaded: dags-folder","logger":"airflow.dag_processing.bundles.manager.DagBundlesManager","filename":"manager.py","lineno":179}
{"timestamp":"2026-03-02T23:32:12.269548Z","level":"info","event":"Filling up the DagBag from /opt/airflow/dags/train_pipeline.py","logger":"airflow.models.dagbag.BundleDagBag","filename":"dagbag.py","lineno":593}
{"timestamp":"2026-03-02T23:32:16.259718Z","level":"warning","event":"The `airflow.operators.python.PythonOperator` attribute is deprecated. Please use `'airflow.providers.standard.operators.python.PythonOperator'`.","category":"DeprecatedImportWarning","filename":"/opt/airflow/dags/train_pipeline.py","lineno":2,"logger":"py.warnings"}
{"timestamp":"2026-03-02T23:32:17.330653Z","level":"info","event":"Preprocess finished","logger":"task.stdout"}
{"timestamp":"2026-03-02T23:32:17.331300Z","level":"info","event":"Saved to: /opt/airflow/dags/processed.csv","logger":"task.stdout"}
{"timestamp":"2026-03-02T23:32:17.438486Z","level":"info","event":"Done. Returned value was: None","logger":"airflow.task.operators.airflow.providers.standard.operators.python.PythonOperator","filename":"python.py","lineno":230}
{"timestamp":"2026-03-02T23:38:50.049956Z","level":"info","event":"DAG bundles loaded: dags-folder","logger":"airflow.dag_processing.bundles.manager.DagBundlesManager","filename":"manager.py","lineno":179}
{"timestamp":"2026-03-02T23:38:50.051806Z","level":"info","event":"Filling up the DagBag from /opt/airflow/dags/train_pipeline.py","logger":"airflow.models.dagbag.BundleDagBag","filename":"dagbag.py","lineno":593}
{"timestamp":"2026-03-02T23:38:53.095538Z","level":"warning","event":"The `airflow.operators.python.PythonOperator` attribute is deprecated. Please use `'airflow.providers.standard.operators.python.PythonOperator'`.","category":"DeprecatedImportWarning","filename":"/opt/airflow/dags/train_pipeline.py","lineno":3,"logger":"py.warnings"}
{"timestamp":"2026-03-02T23:38:53.968398Z","level":"info","event":"Preprocess finished","logger":"task.stdout"}
{"timestamp":"2026-03-02T23:38:53.969262Z","level":"info","event":"Saved to: /opt/airflow/dags/processed.csv","logger":"task.stdout"}
{"timestamp":"2026-03-02T23:38:54.056726Z","level":"info","event":"Done. Returned value was: None","logger":"airflow.task.operators.airflow.providers.standard.operators.python.PythonOperator","filename":"python.py","lineno":230}
{"timestamp":"2026-03-02T23:45:14.673968Z","level":"info","event":"DAG bundles loaded: dags-folder","logger":"airflow.dag_processing.bundles.manager.DagBundlesManager","filename":"manager.py","lineno":179}
{"timestamp":"2026-03-02T23:45:14.676024Z","level":"info","event":"Filling up the DagBag from /opt/airflow/dags/train_pipeline.py","logger":"airflow.models.dagbag.BundleDagBag","filename":"dagbag.py","lineno":593}
{"timestamp":"2026-03-02T23:45:17.745312Z","level":"warning","event":"The `airflow.operators.python.PythonOperator` attribute is deprecated. Please use `'airflow.providers.standard.operators.python.PythonOperator'`.","category":"DeprecatedImportWarning","filename":"/opt/airflow/dags/train_pipeline.py","lineno":3,"logger":"py.warnings"}
{"timestamp":"2026-03-02T23:45:18.636814Z","level":"info","event":"Preprocess finished","logger":"task.stdout"}
{"timestamp":"2026-03-02T23:45:18.637578Z","level":"info","event":"Saved to: /opt/airflow/dags/processed.csv","logger":"task.stdout"}
{"timestamp":"2026-03-02T23:45:18.795635Z","level":"info","event":"Done. Returned value was: None","logger":"airflow.task.operators.airflow.providers.standard.operators.python.PythonOperator","filename":"python.py","lineno":230}
{"timestamp":"2026-03-02T23:59:01.006902Z","level":"info","event":"DAG bundles loaded: dags-folder","logger":"airflow.dag_processing.bundles.manager.DagBundlesManager","filename":"manager.py","lineno":179}
{"timestamp":"2026-03-02T23:59:01.009915Z","level":"info","event":"Filling up the DagBag from /opt/airflow/dags/train_pipeline.py","logger":"airflow.models.dagbag.BundleDagBag","filename":"dagbag.py","lineno":593}
{"timestamp":"2026-03-02T23:59:05.806480Z","level":"info","event":"Preprocess finished","logger":"task.stdout"}
{"timestamp":"2026-03-02T23:59:05.807175Z","level":"info","event":"Saved to: /opt/airflow/dags/processed.csv","logger":"task.stdout"}
{"timestamp":"2026-03-02T23:59:05.925984Z","level":"info","event":"Done. Returned value was: None","logger":"airflow.task.operators.airflow.providers.standard.operators.python.PythonOperator","filename":"python.py","lineno":230}
