{"timestamp":"2026-03-02T21:45:27.395585Z","level":"info","event":"DAG bundles loaded: dags-folder","logger":"airflow.dag_processing.bundles.manager.DagBundlesManager","filename":"manager.py","lineno":179}
{"timestamp":"2026-03-02T21:45:27.397317Z","level":"info","event":"Filling up the DagBag from /opt/airflow/dags/train_pipeline.py","logger":"airflow.models.dagbag.BundleDagBag","filename":"dagbag.py","lineno":593}
{"timestamp":"2026-03-02T21:45:28.603832Z","level":"warning","event":"The `airflow.operators.python.PythonOperator` attribute is deprecated. Please use `'airflow.providers.standard.operators.python.PythonOperator'`.","category":"DeprecatedImportWarning","filename":"/opt/airflow/dags/train_pipeline.py","lineno":2,"logger":"py.warnings"}
{"timestamp":"2026-03-02T21:45:31.619522Z","level":"error","event":"/home/airflow/.local/lib/python3.12/site-packages/mlflow/tracking/_tracking_service/utils.py:184: FutureWarning: The filesystem tracking backend (e.g., './mlruns') is deprecated as of February 2026. Consider transitioning to a database backend (e.g., 'sqlite:///mlflow.db') to take advantage of the latest MLflow features. See https://mlflow.org/docs/latest/self-hosting/migrate-from-file-store for migration guidance.","logger":"task.stderr"}
{"timestamp":"2026-03-02T21:45:31.619968Z","level":"error","event":"  return FileStore(store_uri, store_uri)","logger":"task.stderr"}
{"timestamp":"2026-03-02T21:45:32.348973Z","level":"error","event":"2026/03/02 21:45:32 WARNING mlflow.models.model: `artifact_path` is deprecated. Please use `name` instead.","logger":"task.stderr"}
{"timestamp":"2026-03-02T21:45:33.608249Z","level":"error","event":"2026/03/02 21:45:33 WARNING mlflow.sklearn: Saving scikit-learn models in the pickle or cloudpickle format requires exercising caution because these formats rely on Python's object serialization mechanism, which can execute arbitrary code during deserialization. The recommended safe alternative is the 'skops' format. For more information, see: https://scikit-learn.org/stable/model_persistence.html","logger":"task.stderr"}
{"timestamp":"2026-03-02T21:45:38.949011Z","level":"info","event":"Training with C = 1.0","logger":"task.stdout"}
{"timestamp":"2026-03-02T21:45:38.949691Z","level":"error","event":"Traceback (most recent call last):","logger":"task.stderr"}
{"timestamp":"2026-03-02T21:45:38.950053Z","level":"error","event":"  File \"/opt/airflow/dags/train.py\", line 31, in <module>","logger":"task.stderr"}
{"timestamp":"2026-03-02T21:45:38.952099Z","level":"error","event":"    main()","logger":"task.stderr"}
{"timestamp":"2026-03-02T21:45:38.952621Z","level":"error","event":"  File \"/opt/airflow/dags/train.py\", line 26, in main","logger":"task.stderr"}
{"timestamp":"2026-03-02T21:45:38.955473Z","level":"error","event":"    mlflow.sklearn.log_model(model,\"model\")","logger":"task.stderr"}
{"timestamp":"2026-03-02T21:45:38.956050Z","level":"error","event":"  File \"/home/airflow/.local/lib/python3.12/site-packages/mlflow/sklearn/__init__.py\", line 477, in log_model","logger":"task.stderr"}
{"timestamp":"2026-03-02T21:45:38.956517Z","level":"error","event":"    return Model.log(","logger":"task.stderr"}
{"timestamp":"2026-03-02T21:45:38.956872Z","level":"error","event":"           ^^^^^^^^^^","logger":"task.stderr"}
{"timestamp":"2026-03-02T21:45:38.957183Z","level":"error","event":"  File \"/home/airflow/.local/lib/python3.12/site-packages/mlflow/models/model.py\", line 1288, in log","logger":"task.stderr"}
{"timestamp":"2026-03-02T21:45:38.957602Z","level":"error","event":"    client.log_model_artifacts(model.model_id, local_path)","logger":"task.stderr"}
{"timestamp":"2026-03-02T21:45:38.957937Z","level":"error","event":"  File \"/home/airflow/.local/lib/python3.12/site-packages/mlflow/tracking/client.py\", line 5915, in log_model_artifacts","logger":"task.stderr"}
{"timestamp":"2026-03-02T21:45:38.958311Z","level":"error","event":"    return self._tracking_client.log_model_artifacts(model_id, local_dir)","logger":"task.stderr"}
{"timestamp":"2026-03-02T21:45:38.958781Z","level":"error","event":"           ^^^^^^^^^^^^^^^^^^^^^^^^^^^^^^^^^^^^^^^^^^^^^^^^^^^^^^^^^^^^^^","logger":"task.stderr"}
{"timestamp":"2026-03-02T21:45:38.959344Z","level":"error","event":"  File \"/home/airflow/.local/lib/python3.12/site-packages/mlflow/tracking/_tracking_service/client.py\", line 920, in log_model_artifacts","logger":"task.stderr"}
{"timestamp":"2026-03-02T21:45:38.959792Z","level":"error","event":"    self._get_artifact_repo(model_id, resource=\"logged_model\").log_artifacts(local_dir)","logger":"task.stderr"}
{"timestamp":"2026-03-02T21:45:38.960268Z","level":"error","event":"  File \"/home/airflow/.local/lib/python3.12/site-packages/mlflow/store/artifact/local_artifact_repo.py\", line 69, in log_artifacts","logger":"task.stderr"}
{"timestamp":"2026-03-02T21:45:38.960707Z","level":"error","event":"    mkdir(artifact_dir)","logger":"task.stderr"}
{"timestamp":"2026-03-02T21:45:38.961179Z","level":"error","event":"  File \"/home/airflow/.local/lib/python3.12/site-packages/mlflow/utils/file_utils.py\", line 210, in mkdir","logger":"task.stderr"}
{"timestamp":"2026-03-02T21:45:38.961622Z","level":"error","event":"    raise e","logger":"task.stderr"}
{"timestamp":"2026-03-02T21:45:38.962131Z","level":"error","event":"  File \"/home/airflow/.local/lib/python3.12/site-packages/mlflow/utils/file_utils.py\", line 207, in mkdir","logger":"task.stderr"}
{"timestamp":"2026-03-02T21:45:38.962543Z","level":"error","event":"    os.makedirs(target, exist_ok=True)","logger":"task.stderr"}
{"timestamp":"2026-03-02T21:45:38.962933Z","level":"error","event":"  File \"<frozen os>\", line 215, in makedirs","logger":"task.stderr"}
{"timestamp":"2026-03-02T21:45:38.963250Z","level":"error","event":"  File \"<frozen os>\", line 215, in makedirs","logger":"task.stderr"}
{"timestamp":"2026-03-02T21:45:38.963523Z","level":"error","event":"  File \"<frozen os>\", line 215, in makedirs","logger":"task.stderr"}
{"timestamp":"2026-03-02T21:45:38.963874Z","level":"error","event":"  [Previous line repeated 6 more times]","logger":"task.stderr"}
{"timestamp":"2026-03-02T21:45:38.964345Z","level":"error","event":"  File \"<frozen os>\", line 225, in makedirs","logger":"task.stderr"}
{"timestamp":"2026-03-02T21:45:38.964751Z","level":"error","event":"PermissionError: [Errno 13] Permission denied: '/C:'","logger":"task.stderr"}
{"timestamp":"2026-03-02T21:45:39.464834Z","level":"error","event":"Task failed with exception","logger":"task","filename":"task_runner.py","lineno":1142,"error_detail":[{"exc_type":"CalledProcessError","exc_value":"Command '['python', '/opt/airflow/dags/train.py']' returned non-zero exit status 1.","exc_notes":[],"syntax_error":null,"is_cause":false,"frames":[{"filename":"/home/airflow/.local/lib/python3.12/site-packages/airflow/sdk/execution_time/task_runner.py","lineno":1068,"name":"run"},{"filename":"/home/airflow/.local/lib/python3.12/site-packages/airflow/sdk/execution_time/task_runner.py","lineno":1477,"name":"_execute_task"},{"filename":"/home/airflow/.local/lib/python3.12/site-packages/airflow/sdk/bases/operator.py","lineno":417,"name":"wrapper"},{"filename":"/home/airflow/.local/lib/python3.12/site-packages/airflow/providers/standard/operators/python.py","lineno":228,"name":"execute"},{"filename":"/home/airflow/.local/lib/python3.12/site-packages/airflow/providers/standard/operators/python.py","lineno":251,"name":"execute_callable"},{"filename":"/home/airflow/.local/lib/python3.12/site-packages/airflow/sdk/execution_time/callback_runner.py","lineno":82,"name":"run"},{"filename":"/opt/airflow/dags/train_pipeline.py","lineno":25,"name":"train_model"},{"filename":"/usr/python/lib/python3.12/subprocess.py","lineno":571,"name":"run"}],"is_group":false,"exceptions":[]}]}
