{"timestamp":"2026-03-03T06:35:40.209140Z","level":"info","event":"DAG bundles loaded: dags-folder","logger":"airflow.dag_processing.bundles.manager.DagBundlesManager","filename":"manager.py","lineno":179}
{"timestamp":"2026-03-03T06:35:40.211310Z","level":"info","event":"Filling up the DagBag from /opt/airflow/dags/train_pipeline.py","logger":"airflow.models.dagbag.BundleDagBag","filename":"dagbag.py","lineno":593}
{"timestamp":"2026-03-03T06:35:41.400831Z","level":"warning","event":"pkg_resources is deprecated as an API. See https://setuptools.pypa.io/en/latest/pkg_resources.html. The pkg_resources package is slated for removal as early as 2025-11-30. Refrain from using this package or pin to Setuptools<81.","category":"UserWarning","filename":"/home/airflow/.local/lib/python3.12/site-packages/mlflow/utils/requirements_utils.py","lineno":20,"logger":"py.warnings"}
{"timestamp":"2026-03-03T06:35:41.435697Z","level":"info","event":"Training with C = 1.0","logger":"task.stdout"}
{"timestamp":"2026-03-03T06:35:42.853711Z","level":"error","event":"/home/airflow/.local/lib/python3.12/site-packages/mlflow/utils/requirements_utils.py:20: UserWarning: pkg_resources is deprecated as an API. See https://setuptools.pypa.io/en/latest/pkg_resources.html. The pkg_resources package is slated for removal as early as 2025-11-30. Refrain from using this package or pin to Setuptools<81.","logger":"task.stderr"}
{"timestamp":"2026-03-03T06:35:42.854394Z","level":"error","event":"  import pkg_resources  # noqa: TID251","logger":"task.stderr"}
{"timestamp":"2026-03-03T06:35:48.818961Z","level":"info","event":"Training with C = 1.0","logger":"task.stdout"}
{"timestamp":"2026-03-03T06:35:48.819482Z","level":"info","event":"Tracking URI: http://mlflow:5000","logger":"task.stdout"}
{"timestamp":"2026-03-03T06:35:48.819931Z","level":"error","event":"Traceback (most recent call last):","logger":"task.stderr"}
{"timestamp":"2026-03-03T06:35:48.820409Z","level":"error","event":"  File \"/opt/airflow/dags/train.py\", line 57, in <module>","logger":"task.stderr"}
{"timestamp":"2026-03-03T06:35:48.824338Z","level":"error","event":"    main()","logger":"task.stderr"}
{"timestamp":"2026-03-03T06:35:48.824810Z","level":"error","event":"  File \"/opt/airflow/dags/train.py\", line 48, in main","logger":"task.stderr"}
{"timestamp":"2026-03-03T06:35:48.830112Z","level":"error","event":"    mlflow.sklearn.log_model(","logger":"task.stderr"}
{"timestamp":"2026-03-03T06:35:48.830825Z","level":"error","event":"  File \"/home/airflow/.local/lib/python3.12/site-packages/mlflow/sklearn/__init__.py\", line 418, in log_model","logger":"task.stderr"}
{"timestamp":"2026-03-03T06:35:48.831562Z","level":"error","event":"    return Model.log(","logger":"task.stderr"}
{"timestamp":"2026-03-03T06:35:48.831944Z","level":"error","event":"           ^^^^^^^^^^","logger":"task.stderr"}
{"timestamp":"2026-03-03T06:35:48.832418Z","level":"error","event":"  File \"/home/airflow/.local/lib/python3.12/site-packages/mlflow/models/model.py\", line 656, in log","logger":"task.stderr"}
{"timestamp":"2026-03-03T06:35:48.832909Z","level":"error","event":"    mlflow.tracking.fluent.log_artifacts(local_path, mlflow_model.artifact_path, run_id)","logger":"task.stderr"}
{"timestamp":"2026-03-03T06:35:48.833272Z","level":"error","event":"  File \"/home/airflow/.local/lib/python3.12/site-packages/mlflow/tracking/fluent.py\", line 1096, in log_artifacts","logger":"task.stderr"}
{"timestamp":"2026-03-03T06:35:48.833833Z","level":"error","event":"    MlflowClient().log_artifacts(run_id, local_dir, artifact_path)","logger":"task.stderr"}
{"timestamp":"2026-03-03T06:35:48.834231Z","level":"error","event":"  File \"/home/airflow/.local/lib/python3.12/site-packages/mlflow/tracking/client.py\", line 1242, in log_artifacts","logger":"task.stderr"}
{"timestamp":"2026-03-03T06:35:48.834614Z","level":"error","event":"    self._tracking_client.log_artifacts(run_id, local_dir, artifact_path)","logger":"task.stderr"}
{"timestamp":"2026-03-03T06:35:48.834893Z","level":"error","event":"  File \"/home/airflow/.local/lib/python3.12/site-packages/mlflow/tracking/_tracking_service/client.py\", line 570, in log_artifacts","logger":"task.stderr"}
{"timestamp":"2026-03-03T06:35:48.835330Z","level":"error","event":"    self._get_artifact_repo(run_id).log_artifacts(local_dir, artifact_path)","logger":"task.stderr"}
{"timestamp":"2026-03-03T06:35:48.835792Z","level":"error","event":"  File \"/home/airflow/.local/lib/python3.12/site-packages/mlflow/store/artifact/local_artifact_repo.py\", line 60, in log_artifacts","logger":"task.stderr"}
{"timestamp":"2026-03-03T06:35:48.836241Z","level":"error","event":"    mkdir(artifact_dir)","logger":"task.stderr"}
{"timestamp":"2026-03-03T06:35:48.836587Z","level":"error","event":"  File \"/home/airflow/.local/lib/python3.12/site-packages/mlflow/utils/file_utils.py\", line 212, in mkdir","logger":"task.stderr"}
{"timestamp":"2026-03-03T06:35:48.836907Z","level":"error","event":"    raise e","logger":"task.stderr"}
{"timestamp":"2026-03-03T06:35:48.837301Z","level":"error","event":"  File \"/home/airflow/.local/lib/python3.12/site-packages/mlflow/utils/file_utils.py\", line 209, in mkdir","logger":"task.stderr"}
{"timestamp":"2026-03-03T06:35:48.837814Z","level":"error","event":"    os.makedirs(target)","logger":"task.stderr"}
{"timestamp":"2026-03-03T06:35:48.838483Z","level":"error","event":"  File \"<frozen os>\", line 215, in makedirs","logger":"task.stderr"}
{"timestamp":"2026-03-03T06:35:48.838836Z","level":"error","event":"  File \"<frozen os>\", line 215, in makedirs","logger":"task.stderr"}
{"timestamp":"2026-03-03T06:35:48.839196Z","level":"error","event":"  File \"<frozen os>\", line 215, in makedirs","logger":"task.stderr"}
{"timestamp":"2026-03-03T06:35:48.839590Z","level":"error","event":"  [Previous line repeated 1 more time]","logger":"task.stderr"}
{"timestamp":"2026-03-03T06:35:48.839972Z","level":"error","event":"  File \"<frozen os>\", line 225, in makedirs","logger":"task.stderr"}
{"timestamp":"2026-03-03T06:35:48.840469Z","level":"error","event":"PermissionError: [Errno 13] Permission denied: '/mlruns'","logger":"task.stderr"}
{"timestamp":"2026-03-03T06:35:49.166491Z","level":"error","event":"Task failed with exception","logger":"task","filename":"task_runner.py","lineno":1142,"error_detail":[{"exc_type":"CalledProcessError","exc_value":"Command '['python', '/opt/airflow/dags/train.py', '1.0']' returned non-zero exit status 1.","exc_notes":[],"syntax_error":null,"is_cause":false,"frames":[{"filename":"/home/airflow/.local/lib/python3.12/site-packages/airflow/sdk/execution_time/task_runner.py","lineno":1068,"name":"run"},{"filename":"/home/airflow/.local/lib/python3.12/site-packages/airflow/sdk/execution_time/task_runner.py","lineno":1477,"name":"_execute_task"},{"filename":"/home/airflow/.local/lib/python3.12/site-packages/airflow/sdk/bases/operator.py","lineno":417,"name":"wrapper"},{"filename":"/home/airflow/.local/lib/python3.12/site-packages/airflow/providers/standard/operators/python.py","lineno":228,"name":"execute"},{"filename":"/home/airflow/.local/lib/python3.12/site-packages/airflow/providers/standard/operators/python.py","lineno":251,"name":"execute_callable"},{"filename":"/home/airflow/.local/lib/python3.12/site-packages/airflow/sdk/execution_time/callback_runner.py","lineno":82,"name":"run"},{"filename":"/opt/airflow/dags/train_pipeline.py","lineno":40,"name":"train_model"},{"filename":"/usr/python/lib/python3.12/subprocess.py","lineno":571,"name":"run"}],"is_group":false,"exceptions":[]}]}
