{"timestamp":"2026-03-03T04:37:55.576638Z","level":"info","event":"DAG bundles loaded: dags-folder","logger":"airflow.dag_processing.bundles.manager.DagBundlesManager","filename":"manager.py","lineno":179}
{"timestamp":"2026-03-03T04:37:55.579362Z","level":"info","event":"Filling up the DagBag from /opt/airflow/dags/train_pipeline.py","logger":"airflow.models.dagbag.BundleDagBag","filename":"dagbag.py","lineno":593}
{"timestamp":"2026-03-03T04:37:56.752800Z","level":"info","event":"Training with C = 1.0","logger":"task.stdout"}
{"timestamp":"2026-03-03T04:42:11.221457Z","level":"info","event":"Training with C = 1.0","logger":"task.stdout"}
{"timestamp":"2026-03-03T04:42:11.294599Z","level":"error","event":"Traceback (most recent call last):","logger":"task.stderr"}
{"timestamp":"2026-03-03T04:42:11.317360Z","level":"error","event":"  File \"/home/airflow/.local/lib/python3.12/site-packages/urllib3/connection.py\", line 204, in _new_conn","logger":"task.stderr"}
{"timestamp":"2026-03-03T04:42:11.385151Z","level":"error","event":"    sock = connection.create_connection(","logger":"task.stderr"}
{"timestamp":"2026-03-03T04:42:11.494791Z","level":"error","event":"           ^^^^^^^^^^^^^^^^^^^^^^^^^^^^^","logger":"task.stderr"}
{"timestamp":"2026-03-03T04:42:11.513212Z","level":"error","event":"  File \"/home/airflow/.local/lib/python3.12/site-packages/urllib3/util/connection.py\", line 85, in create_connection","logger":"task.stderr"}
{"timestamp":"2026-03-03T04:42:11.532179Z","level":"error","event":"    raise err","logger":"task.stderr"}
{"timestamp":"2026-03-03T04:42:11.545775Z","level":"error","event":"  File \"/home/airflow/.local/lib/python3.12/site-packages/urllib3/util/connection.py\", line 73, in create_connection","logger":"task.stderr"}
{"timestamp":"2026-03-03T04:42:11.576561Z","level":"error","event":"    sock.connect(sa)","logger":"task.stderr"}
{"timestamp":"2026-03-03T04:42:11.601315Z","level":"error","event":"ConnectionRefusedError: [Errno 111] Connection refused","logger":"task.stderr"}
{"timestamp":"2026-03-03T04:42:11.610021Z","level":"error","event":"","logger":"task.stderr"}
{"timestamp":"2026-03-03T04:42:11.646295Z","level":"error","event":"The above exception was the direct cause of the following exception:","logger":"task.stderr"}
{"timestamp":"2026-03-03T04:42:11.654093Z","level":"error","event":"","logger":"task.stderr"}
{"timestamp":"2026-03-03T04:42:11.793353Z","level":"error","event":"Traceback (most recent call last):","logger":"task.stderr"}
{"timestamp":"2026-03-03T04:42:11.832905Z","level":"error","event":"  File \"/home/airflow/.local/lib/python3.12/site-packages/urllib3/connectionpool.py\", line 787, in urlopen","logger":"task.stderr"}
{"timestamp":"2026-03-03T04:42:11.853471Z","level":"error","event":"    response = self._make_request(","logger":"task.stderr"}
{"timestamp":"2026-03-03T04:42:11.935866Z","level":"error","event":"               ^^^^^^^^^^^^^^^^^^^","logger":"task.stderr"}
{"timestamp":"2026-03-03T04:42:11.993979Z","level":"error","event":"  File \"/home/airflow/.local/lib/python3.12/site-packages/urllib3/connectionpool.py\", line 493, in _make_request","logger":"task.stderr"}
{"timestamp":"2026-03-03T04:42:12.006855Z","level":"error","event":"    conn.request(","logger":"task.stderr"}
{"timestamp":"2026-03-03T04:42:12.045682Z","level":"error","event":"  File \"/home/airflow/.local/lib/python3.12/site-packages/urllib3/connection.py\", line 500, in request","logger":"task.stderr"}
{"timestamp":"2026-03-03T04:42:12.077418Z","level":"error","event":"    self.endheaders()","logger":"task.stderr"}
{"timestamp":"2026-03-03T04:42:12.090425Z","level":"error","event":"  File \"/usr/python/lib/python3.12/http/client.py\", line 1333, in endheaders","logger":"task.stderr"}
{"timestamp":"2026-03-03T04:42:12.093367Z","level":"error","event":"    self._send_output(message_body, encode_chunked=encode_chunked)","logger":"task.stderr"}
{"timestamp":"2026-03-03T04:42:12.109056Z","level":"error","event":"  File \"/usr/python/lib/python3.12/http/client.py\", line 1093, in _send_output","logger":"task.stderr"}
{"timestamp":"2026-03-03T04:42:12.112117Z","level":"error","event":"    self.send(msg)","logger":"task.stderr"}
{"timestamp":"2026-03-03T04:42:12.143569Z","level":"error","event":"  File \"/usr/python/lib/python3.12/http/client.py\", line 1037, in send","logger":"task.stderr"}
{"timestamp":"2026-03-03T04:42:12.147765Z","level":"error","event":"    self.connect()","logger":"task.stderr"}
{"timestamp":"2026-03-03T04:42:12.178220Z","level":"error","event":"  File \"/home/airflow/.local/lib/python3.12/site-packages/urllib3/connection.py\", line 331, in connect","logger":"task.stderr"}
{"timestamp":"2026-03-03T04:42:12.181059Z","level":"error","event":"    self.sock = self._new_conn()","logger":"task.stderr"}
{"timestamp":"2026-03-03T04:42:12.233374Z","level":"error","event":"                ^^^^^^^^^^^^^^^^","logger":"task.stderr"}
{"timestamp":"2026-03-03T04:42:12.244519Z","level":"error","event":"  File \"/home/airflow/.local/lib/python3.12/site-packages/urllib3/connection.py\", line 219, in _new_conn","logger":"task.stderr"}
{"timestamp":"2026-03-03T04:42:12.262094Z","level":"error","event":"    raise NewConnectionError(","logger":"task.stderr"}
{"timestamp":"2026-03-03T04:42:12.277324Z","level":"error","event":"urllib3.exceptions.NewConnectionError: HTTPConnection(host='mlflow', port=5000): Failed to establish a new connection: [Errno 111] Connection refused","logger":"task.stderr"}
{"timestamp":"2026-03-03T04:42:12.356395Z","level":"error","event":"","logger":"task.stderr"}
{"timestamp":"2026-03-03T04:42:12.385410Z","level":"error","event":"The above exception was the direct cause of the following exception:","logger":"task.stderr"}
{"timestamp":"2026-03-03T04:42:12.410139Z","level":"error","event":"","logger":"task.stderr"}
{"timestamp":"2026-03-03T04:42:12.412808Z","level":"error","event":"Traceback (most recent call last):","logger":"task.stderr"}
{"timestamp":"2026-03-03T04:42:12.432014Z","level":"error","event":"  File \"/home/airflow/.local/lib/python3.12/site-packages/requests/adapters.py\", line 644, in send","logger":"task.stderr"}
{"timestamp":"2026-03-03T04:42:12.448529Z","level":"error","event":"    resp = conn.urlopen(","logger":"task.stderr"}
{"timestamp":"2026-03-03T04:42:12.457445Z","level":"error","event":"           ^^^^^^^^^^^^^","logger":"task.stderr"}
{"timestamp":"2026-03-03T04:42:12.473740Z","level":"error","event":"  File \"/home/airflow/.local/lib/python3.12/site-packages/urllib3/connectionpool.py\", line 871, in urlopen","logger":"task.stderr"}
{"timestamp":"2026-03-03T04:42:12.480353Z","level":"error","event":"    return self.urlopen(","logger":"task.stderr"}
{"timestamp":"2026-03-03T04:42:12.491735Z","level":"error","event":"           ^^^^^^^^^^^^^","logger":"task.stderr"}
{"timestamp":"2026-03-03T04:42:12.514399Z","level":"error","event":"  File \"/home/airflow/.local/lib/python3.12/site-packages/urllib3/connectionpool.py\", line 871, in urlopen","logger":"task.stderr"}
{"timestamp":"2026-03-03T04:42:12.561788Z","level":"error","event":"    return self.urlopen(","logger":"task.stderr"}
{"timestamp":"2026-03-03T04:42:12.577543Z","level":"error","event":"           ^^^^^^^^^^^^^","logger":"task.stderr"}
{"timestamp":"2026-03-03T04:42:12.593524Z","level":"error","event":"  File \"/home/airflow/.local/lib/python3.12/site-packages/urllib3/connectionpool.py\", line 871, in urlopen","logger":"task.stderr"}
{"timestamp":"2026-03-03T04:42:12.596504Z","level":"error","event":"    return self.urlopen(","logger":"task.stderr"}
{"timestamp":"2026-03-03T04:42:12.644230Z","level":"error","event":"           ^^^^^^^^^^^^^","logger":"task.stderr"}
{"timestamp":"2026-03-03T04:42:12.979592Z","level":"error","event":"  [Previous line repeated 4 more times]","logger":"task.stderr"}
{"timestamp":"2026-03-03T04:42:12.995236Z","level":"error","event":"  File \"/home/airflow/.local/lib/python3.12/site-packages/urllib3/connectionpool.py\", line 841, in urlopen","logger":"task.stderr"}
{"timestamp":"2026-03-03T04:42:13.015280Z","level":"error","event":"    retries = retries.increment(","logger":"task.stderr"}
{"timestamp":"2026-03-03T04:42:13.018655Z","level":"error","event":"              ^^^^^^^^^^^^^^^^^^","logger":"task.stderr"}
{"timestamp":"2026-03-03T04:42:13.048117Z","level":"error","event":"  File \"/home/airflow/.local/lib/python3.12/site-packages/urllib3/util/retry.py\", line 535, in increment","logger":"task.stderr"}
{"timestamp":"2026-03-03T04:42:13.063376Z","level":"error","event":"    raise MaxRetryError(_pool, url, reason) from reason  # type: ignore[arg-type]","logger":"task.stderr"}
{"timestamp":"2026-03-03T04:42:13.080845Z","level":"error","event":"    ^^^^^^^^^^^^^^^^^^^^^^^^^^^^^^^^^^^^^^^^^^^^^^^^^^^","logger":"task.stderr"}
{"timestamp":"2026-03-03T04:42:13.095323Z","level":"error","event":"urllib3.exceptions.MaxRetryError: HTTPConnectionPool(host='mlflow', port=5000): Max retries exceeded with url: /api/2.0/mlflow/experiments/get-by-name?experiment_name=milestone3 (Caused by NewConnectionError(\"HTTPConnection(host='mlflow', port=5000): Failed to establish a new connection: [Errno 111] Connection refused\"))","logger":"task.stderr"}
{"timestamp":"2026-03-03T04:42:13.111542Z","level":"error","event":"","logger":"task.stderr"}
{"timestamp":"2026-03-03T04:42:13.127703Z","level":"error","event":"During handling of the above exception, another exception occurred:","logger":"task.stderr"}
{"timestamp":"2026-03-03T04:42:13.143409Z","level":"error","event":"","logger":"task.stderr"}
{"timestamp":"2026-03-03T04:42:13.145763Z","level":"error","event":"Traceback (most recent call last):","logger":"task.stderr"}
{"timestamp":"2026-03-03T04:42:13.160504Z","level":"error","event":"  File \"/home/airflow/.local/lib/python3.12/site-packages/mlflow/utils/rest_utils.py\", line 258, in http_request","logger":"task.stderr"}
{"timestamp":"2026-03-03T04:42:13.161954Z","level":"error","event":"    return _get_http_response_with_retries(","logger":"task.stderr"}
{"timestamp":"2026-03-03T04:42:13.162922Z","level":"error","event":"           ^^^^^^^^^^^^^^^^^^^^^^^^^^^^^^^^","logger":"task.stderr"}
{"timestamp":"2026-03-03T04:42:13.175959Z","level":"error","event":"  File \"/home/airflow/.local/lib/python3.12/site-packages/mlflow/utils/request_utils.py\", line 237, in _get_http_response_with_retries","logger":"task.stderr"}
{"timestamp":"2026-03-03T04:42:13.176974Z","level":"error","event":"    return session.request(method, url, allow_redirects=allow_redirects, **kwargs)","logger":"task.stderr"}
{"timestamp":"2026-03-03T04:42:13.177918Z","level":"error","event":"           ^^^^^^^^^^^^^^^^^^^^^^^^^^^^^^^^^^^^^^^^^^^^^^^^^^^^^^^^^^^^^^^^^^^^^^^","logger":"task.stderr"}
{"timestamp":"2026-03-03T04:42:13.179844Z","level":"error","event":"  File \"/home/airflow/.local/lib/python3.12/site-packages/requests/sessions.py\", line 589, in request","logger":"task.stderr"}
{"timestamp":"2026-03-03T04:42:13.180833Z","level":"error","event":"    resp = self.send(prep, **send_kwargs)","logger":"task.stderr"}
{"timestamp":"2026-03-03T04:42:13.211585Z","level":"error","event":"           ^^^^^^^^^^^^^^^^^^^^^^^^^^^^^^","logger":"task.stderr"}
{"timestamp":"2026-03-03T04:42:13.271559Z","level":"error","event":"  File \"/home/airflow/.local/lib/python3.12/site-packages/requests/sessions.py\", line 703, in send","logger":"task.stderr"}
{"timestamp":"2026-03-03T04:42:13.286550Z","level":"error","event":"    r = adapter.send(request, **kwargs)","logger":"task.stderr"}
{"timestamp":"2026-03-03T04:42:13.302637Z","level":"error","event":"        ^^^^^^^^^^^^^^^^^^^^^^^^^^^^^^^","logger":"task.stderr"}
{"timestamp":"2026-03-03T04:42:13.306142Z","level":"error","event":"  File \"/home/airflow/.local/lib/python3.12/site-packages/requests/adapters.py\", line 677, in send","logger":"task.stderr"}
{"timestamp":"2026-03-03T04:42:13.322185Z","level":"error","event":"    raise ConnectionError(e, request=request)","logger":"task.stderr"}
{"timestamp":"2026-03-03T04:42:13.340185Z","level":"error","event":"requests.exceptions.ConnectionError: HTTPConnectionPool(host='mlflow', port=5000): Max retries exceeded with url: /api/2.0/mlflow/experiments/get-by-name?experiment_name=milestone3 (Caused by NewConnectionError(\"HTTPConnection(host='mlflow', port=5000): Failed to establish a new connection: [Errno 111] Connection refused\"))","logger":"task.stderr"}
{"timestamp":"2026-03-03T04:42:13.371047Z","level":"error","event":"","logger":"task.stderr"}
{"timestamp":"2026-03-03T04:42:13.383720Z","level":"error","event":"During handling of the above exception, another exception occurred:","logger":"task.stderr"}
{"timestamp":"2026-03-03T04:42:13.400343Z","level":"error","event":"","logger":"task.stderr"}
{"timestamp":"2026-03-03T04:42:13.416226Z","level":"error","event":"Traceback (most recent call last):","logger":"task.stderr"}
{"timestamp":"2026-03-03T04:42:13.420285Z","level":"error","event":"  File \"/opt/airflow/dags/train.py\", line 35, in <module>","logger":"task.stderr"}
{"timestamp":"2026-03-03T04:42:13.450316Z","level":"error","event":"    main()","logger":"task.stderr"}
{"timestamp":"2026-03-03T04:42:13.452086Z","level":"error","event":"  File \"/opt/airflow/dags/train.py\", line 15, in main","logger":"task.stderr"}
{"timestamp":"2026-03-03T04:42:13.480365Z","level":"error","event":"    mlflow.set_experiment(\"milestone3\")","logger":"task.stderr"}
{"timestamp":"2026-03-03T04:42:13.484515Z","level":"error","event":"  File \"/home/airflow/.local/lib/python3.12/site-packages/mlflow/tracking/fluent.py\", line 194, in set_experiment","logger":"task.stderr"}
{"timestamp":"2026-03-03T04:42:13.528334Z","level":"error","event":"    experiment = client.get_experiment_by_name(experiment_name)","logger":"task.stderr"}
{"timestamp":"2026-03-03T04:42:13.529924Z","level":"error","event":"                 ^^^^^^^^^^^^^^^^^^^^^^^^^^^^^^^^^^^^^^^^^^^^^^","logger":"task.stderr"}
{"timestamp":"2026-03-03T04:42:13.531125Z","level":"error","event":"  File \"/home/airflow/.local/lib/python3.12/site-packages/mlflow/tracking/_tracking_service/client.py\", line 283, in get_experiment_by_name","logger":"task.stderr"}
{"timestamp":"2026-03-03T04:42:13.532427Z","level":"error","event":"    return self.store.get_experiment_by_name(name)","logger":"task.stderr"}
{"timestamp":"2026-03-03T04:42:13.544321Z","level":"error","event":"           ^^^^^^^^^^^^^^^^^^^^^^^^^^^^^^^^^^^^^^^","logger":"task.stderr"}
{"timestamp":"2026-03-03T04:42:13.545859Z","level":"error","event":"  File \"/home/airflow/.local/lib/python3.12/site-packages/mlflow/store/tracking/rest_store.py\", line 965, in get_experiment_by_name","logger":"task.stderr"}
{"timestamp":"2026-03-03T04:42:13.547305Z","level":"error","event":"    response_proto = self._call_endpoint(GetExperimentByName, req_body)","logger":"task.stderr"}
{"timestamp":"2026-03-03T04:42:13.565695Z","level":"error","event":"                     ^^^^^^^^^^^^^^^^^^^^^^^^^^^^^^^^^^^^^^^^^^^^^^^^^^","logger":"task.stderr"}
{"timestamp":"2026-03-03T04:42:13.583728Z","level":"error","event":"  File \"/home/airflow/.local/lib/python3.12/site-packages/mlflow/store/tracking/rest_store.py\", line 233, in _call_endpoint","logger":"task.stderr"}
{"timestamp":"2026-03-03T04:42:13.598554Z","level":"error","event":"    return call_endpoint(","logger":"task.stderr"}
{"timestamp":"2026-03-03T04:42:13.613412Z","level":"error","event":"           ^^^^^^^^^^^^^^","logger":"task.stderr"}
{"timestamp":"2026-03-03T04:42:13.629117Z","level":"error","event":"  File \"/home/airflow/.local/lib/python3.12/site-packages/mlflow/utils/rest_utils.py\", line 622, in call_endpoint","logger":"task.stderr"}
{"timestamp":"2026-03-03T04:42:13.645625Z","level":"error","event":"    response = http_request(**call_kwargs)","logger":"task.stderr"}
{"timestamp":"2026-03-03T04:42:13.661448Z","level":"error","event":"               ^^^^^^^^^^^^^^^^^^^^^^^^^^^","logger":"task.stderr"}
{"timestamp":"2026-03-03T04:42:13.686830Z","level":"error","event":"  File \"/home/airflow/.local/lib/python3.12/site-packages/mlflow/utils/rest_utils.py\", line 281, in http_request","logger":"task.stderr"}
{"timestamp":"2026-03-03T04:42:13.689103Z","level":"error","event":"    raise MlflowException(f\"API request to {url} failed with exception {e}\")","logger":"task.stderr"}
{"timestamp":"2026-03-03T04:42:13.719526Z","level":"error","event":"mlflow.exceptions.MlflowException: API request to http://mlflow:5000/api/2.0/mlflow/experiments/get-by-name failed with exception HTTPConnectionPool(host='mlflow', port=5000): Max retries exceeded with url: /api/2.0/mlflow/experiments/get-by-name?experiment_name=milestone3 (Caused by NewConnectionError(\"HTTPConnection(host='mlflow', port=5000): Failed to establish a new connection: [Errno 111] Connection refused\"))","logger":"task.stderr"}
{"timestamp":"2026-03-03T04:42:23.649722Z","level":"error","event":"Task failed with exception","logger":"task","filename":"task_runner.py","lineno":1142,"error_detail":[{"exc_type":"CalledProcessError","exc_value":"Command '['python', '/opt/airflow/dags/train.py', '1.0']' returned non-zero exit status 1.","exc_notes":[],"syntax_error":null,"is_cause":false,"frames":[{"filename":"/home/airflow/.local/lib/python3.12/site-packages/airflow/sdk/execution_time/task_runner.py","lineno":1068,"name":"run"},{"filename":"/home/airflow/.local/lib/python3.12/site-packages/airflow/sdk/execution_time/task_runner.py","lineno":1477,"name":"_execute_task"},{"filename":"/home/airflow/.local/lib/python3.12/site-packages/airflow/sdk/bases/operator.py","lineno":417,"name":"wrapper"},{"filename":"/home/airflow/.local/lib/python3.12/site-packages/airflow/providers/standard/operators/python.py","lineno":228,"name":"execute"},{"filename":"/home/airflow/.local/lib/python3.12/site-packages/airflow/providers/standard/operators/python.py","lineno":251,"name":"execute_callable"},{"filename":"/home/airflow/.local/lib/python3.12/site-packages/airflow/sdk/execution_time/callback_runner.py","lineno":82,"name":"run"},{"filename":"/opt/airflow/dags/train_pipeline.py","lineno":40,"name":"train_model"},{"filename":"/usr/python/lib/python3.12/subprocess.py","lineno":571,"name":"run"}],"is_group":false,"exceptions":[]}]}
