{"timestamp":"2026-03-03T05:44:22.564689Z","level":"info","event":"DAG bundles loaded: dags-folder","logger":"airflow.dag_processing.bundles.manager.DagBundlesManager","filename":"manager.py","lineno":179}
{"timestamp":"2026-03-03T05:44:22.566870Z","level":"info","event":"Filling up the DagBag from /opt/airflow/dags/train_pipeline.py","logger":"airflow.models.dagbag.BundleDagBag","filename":"dagbag.py","lineno":593}
{"timestamp":"2026-03-03T05:44:23.523797Z","level":"info","event":"Training with C = 1.0","logger":"task.stdout"}
{"timestamp":"2026-03-03T05:44:26.435094Z","level":"error","event":"2026/03/03 05:44:26 WARNING mlflow.models.model: `artifact_path` is deprecated. Please use `name` instead.","logger":"task.stderr"}
{"timestamp":"2026-03-03T05:44:26.522418Z","level":"info","event":"Training with C = 1.0","logger":"task.stdout"}
{"timestamp":"2026-03-03T05:44:26.522860Z","level":"info","event":"Tracking URI: http://mlflow:5000","logger":"task.stdout"}
{"timestamp":"2026-03-03T05:44:26.523285Z","level":"info","event":"🏃 View run bustling-mouse-920 at: http://mlflow:5000/#/experiments/1/runs/68cc692d06f94ba1a2ba6a8c89bfe809","logger":"task.stdout"}
{"timestamp":"2026-03-03T05:44:26.523930Z","level":"info","event":"🧪 View experiment at: http://mlflow:5000/#/experiments/1","logger":"task.stdout"}
{"timestamp":"2026-03-03T05:44:26.524429Z","level":"error","event":"Traceback (most recent call last):","logger":"task.stderr"}
{"timestamp":"2026-03-03T05:44:26.524854Z","level":"error","event":"  File \"/opt/airflow/dags/train.py\", line 46, in <module>","logger":"task.stderr"}
{"timestamp":"2026-03-03T05:44:26.526347Z","level":"error","event":"    main()","logger":"task.stderr"}
{"timestamp":"2026-03-03T05:44:26.526980Z","level":"error","event":"  File \"/opt/airflow/dags/train.py\", line 39, in main","logger":"task.stderr"}
{"timestamp":"2026-03-03T05:44:26.532409Z","level":"error","event":"    mlflow.sklearn.log_model(","logger":"task.stderr"}
{"timestamp":"2026-03-03T05:44:26.532840Z","level":"error","event":"  File \"/home/airflow/.local/lib/python3.12/site-packages/mlflow/sklearn/__init__.py\", line 477, in log_model","logger":"task.stderr"}
{"timestamp":"2026-03-03T05:44:26.533358Z","level":"error","event":"    return Model.log(","logger":"task.stderr"}
{"timestamp":"2026-03-03T05:44:26.533757Z","level":"error","event":"           ^^^^^^^^^^","logger":"task.stderr"}
{"timestamp":"2026-03-03T05:44:26.534111Z","level":"error","event":"  File \"/home/airflow/.local/lib/python3.12/site-packages/mlflow/models/model.py\", line 1161, in log","logger":"task.stderr"}
{"timestamp":"2026-03-03T05:44:26.534453Z","level":"error","event":"    model = _create_logged_model(","logger":"task.stderr"}
{"timestamp":"2026-03-03T05:44:26.534806Z","level":"error","event":"            ^^^^^^^^^^^^^^^^^^^^^","logger":"task.stderr"}
{"timestamp":"2026-03-03T05:44:26.535112Z","level":"error","event":"  File \"/home/airflow/.local/lib/python3.12/site-packages/mlflow/tracking/fluent.py\", line 2442, in _create_logged_model","logger":"task.stderr"}
{"timestamp":"2026-03-03T05:44:26.535392Z","level":"error","event":"    return MlflowClient()._create_logged_model(","logger":"task.stderr"}
{"timestamp":"2026-03-03T05:44:26.535638Z","level":"error","event":"           ^^^^^^^^^^^^^^^^^^^^^^^^^^^^^^^^^^^^","logger":"task.stderr"}
{"timestamp":"2026-03-03T05:44:26.535980Z","level":"error","event":"  File \"/home/airflow/.local/lib/python3.12/site-packages/mlflow/tracking/client.py\", line 5778, in _create_logged_model","logger":"task.stderr"}
{"timestamp":"2026-03-03T05:44:26.536270Z","level":"error","event":"    return self._tracking_client.create_logged_model(","logger":"task.stderr"}
{"timestamp":"2026-03-03T05:44:26.536573Z","level":"error","event":"           ^^^^^^^^^^^^^^^^^^^^^^^^^^^^^^^^^^^^^^^^^^","logger":"task.stderr"}
{"timestamp":"2026-03-03T05:44:26.536927Z","level":"error","event":"  File \"/home/airflow/.local/lib/python3.12/site-packages/mlflow/telemetry/track.py\", line 30, in wrapper","logger":"task.stderr"}
{"timestamp":"2026-03-03T05:44:26.537240Z","level":"error","event":"    result = func(*args, **kwargs)","logger":"task.stderr"}
{"timestamp":"2026-03-03T05:44:26.537582Z","level":"error","event":"             ^^^^^^^^^^^^^^^^^^^^^","logger":"task.stderr"}
{"timestamp":"2026-03-03T05:44:26.537846Z","level":"error","event":"  File \"/home/airflow/.local/lib/python3.12/site-packages/mlflow/tracking/_tracking_service/client.py\", line 879, in create_logged_model","logger":"task.stderr"}
{"timestamp":"2026-03-03T05:44:26.538141Z","level":"error","event":"    return self.store.create_logged_model(","logger":"task.stderr"}
{"timestamp":"2026-03-03T05:44:26.538413Z","level":"error","event":"           ^^^^^^^^^^^^^^^^^^^^^^^^^^^^^^^","logger":"task.stderr"}
{"timestamp":"2026-03-03T05:44:26.538703Z","level":"error","event":"  File \"/home/airflow/.local/lib/python3.12/site-packages/mlflow/store/tracking/rest_store.py\", line 1032, in create_logged_model","logger":"task.stderr"}
{"timestamp":"2026-03-03T05:44:26.538989Z","level":"error","event":"    response_proto = self._call_endpoint(CreateLoggedModel, req_body)","logger":"task.stderr"}
{"timestamp":"2026-03-03T05:44:26.539307Z","level":"error","event":"                     ^^^^^^^^^^^^^^^^^^^^^^^^^^^^^^^^^^^^^^^^^^^^^^^^","logger":"task.stderr"}
{"timestamp":"2026-03-03T05:44:26.539678Z","level":"error","event":"  File \"/home/airflow/.local/lib/python3.12/site-packages/mlflow/store/tracking/rest_store.py\", line 233, in _call_endpoint","logger":"task.stderr"}
{"timestamp":"2026-03-03T05:44:26.539934Z","level":"error","event":"    return call_endpoint(","logger":"task.stderr"}
{"timestamp":"2026-03-03T05:44:26.540178Z","level":"error","event":"           ^^^^^^^^^^^^^^","logger":"task.stderr"}
{"timestamp":"2026-03-03T05:44:26.540420Z","level":"error","event":"  File \"/home/airflow/.local/lib/python3.12/site-packages/mlflow/utils/rest_utils.py\", line 627, in call_endpoint","logger":"task.stderr"}
{"timestamp":"2026-03-03T05:44:26.540661Z","level":"error","event":"    response = verify_rest_response(","logger":"task.stderr"}
{"timestamp":"2026-03-03T05:44:26.540906Z","level":"error","event":"               ^^^^^^^^^^^^^^^^^^^^^","logger":"task.stderr"}
{"timestamp":"2026-03-03T05:44:26.541146Z","level":"error","event":"  File \"/home/airflow/.local/lib/python3.12/site-packages/mlflow/utils/rest_utils.py\", line 348, in verify_rest_response","logger":"task.stderr"}
{"timestamp":"2026-03-03T05:44:26.541459Z","level":"error","event":"    raise MlflowException(","logger":"task.stderr"}
{"timestamp":"2026-03-03T05:44:26.541782Z","level":"error","event":"mlflow.exceptions.MlflowException: API request to endpoint /api/2.0/mlflow/logged-models failed with error code 404 != 200. Response body: '<!doctype html>","logger":"task.stderr"}
{"timestamp":"2026-03-03T05:44:26.542073Z","level":"error","event":"<html lang=en>","logger":"task.stderr"}
{"timestamp":"2026-03-03T05:44:26.542366Z","level":"error","event":"<title>404 Not Found</title>","logger":"task.stderr"}
{"timestamp":"2026-03-03T05:44:26.542636Z","level":"error","event":"<h1>Not Found</h1>","logger":"task.stderr"}
{"timestamp":"2026-03-03T05:44:26.542889Z","level":"error","event":"<p>The requested URL was not found on the server. If you entered the URL manually please check your spelling and try again.</p>","logger":"task.stderr"}
{"timestamp":"2026-03-03T05:44:26.543142Z","level":"error","event":"'","logger":"task.stderr"}
{"timestamp":"2026-03-03T05:44:26.914993Z","level":"error","event":"Task failed with exception","logger":"task","filename":"task_runner.py","lineno":1142,"error_detail":[{"exc_type":"CalledProcessError","exc_value":"Command '['python', '/opt/airflow/dags/train.py', '1.0']' returned non-zero exit status 1.","exc_notes":[],"syntax_error":null,"is_cause":false,"frames":[{"filename":"/home/airflow/.local/lib/python3.12/site-packages/airflow/sdk/execution_time/task_runner.py","lineno":1068,"name":"run"},{"filename":"/home/airflow/.local/lib/python3.12/site-packages/airflow/sdk/execution_time/task_runner.py","lineno":1477,"name":"_execute_task"},{"filename":"/home/airflow/.local/lib/python3.12/site-packages/airflow/sdk/bases/operator.py","lineno":417,"name":"wrapper"},{"filename":"/home/airflow/.local/lib/python3.12/site-packages/airflow/providers/standard/operators/python.py","lineno":228,"name":"execute"},{"filename":"/home/airflow/.local/lib/python3.12/site-packages/airflow/providers/standard/operators/python.py","lineno":251,"name":"execute_callable"},{"filename":"/home/airflow/.local/lib/python3.12/site-packages/airflow/sdk/execution_time/callback_runner.py","lineno":82,"name":"run"},{"filename":"/opt/airflow/dags/train_pipeline.py","lineno":40,"name":"train_model"},{"filename":"/usr/python/lib/python3.12/subprocess.py","lineno":571,"name":"run"}],"is_group":false,"exceptions":[]}]}
{"timestamp":"2026-03-03T05:44:26.917425Z","level":"info","event":"Task failed: train_model","logger":"task.stdout"}
