{"timestamp":"2026-03-02T22:13:36.856398Z","level":"info","event":"DAG bundles loaded: dags-folder","logger":"airflow.dag_processing.bundles.manager.DagBundlesManager","filename":"manager.py","lineno":179}
{"timestamp":"2026-03-02T22:13:36.859126Z","level":"info","event":"Filling up the DagBag from /opt/airflow/dags/train_pipeline.py","logger":"airflow.models.dagbag.BundleDagBag","filename":"dagbag.py","lineno":593}
{"timestamp":"2026-03-02T22:13:38.788572Z","level":"warning","event":"The `airflow.operators.python.PythonOperator` attribute is deprecated. Please use `'airflow.providers.standard.operators.python.PythonOperator'`.","category":"DeprecatedImportWarning","filename":"/opt/airflow/dags/train_pipeline.py","lineno":2,"logger":"py.warnings"}
{"timestamp":"2026-03-02T22:13:46.241618Z","level":"error","event":"2026/03/02 22:13:46 INFO mlflow.store.db.utils: Creating initial MLflow database tables...","logger":"task.stderr"}
{"timestamp":"2026-03-02T22:13:46.245588Z","level":"error","event":"2026/03/02 22:13:46 INFO mlflow.store.db.utils: Updating database tables","logger":"task.stderr"}
{"timestamp":"2026-03-02T22:13:46.329940Z","level":"info","event":"Training with C = 1.0","logger":"task.stdout"}
{"timestamp":"2026-03-02T22:13:46.330650Z","level":"error","event":"Traceback (most recent call last):","logger":"task.stderr"}
{"timestamp":"2026-03-02T22:13:46.331259Z","level":"error","event":"  File \"/home/airflow/.local/lib/python3.12/site-packages/sqlalchemy/engine/base.py\", line 1967, in _exec_single_context","logger":"task.stderr"}
{"timestamp":"2026-03-02T22:13:46.331766Z","level":"error","event":"    self.dialect.do_execute(","logger":"task.stderr"}
{"timestamp":"2026-03-02T22:13:46.332436Z","level":"error","event":"  File \"/home/airflow/.local/lib/python3.12/site-packages/sqlalchemy/engine/default.py\", line 952, in do_execute","logger":"task.stderr"}
{"timestamp":"2026-03-02T22:13:46.332837Z","level":"error","event":"    cursor.execute(statement, parameters)","logger":"task.stderr"}
{"timestamp":"2026-03-02T22:13:46.333245Z","level":"error","event":"sqlite3.OperationalError: duplicate column name: step","logger":"task.stderr"}
{"timestamp":"2026-03-02T22:13:46.333664Z","level":"error","event":"","logger":"task.stderr"}
{"timestamp":"2026-03-02T22:13:46.334061Z","level":"error","event":"The above exception was the direct cause of the following exception:","logger":"task.stderr"}
{"timestamp":"2026-03-02T22:13:46.334555Z","level":"error","event":"","logger":"task.stderr"}
{"timestamp":"2026-03-02T22:13:46.334919Z","level":"error","event":"Traceback (most recent call last):","logger":"task.stderr"}
{"timestamp":"2026-03-02T22:13:46.335435Z","level":"error","event":"  File \"/opt/airflow/dags/train.py\", line 39, in <module>","logger":"task.stderr"}
{"timestamp":"2026-03-02T22:13:46.335965Z","level":"error","event":"    main()","logger":"task.stderr"}
{"timestamp":"2026-03-02T22:13:46.336294Z","level":"error","event":"  File \"/opt/airflow/dags/train.py\", line 15, in main","logger":"task.stderr"}
{"timestamp":"2026-03-02T22:13:46.339152Z","level":"error","event":"    mlflow.set_experiment(\"milestone3\")","logger":"task.stderr"}
{"timestamp":"2026-03-02T22:13:46.339688Z","level":"error","event":"  File \"/home/airflow/.local/lib/python3.12/site-packages/mlflow/tracking/fluent.py\", line 190, in set_experiment","logger":"task.stderr"}
{"timestamp":"2026-03-02T22:13:46.340229Z","level":"error","event":"    client = TrackingServiceClient(_resolve_tracking_uri())","logger":"task.stderr"}
{"timestamp":"2026-03-02T22:13:46.340597Z","level":"error","event":"             ^^^^^^^^^^^^^^^^^^^^^^^^^^^^^^^^^^^^^^^^^^^^^^","logger":"task.stderr"}
{"timestamp":"2026-03-02T22:13:46.341075Z","level":"error","event":"  File \"/home/airflow/.local/lib/python3.12/site-packages/mlflow/tracking/_tracking_service/client.py\", line 99, in __init__","logger":"task.stderr"}
{"timestamp":"2026-03-02T22:13:46.341413Z","level":"error","event":"    self.store","logger":"task.stderr"}
{"timestamp":"2026-03-02T22:13:46.341768Z","level":"error","event":"  File \"/home/airflow/.local/lib/python3.12/site-packages/mlflow/tracking/_tracking_service/client.py\", line 103, in store","logger":"task.stderr"}
{"timestamp":"2026-03-02T22:13:46.342254Z","level":"error","event":"    return utils._get_store(self.tracking_uri)","logger":"task.stderr"}
{"timestamp":"2026-03-02T22:13:46.342749Z","level":"error","event":"           ^^^^^^^^^^^^^^^^^^^^^^^^^^^^^^^^^^^","logger":"task.stderr"}
{"timestamp":"2026-03-02T22:13:46.343078Z","level":"error","event":"  File \"/home/airflow/.local/lib/python3.12/site-packages/mlflow/tracking/_tracking_service/utils.py\", line 270, in _get_store","logger":"task.stderr"}
{"timestamp":"2026-03-02T22:13:46.343495Z","level":"error","event":"    return _tracking_store_registry.get_store(store_uri, artifact_uri)","logger":"task.stderr"}
{"timestamp":"2026-03-02T22:13:46.343869Z","level":"error","event":"           ^^^^^^^^^^^^^^^^^^^^^^^^^^^^^^^^^^^^^^^^^^^^^^^^^^^^^^^^^^^","logger":"task.stderr"}
{"timestamp":"2026-03-02T22:13:46.344199Z","level":"error","event":"  File \"/home/airflow/.local/lib/python3.12/site-packages/mlflow/tracking/_tracking_service/registry.py\", line 45, in get_store","logger":"task.stderr"}
{"timestamp":"2026-03-02T22:13:46.344546Z","level":"error","event":"    return self._get_store_with_resolved_uri(resolved_store_uri, artifact_uri)","logger":"task.stderr"}
{"timestamp":"2026-03-02T22:13:46.344867Z","level":"error","event":"           ^^^^^^^^^^^^^^^^^^^^^^^^^^^^^^^^^^^^^^^^^^^^^^^^^^^^^^^^^^^^^^^^^^^","logger":"task.stderr"}
{"timestamp":"2026-03-02T22:13:46.345186Z","level":"error","event":"  File \"/home/airflow/.local/lib/python3.12/site-packages/mlflow/tracking/_tracking_service/registry.py\", line 56, in _get_store_with_resolved_uri","logger":"task.stderr"}
{"timestamp":"2026-03-02T22:13:46.345476Z","level":"error","event":"    return builder(store_uri=resolved_store_uri, artifact_uri=artifact_uri)","logger":"task.stderr"}
{"timestamp":"2026-03-02T22:13:46.345870Z","level":"error","event":"           ^^^^^^^^^^^^^^^^^^^^^^^^^^^^^^^^^^^^^^^^^^^^^^^^^^^^^^^^^^^^^^^^","logger":"task.stderr"}
{"timestamp":"2026-03-02T22:13:46.346252Z","level":"error","event":"  File \"/home/airflow/.local/lib/python3.12/site-packages/mlflow/tracking/_tracking_service/utils.py\", line 201, in _get_sqlalchemy_store","logger":"task.stderr"}
{"timestamp":"2026-03-02T22:13:46.346675Z","level":"error","event":"    return store_cls(store_uri, artifact_uri)","logger":"task.stderr"}
{"timestamp":"2026-03-02T22:13:46.347060Z","level":"error","event":"           ^^^^^^^^^^^^^^^^^^^^^^^^^^^^^^^^^^","logger":"task.stderr"}
{"timestamp":"2026-03-02T22:13:46.347418Z","level":"error","event":"  File \"/home/airflow/.local/lib/python3.12/site-packages/mlflow/store/tracking/sqlalchemy_store.py\", line 299, in __init__","logger":"task.stderr"}
{"timestamp":"2026-03-02T22:13:46.347845Z","level":"error","event":"    mlflow.store.db.utils._initialize_tables(self.engine)","logger":"task.stderr"}
{"timestamp":"2026-03-02T22:13:46.348198Z","level":"error","event":"  File \"/home/airflow/.local/lib/python3.12/site-packages/mlflow/store/db/utils.py\", line 121, in _initialize_tables","logger":"task.stderr"}
{"timestamp":"2026-03-02T22:13:46.348532Z","level":"error","event":"    _upgrade_db(engine)","logger":"task.stderr"}
{"timestamp":"2026-03-02T22:13:46.349000Z","level":"error","event":"  File \"/home/airflow/.local/lib/python3.12/site-packages/mlflow/store/db/utils.py\", line 289, in _upgrade_db","logger":"task.stderr"}
{"timestamp":"2026-03-02T22:13:46.349537Z","level":"error","event":"    command.upgrade(config, \"heads\")","logger":"task.stderr"}
{"timestamp":"2026-03-02T22:13:46.349852Z","level":"error","event":"  File \"/home/airflow/.local/lib/python3.12/site-packages/alembic/command.py\", line 483, in upgrade","logger":"task.stderr"}
{"timestamp":"2026-03-02T22:13:46.350130Z","level":"error","event":"    script.run_env()","logger":"task.stderr"}
{"timestamp":"2026-03-02T22:13:46.350384Z","level":"error","event":"  File \"/home/airflow/.local/lib/python3.12/site-packages/alembic/script/base.py\", line 545, in run_env","logger":"task.stderr"}
{"timestamp":"2026-03-02T22:13:46.350674Z","level":"error","event":"    util.load_python_file(self.dir, \"env.py\")","logger":"task.stderr"}
{"timestamp":"2026-03-02T22:13:46.350936Z","level":"error","event":"  File \"/home/airflow/.local/lib/python3.12/site-packages/alembic/util/pyfiles.py\", line 116, in load_python_file","logger":"task.stderr"}
{"timestamp":"2026-03-02T22:13:46.351182Z","level":"error","event":"    module = load_module_py(module_id, path)","logger":"task.stderr"}
{"timestamp":"2026-03-02T22:13:46.351425Z","level":"error","event":"             ^^^^^^^^^^^^^^^^^^^^^^^^^^^^^^^","logger":"task.stderr"}
{"timestamp":"2026-03-02T22:13:46.351711Z","level":"error","event":"  File \"/home/airflow/.local/lib/python3.12/site-packages/alembic/util/pyfiles.py\", line 136, in load_module_py","logger":"task.stderr"}
{"timestamp":"2026-03-02T22:13:46.352230Z","level":"error","event":"    spec.loader.exec_module(module)  # type: ignore","logger":"task.stderr"}
{"timestamp":"2026-03-02T22:13:46.352696Z","level":"error","event":"    ^^^^^^^^^^^^^^^^^^^^^^^^^^^^^^^","logger":"task.stderr"}
{"timestamp":"2026-03-02T22:13:46.353067Z","level":"error","event":"  File \"<frozen importlib._bootstrap_external>\", line 999, in exec_module","logger":"task.stderr"}
{"timestamp":"2026-03-02T22:13:46.353466Z","level":"error","event":"  File \"<frozen importlib._bootstrap>\", line 488, in _call_with_frames_removed","logger":"task.stderr"}
{"timestamp":"2026-03-02T22:13:46.353875Z","level":"error","event":"  File \"/home/airflow/.local/lib/python3.12/site-packages/mlflow/store/db_migrations/env.py\", line 78, in <module>","logger":"task.stderr"}
{"timestamp":"2026-03-02T22:13:46.354247Z","level":"error","event":"    run_migrations_online()","logger":"task.stderr"}
{"timestamp":"2026-03-02T22:13:46.354546Z","level":"error","event":"  File \"/home/airflow/.local/lib/python3.12/site-packages/mlflow/store/db_migrations/env.py\", line 72, in run_migrations_online","logger":"task.stderr"}
{"timestamp":"2026-03-02T22:13:46.354924Z","level":"error","event":"    context.run_migrations()","logger":"task.stderr"}
{"timestamp":"2026-03-02T22:13:46.355711Z","level":"error","event":"  File \"<string>\", line 8, in run_migrations","logger":"task.stderr"}
{"timestamp":"2026-03-02T22:13:46.356077Z","level":"error","event":"  File \"/home/airflow/.local/lib/python3.12/site-packages/alembic/runtime/environment.py\", line 969, in run_migrations","logger":"task.stderr"}
{"timestamp":"2026-03-02T22:13:46.356508Z","level":"error","event":"    self.get_context().run_migrations(**kw)","logger":"task.stderr"}
{"timestamp":"2026-03-02T22:13:46.356869Z","level":"error","event":"  File \"/home/airflow/.local/lib/python3.12/site-packages/alembic/runtime/migration.py\", line 626, in run_migrations","logger":"task.stderr"}
{"timestamp":"2026-03-02T22:13:46.357524Z","level":"error","event":"    step.migration_fn(**kw)","logger":"task.stderr"}
{"timestamp":"2026-03-02T22:13:46.358053Z","level":"error","event":"  File \"/home/airflow/.local/lib/python3.12/site-packages/mlflow/store/db_migrations/versions/451aebb31d03_add_metric_step.py\", line 18, in upgrade","logger":"task.stderr"}
{"timestamp":"2026-03-02T22:13:46.358439Z","level":"error","event":"    op.add_column(\"metrics\", sa.Column(\"step\", sa.BigInteger(), nullable=False, server_default=\"0\"))","logger":"task.stderr"}
{"timestamp":"2026-03-02T22:13:46.359033Z","level":"error","event":"  File \"<string>\", line 8, in add_column","logger":"task.stderr"}
{"timestamp":"2026-03-02T22:13:46.359409Z","level":"error","event":"  File \"<string>\", line 3, in add_column","logger":"task.stderr"}
{"timestamp":"2026-03-02T22:13:46.359744Z","level":"error","event":"  File \"/home/airflow/.local/lib/python3.12/site-packages/alembic/operations/ops.py\", line 2210, in add_column","logger":"task.stderr"}
{"timestamp":"2026-03-02T22:13:46.360184Z","level":"error","event":"    return operations.invoke(op)","logger":"task.stderr"}
{"timestamp":"2026-03-02T22:13:46.360637Z","level":"error","event":"           ^^^^^^^^^^^^^^^^^^^^^","logger":"task.stderr"}
{"timestamp":"2026-03-02T22:13:46.361130Z","level":"error","event":"  File \"/home/airflow/.local/lib/python3.12/site-packages/alembic/operations/base.py\", line 452, in invoke","logger":"task.stderr"}
{"timestamp":"2026-03-02T22:13:46.361536Z","level":"error","event":"    return fn(self, operation)","logger":"task.stderr"}
{"timestamp":"2026-03-02T22:13:46.361862Z","level":"error","event":"           ^^^^^^^^^^^^^^^^^^^","logger":"task.stderr"}
{"timestamp":"2026-03-02T22:13:46.362165Z","level":"error","event":"  File \"/home/airflow/.local/lib/python3.12/site-packages/alembic/operations/toimpl.py\", line 181, in add_column","logger":"task.stderr"}
{"timestamp":"2026-03-02T22:13:46.362482Z","level":"error","event":"    operations.impl.add_column(","logger":"task.stderr"}
{"timestamp":"2026-03-02T22:13:46.362825Z","level":"error","event":"  File \"/home/airflow/.local/lib/python3.12/site-packages/alembic/ddl/impl.py\", line 391, in add_column","logger":"task.stderr"}
{"timestamp":"2026-03-02T22:13:46.363131Z","level":"error","event":"    self._exec(","logger":"task.stderr"}
{"timestamp":"2026-03-02T22:13:46.363390Z","level":"error","event":"  File \"/home/airflow/.local/lib/python3.12/site-packages/alembic/ddl/impl.py\", line 256, in _exec","logger":"task.stderr"}
{"timestamp":"2026-03-02T22:13:46.363628Z","level":"error","event":"    return conn.execute(construct, params)","logger":"task.stderr"}
{"timestamp":"2026-03-02T22:13:46.363940Z","level":"error","event":"           ^^^^^^^^^^^^^^^^^^^^^^^^^^^^^^^","logger":"task.stderr"}
{"timestamp":"2026-03-02T22:13:46.364391Z","level":"error","event":"  File \"/home/airflow/.local/lib/python3.12/site-packages/sqlalchemy/engine/base.py\", line 1419, in execute","logger":"task.stderr"}
{"timestamp":"2026-03-02T22:13:46.364777Z","level":"error","event":"    return meth(","logger":"task.stderr"}
{"timestamp":"2026-03-02T22:13:46.365081Z","level":"error","event":"           ^^^^^","logger":"task.stderr"}
{"timestamp":"2026-03-02T22:13:46.365400Z","level":"error","event":"  File \"/home/airflow/.local/lib/python3.12/site-packages/sqlalchemy/sql/ddl.py\", line 187, in _execute_on_connection","logger":"task.stderr"}
{"timestamp":"2026-03-02T22:13:46.365796Z","level":"error","event":"    return connection._execute_ddl(","logger":"task.stderr"}
{"timestamp":"2026-03-02T22:13:46.366131Z","level":"error","event":"           ^^^^^^^^^^^^^^^^^^^^^^^^","logger":"task.stderr"}
{"timestamp":"2026-03-02T22:13:46.366531Z","level":"error","event":"  File \"/home/airflow/.local/lib/python3.12/site-packages/sqlalchemy/engine/base.py\", line 1530, in _execute_ddl","logger":"task.stderr"}
{"timestamp":"2026-03-02T22:13:46.366893Z","level":"error","event":"    ret = self._execute_context(","logger":"task.stderr"}
{"timestamp":"2026-03-02T22:13:46.367270Z","level":"error","event":"          ^^^^^^^^^^^^^^^^^^^^^^","logger":"task.stderr"}
{"timestamp":"2026-03-02T22:13:46.367696Z","level":"error","event":"  File \"/home/airflow/.local/lib/python3.12/site-packages/sqlalchemy/engine/base.py\", line 1846, in _execute_context","logger":"task.stderr"}
{"timestamp":"2026-03-02T22:13:46.368058Z","level":"error","event":"    return self._exec_single_context(","logger":"task.stderr"}
{"timestamp":"2026-03-02T22:13:46.368453Z","level":"error","event":"           ^^^^^^^^^^^^^^^^^^^^^^^^^^","logger":"task.stderr"}
{"timestamp":"2026-03-02T22:13:46.368793Z","level":"error","event":"  File \"/home/airflow/.local/lib/python3.12/site-packages/sqlalchemy/engine/base.py\", line 1986, in _exec_single_context","logger":"task.stderr"}
{"timestamp":"2026-03-02T22:13:46.369152Z","level":"error","event":"    self._handle_dbapi_exception(","logger":"task.stderr"}
{"timestamp":"2026-03-02T22:13:46.369796Z","level":"error","event":"  File \"/home/airflow/.local/lib/python3.12/site-packages/sqlalchemy/engine/base.py\", line 2363, in _handle_dbapi_exception","logger":"task.stderr"}
{"timestamp":"2026-03-02T22:13:46.370132Z","level":"error","event":"    raise sqlalchemy_exception.with_traceback(exc_info[2]) from e","logger":"task.stderr"}
{"timestamp":"2026-03-02T22:13:46.370461Z","level":"error","event":"  File \"/home/airflow/.local/lib/python3.12/site-packages/sqlalchemy/engine/base.py\", line 1967, in _exec_single_context","logger":"task.stderr"}
{"timestamp":"2026-03-02T22:13:46.370680Z","level":"error","event":"    self.dialect.do_execute(","logger":"task.stderr"}
{"timestamp":"2026-03-02T22:13:46.370882Z","level":"error","event":"  File \"/home/airflow/.local/lib/python3.12/site-packages/sqlalchemy/engine/default.py\", line 952, in do_execute","logger":"task.stderr"}
{"timestamp":"2026-03-02T22:13:46.371086Z","level":"error","event":"    cursor.execute(statement, parameters)","logger":"task.stderr"}
{"timestamp":"2026-03-02T22:13:46.371399Z","level":"error","event":"sqlalchemy.exc.OperationalError: (sqlite3.OperationalError) duplicate column name: step","logger":"task.stderr"}
{"timestamp":"2026-03-02T22:13:46.371847Z","level":"error","event":"[SQL: ALTER TABLE metrics ADD COLUMN step BIGINT DEFAULT '0' NOT NULL]","logger":"task.stderr"}
{"timestamp":"2026-03-02T22:13:46.372289Z","level":"error","event":"(Background on this error at: https://sqlalche.me/e/20/e3q8)","logger":"task.stderr"}
{"timestamp":"2026-03-02T22:13:46.859788Z","level":"error","event":"Task failed with exception","logger":"task","filename":"task_runner.py","lineno":1142,"error_detail":[{"exc_type":"CalledProcessError","exc_value":"Command '['python', '/opt/airflow/dags/train.py']' returned non-zero exit status 1.","exc_notes":[],"syntax_error":null,"is_cause":false,"frames":[{"filename":"/home/airflow/.local/lib/python3.12/site-packages/airflow/sdk/execution_time/task_runner.py","lineno":1068,"name":"run"},{"filename":"/home/airflow/.local/lib/python3.12/site-packages/airflow/sdk/execution_time/task_runner.py","lineno":1477,"name":"_execute_task"},{"filename":"/home/airflow/.local/lib/python3.12/site-packages/airflow/sdk/bases/operator.py","lineno":417,"name":"wrapper"},{"filename":"/home/airflow/.local/lib/python3.12/site-packages/airflow/providers/standard/operators/python.py","lineno":228,"name":"execute"},{"filename":"/home/airflow/.local/lib/python3.12/site-packages/airflow/providers/standard/operators/python.py","lineno":251,"name":"execute_callable"},{"filename":"/home/airflow/.local/lib/python3.12/site-packages/airflow/sdk/execution_time/callback_runner.py","lineno":82,"name":"run"},{"filename":"/opt/airflow/dags/train_pipeline.py","lineno":25,"name":"train_model"},{"filename":"/usr/python/lib/python3.12/subprocess.py","lineno":571,"name":"run"}],"is_group":false,"exceptions":[]}]}
