{"timestamp":"2026-03-02T21:59:01.355612Z","level":"info","event":"DAG bundles loaded: dags-folder","logger":"airflow.dag_processing.bundles.manager.DagBundlesManager","filename":"manager.py","lineno":179}
{"timestamp":"2026-03-02T21:59:01.357969Z","level":"info","event":"Filling up the DagBag from /opt/airflow/dags/train_pipeline.py","logger":"airflow.models.dagbag.BundleDagBag","filename":"dagbag.py","lineno":593}
{"timestamp":"2026-03-02T21:59:02.921795Z","level":"warning","event":"The `airflow.operators.python.PythonOperator` attribute is deprecated. Please use `'airflow.providers.standard.operators.python.PythonOperator'`.","category":"DeprecatedImportWarning","filename":"/opt/airflow/dags/train_pipeline.py","lineno":2,"logger":"py.warnings"}
{"timestamp":"2026-03-02T21:59:09.406337Z","level":"error","event":"2026/03/02 21:59:09 INFO mlflow.store.db.utils: Creating initial MLflow database tables...","logger":"task.stderr"}
{"timestamp":"2026-03-02T21:59:09.411434Z","level":"error","event":"2026/03/02 21:59:09 INFO mlflow.store.db.utils: Updating database tables","logger":"task.stderr"}
{"timestamp":"2026-03-02T21:59:09.543927Z","level":"info","event":"Training with C = 1.0","logger":"task.stdout"}
{"timestamp":"2026-03-02T21:59:09.544782Z","level":"error","event":"Traceback (most recent call last):","logger":"task.stderr"}
{"timestamp":"2026-03-02T21:59:09.545524Z","level":"error","event":"  File \"/home/airflow/.local/lib/python3.12/site-packages/sqlalchemy/engine/base.py\", line 1967, in _exec_single_context","logger":"task.stderr"}
{"timestamp":"2026-03-02T21:59:09.546127Z","level":"error","event":"    self.dialect.do_execute(","logger":"task.stderr"}
{"timestamp":"2026-03-02T21:59:09.546546Z","level":"error","event":"  File \"/home/airflow/.local/lib/python3.12/site-packages/sqlalchemy/engine/default.py\", line 952, in do_execute","logger":"task.stderr"}
{"timestamp":"2026-03-02T21:59:09.546965Z","level":"error","event":"    cursor.execute(statement, parameters)","logger":"task.stderr"}
{"timestamp":"2026-03-02T21:59:09.547385Z","level":"error","event":"sqlite3.OperationalError: duplicate column name: step","logger":"task.stderr"}
{"timestamp":"2026-03-02T21:59:09.547899Z","level":"error","event":"","logger":"task.stderr"}
{"timestamp":"2026-03-02T21:59:09.548312Z","level":"error","event":"The above exception was the direct cause of the following exception:","logger":"task.stderr"}
{"timestamp":"2026-03-02T21:59:09.548767Z","level":"error","event":"","logger":"task.stderr"}
{"timestamp":"2026-03-02T21:59:09.549205Z","level":"error","event":"Traceback (most recent call last):","logger":"task.stderr"}
{"timestamp":"2026-03-02T21:59:09.549661Z","level":"error","event":"  File \"/opt/airflow/dags/train.py\", line 39, in <module>","logger":"task.stderr"}
{"timestamp":"2026-03-02T21:59:09.550154Z","level":"error","event":"    main()","logger":"task.stderr"}
{"timestamp":"2026-03-02T21:59:09.550528Z","level":"error","event":"  File \"/opt/airflow/dags/train.py\", line 15, in main","logger":"task.stderr"}
{"timestamp":"2026-03-02T21:59:09.552709Z","level":"error","event":"    mlflow.set_experiment(\"milestone3\")","logger":"task.stderr"}
{"timestamp":"2026-03-02T21:59:09.553227Z","level":"error","event":"  File \"/home/airflow/.local/lib/python3.12/site-packages/mlflow/tracking/fluent.py\", line 190, in set_experiment","logger":"task.stderr"}
{"timestamp":"2026-03-02T21:59:09.553839Z","level":"error","event":"    client = TrackingServiceClient(_resolve_tracking_uri())","logger":"task.stderr"}
{"timestamp":"2026-03-02T21:59:09.554310Z","level":"error","event":"             ^^^^^^^^^^^^^^^^^^^^^^^^^^^^^^^^^^^^^^^^^^^^^^","logger":"task.stderr"}
{"timestamp":"2026-03-02T21:59:09.554788Z","level":"error","event":"  File \"/home/airflow/.local/lib/python3.12/site-packages/mlflow/tracking/_tracking_service/client.py\", line 99, in __init__","logger":"task.stderr"}
{"timestamp":"2026-03-02T21:59:09.555231Z","level":"error","event":"    self.store","logger":"task.stderr"}
{"timestamp":"2026-03-02T21:59:09.555661Z","level":"error","event":"  File \"/home/airflow/.local/lib/python3.12/site-packages/mlflow/tracking/_tracking_service/client.py\", line 103, in store","logger":"task.stderr"}
{"timestamp":"2026-03-02T21:59:09.556214Z","level":"error","event":"    return utils._get_store(self.tracking_uri)","logger":"task.stderr"}
{"timestamp":"2026-03-02T21:59:09.556661Z","level":"error","event":"           ^^^^^^^^^^^^^^^^^^^^^^^^^^^^^^^^^^^","logger":"task.stderr"}
{"timestamp":"2026-03-02T21:59:09.557135Z","level":"error","event":"  File \"/home/airflow/.local/lib/python3.12/site-packages/mlflow/tracking/_tracking_service/utils.py\", line 270, in _get_store","logger":"task.stderr"}
{"timestamp":"2026-03-02T21:59:09.557581Z","level":"error","event":"    return _tracking_store_registry.get_store(store_uri, artifact_uri)","logger":"task.stderr"}
{"timestamp":"2026-03-02T21:59:09.558008Z","level":"error","event":"           ^^^^^^^^^^^^^^^^^^^^^^^^^^^^^^^^^^^^^^^^^^^^^^^^^^^^^^^^^^^","logger":"task.stderr"}
{"timestamp":"2026-03-02T21:59:09.558413Z","level":"error","event":"  File \"/home/airflow/.local/lib/python3.12/site-packages/mlflow/tracking/_tracking_service/registry.py\", line 45, in get_store","logger":"task.stderr"}
{"timestamp":"2026-03-02T21:59:09.558903Z","level":"error","event":"    return self._get_store_with_resolved_uri(resolved_store_uri, artifact_uri)","logger":"task.stderr"}
{"timestamp":"2026-03-02T21:59:09.559372Z","level":"error","event":"           ^^^^^^^^^^^^^^^^^^^^^^^^^^^^^^^^^^^^^^^^^^^^^^^^^^^^^^^^^^^^^^^^^^^","logger":"task.stderr"}
{"timestamp":"2026-03-02T21:59:09.559885Z","level":"error","event":"  File \"/home/airflow/.local/lib/python3.12/site-packages/mlflow/tracking/_tracking_service/registry.py\", line 56, in _get_store_with_resolved_uri","logger":"task.stderr"}
{"timestamp":"2026-03-02T21:59:09.560549Z","level":"error","event":"    return builder(store_uri=resolved_store_uri, artifact_uri=artifact_uri)","logger":"task.stderr"}
{"timestamp":"2026-03-02T21:59:09.561076Z","level":"error","event":"           ^^^^^^^^^^^^^^^^^^^^^^^^^^^^^^^^^^^^^^^^^^^^^^^^^^^^^^^^^^^^^^^^","logger":"task.stderr"}
{"timestamp":"2026-03-02T21:59:09.561530Z","level":"error","event":"  File \"/home/airflow/.local/lib/python3.12/site-packages/mlflow/tracking/_tracking_service/utils.py\", line 201, in _get_sqlalchemy_store","logger":"task.stderr"}
{"timestamp":"2026-03-02T21:59:09.561954Z","level":"error","event":"    return store_cls(store_uri, artifact_uri)","logger":"task.stderr"}
{"timestamp":"2026-03-02T21:59:09.562401Z","level":"error","event":"           ^^^^^^^^^^^^^^^^^^^^^^^^^^^^^^^^^^","logger":"task.stderr"}
{"timestamp":"2026-03-02T21:59:09.562853Z","level":"error","event":"  File \"/home/airflow/.local/lib/python3.12/site-packages/mlflow/store/tracking/sqlalchemy_store.py\", line 299, in __init__","logger":"task.stderr"}
{"timestamp":"2026-03-02T21:59:09.563283Z","level":"error","event":"    mlflow.store.db.utils._initialize_tables(self.engine)","logger":"task.stderr"}
{"timestamp":"2026-03-02T21:59:09.563768Z","level":"error","event":"  File \"/home/airflow/.local/lib/python3.12/site-packages/mlflow/store/db/utils.py\", line 121, in _initialize_tables","logger":"task.stderr"}
{"timestamp":"2026-03-02T21:59:09.564200Z","level":"error","event":"    _upgrade_db(engine)","logger":"task.stderr"}
{"timestamp":"2026-03-02T21:59:09.564613Z","level":"error","event":"  File \"/home/airflow/.local/lib/python3.12/site-packages/mlflow/store/db/utils.py\", line 289, in _upgrade_db","logger":"task.stderr"}
{"timestamp":"2026-03-02T21:59:09.565030Z","level":"error","event":"    command.upgrade(config, \"heads\")","logger":"task.stderr"}
{"timestamp":"2026-03-02T21:59:09.565757Z","level":"error","event":"  File \"/home/airflow/.local/lib/python3.12/site-packages/alembic/command.py\", line 483, in upgrade","logger":"task.stderr"}
{"timestamp":"2026-03-02T21:59:09.566196Z","level":"error","event":"    script.run_env()","logger":"task.stderr"}
{"timestamp":"2026-03-02T21:59:09.566540Z","level":"error","event":"  File \"/home/airflow/.local/lib/python3.12/site-packages/alembic/script/base.py\", line 545, in run_env","logger":"task.stderr"}
{"timestamp":"2026-03-02T21:59:09.566919Z","level":"error","event":"    util.load_python_file(self.dir, \"env.py\")","logger":"task.stderr"}
{"timestamp":"2026-03-02T21:59:09.567298Z","level":"error","event":"  File \"/home/airflow/.local/lib/python3.12/site-packages/alembic/util/pyfiles.py\", line 116, in load_python_file","logger":"task.stderr"}
{"timestamp":"2026-03-02T21:59:09.567660Z","level":"error","event":"    module = load_module_py(module_id, path)","logger":"task.stderr"}
{"timestamp":"2026-03-02T21:59:09.568077Z","level":"error","event":"             ^^^^^^^^^^^^^^^^^^^^^^^^^^^^^^^","logger":"task.stderr"}
{"timestamp":"2026-03-02T21:59:09.568442Z","level":"error","event":"  File \"/home/airflow/.local/lib/python3.12/site-packages/alembic/util/pyfiles.py\", line 136, in load_module_py","logger":"task.stderr"}
{"timestamp":"2026-03-02T21:59:09.568782Z","level":"error","event":"    spec.loader.exec_module(module)  # type: ignore","logger":"task.stderr"}
{"timestamp":"2026-03-02T21:59:09.569108Z","level":"error","event":"    ^^^^^^^^^^^^^^^^^^^^^^^^^^^^^^^","logger":"task.stderr"}
{"timestamp":"2026-03-02T21:59:09.569472Z","level":"error","event":"  File \"<frozen importlib._bootstrap_external>\", line 999, in exec_module","logger":"task.stderr"}
{"timestamp":"2026-03-02T21:59:09.569811Z","level":"error","event":"  File \"<frozen importlib._bootstrap>\", line 488, in _call_with_frames_removed","logger":"task.stderr"}
{"timestamp":"2026-03-02T21:59:09.570235Z","level":"error","event":"  File \"/home/airflow/.local/lib/python3.12/site-packages/mlflow/store/db_migrations/env.py\", line 78, in <module>","logger":"task.stderr"}
{"timestamp":"2026-03-02T21:59:09.570765Z","level":"error","event":"    run_migrations_online()","logger":"task.stderr"}
{"timestamp":"2026-03-02T21:59:09.571125Z","level":"error","event":"  File \"/home/airflow/.local/lib/python3.12/site-packages/mlflow/store/db_migrations/env.py\", line 72, in run_migrations_online","logger":"task.stderr"}
{"timestamp":"2026-03-02T21:59:09.571442Z","level":"error","event":"    context.run_migrations()","logger":"task.stderr"}
{"timestamp":"2026-03-02T21:59:09.571761Z","level":"error","event":"  File \"<string>\", line 8, in run_migrations","logger":"task.stderr"}
{"timestamp":"2026-03-02T21:59:09.572097Z","level":"error","event":"  File \"/home/airflow/.local/lib/python3.12/site-packages/alembic/runtime/environment.py\", line 969, in run_migrations","logger":"task.stderr"}
{"timestamp":"2026-03-02T21:59:09.572449Z","level":"error","event":"    self.get_context().run_migrations(**kw)","logger":"task.stderr"}
{"timestamp":"2026-03-02T21:59:09.572752Z","level":"error","event":"  File \"/home/airflow/.local/lib/python3.12/site-packages/alembic/runtime/migration.py\", line 626, in run_migrations","logger":"task.stderr"}
{"timestamp":"2026-03-02T21:59:09.573069Z","level":"error","event":"    step.migration_fn(**kw)","logger":"task.stderr"}
{"timestamp":"2026-03-02T21:59:09.573392Z","level":"error","event":"  File \"/home/airflow/.local/lib/python3.12/site-packages/mlflow/store/db_migrations/versions/451aebb31d03_add_metric_step.py\", line 18, in upgrade","logger":"task.stderr"}
{"timestamp":"2026-03-02T21:59:09.573727Z","level":"error","event":"    op.add_column(\"metrics\", sa.Column(\"step\", sa.BigInteger(), nullable=False, server_default=\"0\"))","logger":"task.stderr"}
{"timestamp":"2026-03-02T21:59:09.574055Z","level":"error","event":"  File \"<string>\", line 8, in add_column","logger":"task.stderr"}
{"timestamp":"2026-03-02T21:59:09.574355Z","level":"error","event":"  File \"<string>\", line 3, in add_column","logger":"task.stderr"}
{"timestamp":"2026-03-02T21:59:09.574672Z","level":"error","event":"  File \"/home/airflow/.local/lib/python3.12/site-packages/alembic/operations/ops.py\", line 2210, in add_column","logger":"task.stderr"}
{"timestamp":"2026-03-02T21:59:09.575022Z","level":"error","event":"    return operations.invoke(op)","logger":"task.stderr"}
{"timestamp":"2026-03-02T21:59:09.575414Z","level":"error","event":"           ^^^^^^^^^^^^^^^^^^^^^","logger":"task.stderr"}
{"timestamp":"2026-03-02T21:59:09.576403Z","level":"error","event":"  File \"/home/airflow/.local/lib/python3.12/site-packages/alembic/operations/base.py\", line 452, in invoke","logger":"task.stderr"}
{"timestamp":"2026-03-02T21:59:09.577032Z","level":"error","event":"    return fn(self, operation)","logger":"task.stderr"}
{"timestamp":"2026-03-02T21:59:09.577602Z","level":"error","event":"           ^^^^^^^^^^^^^^^^^^^","logger":"task.stderr"}
{"timestamp":"2026-03-02T21:59:09.578103Z","level":"error","event":"  File \"/home/airflow/.local/lib/python3.12/site-packages/alembic/operations/toimpl.py\", line 181, in add_column","logger":"task.stderr"}
{"timestamp":"2026-03-02T21:59:09.578681Z","level":"error","event":"    operations.impl.add_column(","logger":"task.stderr"}
{"timestamp":"2026-03-02T21:59:09.579139Z","level":"error","event":"  File \"/home/airflow/.local/lib/python3.12/site-packages/alembic/ddl/impl.py\", line 391, in add_column","logger":"task.stderr"}
{"timestamp":"2026-03-02T21:59:09.579611Z","level":"error","event":"    self._exec(","logger":"task.stderr"}
{"timestamp":"2026-03-02T21:59:09.580156Z","level":"error","event":"  File \"/home/airflow/.local/lib/python3.12/site-packages/alembic/ddl/impl.py\", line 256, in _exec","logger":"task.stderr"}
{"timestamp":"2026-03-02T21:59:09.580658Z","level":"error","event":"    return conn.execute(construct, params)","logger":"task.stderr"}
{"timestamp":"2026-03-02T21:59:09.581058Z","level":"error","event":"           ^^^^^^^^^^^^^^^^^^^^^^^^^^^^^^^","logger":"task.stderr"}
{"timestamp":"2026-03-02T21:59:09.581493Z","level":"error","event":"  File \"/home/airflow/.local/lib/python3.12/site-packages/sqlalchemy/engine/base.py\", line 1419, in execute","logger":"task.stderr"}
{"timestamp":"2026-03-02T21:59:09.581929Z","level":"error","event":"    return meth(","logger":"task.stderr"}
{"timestamp":"2026-03-02T21:59:09.582353Z","level":"error","event":"           ^^^^^","logger":"task.stderr"}
{"timestamp":"2026-03-02T21:59:09.582732Z","level":"error","event":"  File \"/home/airflow/.local/lib/python3.12/site-packages/sqlalchemy/sql/ddl.py\", line 187, in _execute_on_connection","logger":"task.stderr"}
{"timestamp":"2026-03-02T21:59:09.583151Z","level":"error","event":"    return connection._execute_ddl(","logger":"task.stderr"}
{"timestamp":"2026-03-02T21:59:09.583627Z","level":"error","event":"           ^^^^^^^^^^^^^^^^^^^^^^^^","logger":"task.stderr"}
{"timestamp":"2026-03-02T21:59:09.584138Z","level":"error","event":"  File \"/home/airflow/.local/lib/python3.12/site-packages/sqlalchemy/engine/base.py\", line 1530, in _execute_ddl","logger":"task.stderr"}
{"timestamp":"2026-03-02T21:59:09.584511Z","level":"error","event":"    ret = self._execute_context(","logger":"task.stderr"}
{"timestamp":"2026-03-02T21:59:09.584896Z","level":"error","event":"          ^^^^^^^^^^^^^^^^^^^^^^","logger":"task.stderr"}
{"timestamp":"2026-03-02T21:59:09.585243Z","level":"error","event":"  File \"/home/airflow/.local/lib/python3.12/site-packages/sqlalchemy/engine/base.py\", line 1846, in _execute_context","logger":"task.stderr"}
{"timestamp":"2026-03-02T21:59:09.585543Z","level":"error","event":"    return self._exec_single_context(","logger":"task.stderr"}
{"timestamp":"2026-03-02T21:59:09.585864Z","level":"error","event":"           ^^^^^^^^^^^^^^^^^^^^^^^^^^","logger":"task.stderr"}
{"timestamp":"2026-03-02T21:59:09.586211Z","level":"error","event":"  File \"/home/airflow/.local/lib/python3.12/site-packages/sqlalchemy/engine/base.py\", line 1986, in _exec_single_context","logger":"task.stderr"}
{"timestamp":"2026-03-02T21:59:09.586618Z","level":"error","event":"    self._handle_dbapi_exception(","logger":"task.stderr"}
{"timestamp":"2026-03-02T21:59:09.587071Z","level":"error","event":"  File \"/home/airflow/.local/lib/python3.12/site-packages/sqlalchemy/engine/base.py\", line 2363, in _handle_dbapi_exception","logger":"task.stderr"}
{"timestamp":"2026-03-02T21:59:09.587473Z","level":"error","event":"    raise sqlalchemy_exception.with_traceback(exc_info[2]) from e","logger":"task.stderr"}
{"timestamp":"2026-03-02T21:59:09.587904Z","level":"error","event":"  File \"/home/airflow/.local/lib/python3.12/site-packages/sqlalchemy/engine/base.py\", line 1967, in _exec_single_context","logger":"task.stderr"}
{"timestamp":"2026-03-02T21:59:09.588299Z","level":"error","event":"    self.dialect.do_execute(","logger":"task.stderr"}
{"timestamp":"2026-03-02T21:59:09.588634Z","level":"error","event":"  File \"/home/airflow/.local/lib/python3.12/site-packages/sqlalchemy/engine/default.py\", line 952, in do_execute","logger":"task.stderr"}
{"timestamp":"2026-03-02T21:59:09.588998Z","level":"error","event":"    cursor.execute(statement, parameters)","logger":"task.stderr"}
{"timestamp":"2026-03-02T21:59:09.589317Z","level":"error","event":"sqlalchemy.exc.OperationalError: (sqlite3.OperationalError) duplicate column name: step","logger":"task.stderr"}
{"timestamp":"2026-03-02T21:59:09.589900Z","level":"error","event":"[SQL: ALTER TABLE metrics ADD COLUMN step BIGINT DEFAULT '0' NOT NULL]","logger":"task.stderr"}
{"timestamp":"2026-03-02T21:59:09.590312Z","level":"error","event":"(Background on this error at: https://sqlalche.me/e/20/e3q8)","logger":"task.stderr"}
{"timestamp":"2026-03-02T21:59:10.262914Z","level":"error","event":"Task failed with exception","logger":"task","filename":"task_runner.py","lineno":1142,"error_detail":[{"exc_type":"CalledProcessError","exc_value":"Command '['python', '/opt/airflow/dags/train.py']' returned non-zero exit status 1.","exc_notes":[],"syntax_error":null,"is_cause":false,"frames":[{"filename":"/home/airflow/.local/lib/python3.12/site-packages/airflow/sdk/execution_time/task_runner.py","lineno":1068,"name":"run"},{"filename":"/home/airflow/.local/lib/python3.12/site-packages/airflow/sdk/execution_time/task_runner.py","lineno":1477,"name":"_execute_task"},{"filename":"/home/airflow/.local/lib/python3.12/site-packages/airflow/sdk/bases/operator.py","lineno":417,"name":"wrapper"},{"filename":"/home/airflow/.local/lib/python3.12/site-packages/airflow/providers/standard/operators/python.py","lineno":228,"name":"execute"},{"filename":"/home/airflow/.local/lib/python3.12/site-packages/airflow/providers/standard/operators/python.py","lineno":251,"name":"execute_callable"},{"filename":"/home/airflow/.local/lib/python3.12/site-packages/airflow/sdk/execution_time/callback_runner.py","lineno":82,"name":"run"},{"filename":"/opt/airflow/dags/train_pipeline.py","lineno":25,"name":"train_model"},{"filename":"/usr/python/lib/python3.12/subprocess.py","lineno":571,"name":"run"}],"is_group":false,"exceptions":[]}]}
