{"timestamp":"2026-03-03T05:53:59.620264Z","level":"info","event":"DAG bundles loaded: dags-folder","logger":"airflow.dag_processing.bundles.manager.DagBundlesManager","filename":"manager.py","lineno":179}
{"timestamp":"2026-03-03T05:53:59.622786Z","level":"info","event":"Filling up the DagBag from /opt/airflow/dags/train_pipeline.py","logger":"airflow.models.dagbag.BundleDagBag","filename":"dagbag.py","lineno":593}
{"timestamp":"2026-03-03T05:54:00.748175Z","level":"warning","event":"pkg_resources is deprecated as an API. See https://setuptools.pypa.io/en/latest/pkg_resources.html. The pkg_resources package is slated for removal as early as 2025-11-30. Refrain from using this package or pin to Setuptools<81.","category":"UserWarning","filename":"/home/airflow/.local/lib/python3.12/site-packages/mlflow/utils/requirements_utils.py","lineno":20,"logger":"py.warnings"}
{"timestamp":"2026-03-03T05:54:00.779108Z","level":"info","event":"Training with C = 1.0","logger":"task.stdout"}
{"timestamp":"2026-03-03T05:54:01.734777Z","level":"error","event":"/home/airflow/.local/lib/python3.12/site-packages/mlflow/utils/requirements_utils.py:20: UserWarning: pkg_resources is deprecated as an API. See https://setuptools.pypa.io/en/latest/pkg_resources.html. The pkg_resources package is slated for removal as early as 2025-11-30. Refrain from using this package or pin to Setuptools<81.","logger":"task.stderr"}
{"timestamp":"2026-03-03T05:54:01.735313Z","level":"error","event":"  import pkg_resources  # noqa: TID251","logger":"task.stderr"}
{"timestamp":"2026-03-03T05:54:06.147030Z","level":"error","event":"2026/03/03 05:54:06 INFO mlflow.tracking.fluent: Experiment with name 'milestone3' does not exist. Creating a new experiment.","logger":"task.stderr"}
{"timestamp":"2026-03-03T05:54:06.740306Z","level":"info","event":"Training with C = 1.0","logger":"task.stdout"}
{"timestamp":"2026-03-03T05:54:06.740842Z","level":"error","event":"Traceback (most recent call last):","logger":"task.stderr"}
{"timestamp":"2026-03-03T05:54:06.741567Z","level":"error","event":"  File \"/opt/airflow/dags/train.py\", line 46, in <module>","logger":"task.stderr"}
{"timestamp":"2026-03-03T05:54:06.745126Z","level":"error","event":"    main()","logger":"task.stderr"}
{"timestamp":"2026-03-03T05:54:06.745680Z","level":"error","event":"  File \"/opt/airflow/dags/train.py\", line 25, in main","logger":"task.stderr"}
{"timestamp":"2026-03-03T05:54:06.748974Z","level":"error","event":"    mlflow.set_experiment(\"milestone3\")","logger":"task.stderr"}
{"timestamp":"2026-03-03T05:54:06.749707Z","level":"error","event":"  File \"/home/airflow/.local/lib/python3.12/site-packages/mlflow/tracking/fluent.py\", line 152, in set_experiment","logger":"task.stderr"}
{"timestamp":"2026-03-03T05:54:06.750219Z","level":"error","event":"    experiment_id = client.create_experiment(experiment_name)","logger":"task.stderr"}
{"timestamp":"2026-03-03T05:54:06.750666Z","level":"error","event":"                    ^^^^^^^^^^^^^^^^^^^^^^^^^^^^^^^^^^^^^^^^^","logger":"task.stderr"}
{"timestamp":"2026-03-03T05:54:06.751103Z","level":"error","event":"  File \"/home/airflow/.local/lib/python3.12/site-packages/mlflow/tracking/client.py\", line 598, in create_experiment","logger":"task.stderr"}
{"timestamp":"2026-03-03T05:54:06.751631Z","level":"error","event":"    return self._tracking_client.create_experiment(name, artifact_location, tags)","logger":"task.stderr"}
{"timestamp":"2026-03-03T05:54:06.752098Z","level":"error","event":"           ^^^^^^^^^^^^^^^^^^^^^^^^^^^^^^^^^^^^^^^^^^^^^^^^^^^^^^^^^^^^^^^^^^^^^^","logger":"task.stderr"}
{"timestamp":"2026-03-03T05:54:06.752722Z","level":"error","event":"  File \"/home/airflow/.local/lib/python3.12/site-packages/mlflow/tracking/_tracking_service/client.py\", line 254, in create_experiment","logger":"task.stderr"}
{"timestamp":"2026-03-03T05:54:06.753349Z","level":"error","event":"    return self.store.create_experiment(","logger":"task.stderr"}
{"timestamp":"2026-03-03T05:54:06.753722Z","level":"error","event":"           ^^^^^^^^^^^^^^^^^^^^^^^^^^^^^","logger":"task.stderr"}
{"timestamp":"2026-03-03T05:54:06.754138Z","level":"error","event":"  File \"/home/airflow/.local/lib/python3.12/site-packages/mlflow/store/tracking/rest_store.py\", line 101, in create_experiment","logger":"task.stderr"}
{"timestamp":"2026-03-03T05:54:06.754514Z","level":"error","event":"    response_proto = self._call_endpoint(CreateExperiment, req_body)","logger":"task.stderr"}
{"timestamp":"2026-03-03T05:54:06.754877Z","level":"error","event":"                     ^^^^^^^^^^^^^^^^^^^^^^^^^^^^^^^^^^^^^^^^^^^^^^^","logger":"task.stderr"}
{"timestamp":"2026-03-03T05:54:06.755168Z","level":"error","event":"  File \"/home/airflow/.local/lib/python3.12/site-packages/mlflow/store/tracking/rest_store.py\", line 60, in _call_endpoint","logger":"task.stderr"}
{"timestamp":"2026-03-03T05:54:06.755497Z","level":"error","event":"    return call_endpoint(self.get_host_creds(), endpoint, method, json_body, response_proto)","logger":"task.stderr"}
{"timestamp":"2026-03-03T05:54:06.755735Z","level":"error","event":"           ^^^^^^^^^^^^^^^^^^^^^^^^^^^^^^^^^^^^^^^^^^^^^^^^^^^^^^^^^^^^^^^^^^^^^^^^^^^^^^^^^","logger":"task.stderr"}
{"timestamp":"2026-03-03T05:54:06.755985Z","level":"error","event":"  File \"/home/airflow/.local/lib/python3.12/site-packages/mlflow/utils/rest_utils.py\", line 290, in call_endpoint","logger":"task.stderr"}
{"timestamp":"2026-03-03T05:54:06.756326Z","level":"error","event":"    response = verify_rest_response(response, endpoint)","logger":"task.stderr"}
{"timestamp":"2026-03-03T05:54:06.756633Z","level":"error","event":"               ^^^^^^^^^^^^^^^^^^^^^^^^^^^^^^^^^^^^^^^^","logger":"task.stderr"}
{"timestamp":"2026-03-03T05:54:06.756970Z","level":"error","event":"  File \"/home/airflow/.local/lib/python3.12/site-packages/mlflow/utils/rest_utils.py\", line 173, in verify_rest_response","logger":"task.stderr"}
{"timestamp":"2026-03-03T05:54:06.757288Z","level":"error","event":"    raise RestException(json.loads(response.text))","logger":"task.stderr"}
{"timestamp":"2026-03-03T05:54:06.757610Z","level":"error","event":"mlflow.exceptions.RestException: RESOURCE_ALREADY_EXISTS: Experiment(name=milestone3) already exists. Error: (raised as a result of Query-invoked autoflush; consider using a session.no_autoflush block if this flush is occurring prematurely)","logger":"task.stderr"}
{"timestamp":"2026-03-03T05:54:06.757922Z","level":"error","event":"(sqlite3.IntegrityError) UNIQUE constraint failed: experiments.name","logger":"task.stderr"}
{"timestamp":"2026-03-03T05:54:06.758163Z","level":"error","event":"[SQL: INSERT INTO experiments (name, artifact_location, lifecycle_stage, creation_time, last_update_time) VALUES (?, ?, ?, ?, ?)]","logger":"task.stderr"}
{"timestamp":"2026-03-03T05:54:06.758404Z","level":"error","event":"[parameters: ('milestone3', '', 'active', 1772517246736, 1772517246736)]","logger":"task.stderr"}
{"timestamp":"2026-03-03T05:54:06.758644Z","level":"error","event":"(Background on this error at: https://sqlalche.me/e/20/gkpj)","logger":"task.stderr"}
{"timestamp":"2026-03-03T05:54:07.039174Z","level":"error","event":"Task failed with exception","logger":"task","filename":"task_runner.py","lineno":1142,"error_detail":[{"exc_type":"CalledProcessError","exc_value":"Command '['python', '/opt/airflow/dags/train.py', '1.0']' returned non-zero exit status 1.","exc_notes":[],"syntax_error":null,"is_cause":false,"frames":[{"filename":"/home/airflow/.local/lib/python3.12/site-packages/airflow/sdk/execution_time/task_runner.py","lineno":1068,"name":"run"},{"filename":"/home/airflow/.local/lib/python3.12/site-packages/airflow/sdk/execution_time/task_runner.py","lineno":1477,"name":"_execute_task"},{"filename":"/home/airflow/.local/lib/python3.12/site-packages/airflow/sdk/bases/operator.py","lineno":417,"name":"wrapper"},{"filename":"/home/airflow/.local/lib/python3.12/site-packages/airflow/providers/standard/operators/python.py","lineno":228,"name":"execute"},{"filename":"/home/airflow/.local/lib/python3.12/site-packages/airflow/providers/standard/operators/python.py","lineno":251,"name":"execute_callable"},{"filename":"/home/airflow/.local/lib/python3.12/site-packages/airflow/sdk/execution_time/callback_runner.py","lineno":82,"name":"run"},{"filename":"/opt/airflow/dags/train_pipeline.py","lineno":40,"name":"train_model"},{"filename":"/usr/python/lib/python3.12/subprocess.py","lineno":571,"name":"run"}],"is_group":false,"exceptions":[]}]}
