{"timestamp":"2026-03-03T06:46:07.034930Z","level":"info","event":"DAG bundles loaded: dags-folder","logger":"airflow.dag_processing.bundles.manager.DagBundlesManager","filename":"manager.py","lineno":179}
{"timestamp":"2026-03-03T06:46:07.039641Z","level":"info","event":"Filling up the DagBag from /opt/airflow/dags/train_pipeline.py","logger":"airflow.models.dagbag.BundleDagBag","filename":"dagbag.py","lineno":593}
{"timestamp":"2026-03-03T06:46:08.971087Z","level":"warning","event":"pkg_resources is deprecated as an API. See https://setuptools.pypa.io/en/latest/pkg_resources.html. The pkg_resources package is slated for removal as early as 2025-11-30. Refrain from using this package or pin to Setuptools<81.","category":"UserWarning","filename":"/home/airflow/.local/lib/python3.12/site-packages/mlflow/utils/requirements_utils.py","lineno":20,"logger":"py.warnings"}
{"timestamp":"2026-03-03T06:46:09.007608Z","level":"info","event":"Training with C = 1.0","logger":"task.stdout"}
{"timestamp":"2026-03-03T06:46:10.354265Z","level":"error","event":"/home/airflow/.local/lib/python3.12/site-packages/mlflow/utils/requirements_utils.py:20: UserWarning: pkg_resources is deprecated as an API. See https://setuptools.pypa.io/en/latest/pkg_resources.html. The pkg_resources package is slated for removal as early as 2025-11-30. Refrain from using this package or pin to Setuptools<81.","logger":"task.stderr"}
{"timestamp":"2026-03-03T06:46:10.354854Z","level":"error","event":"  import pkg_resources  # noqa: TID251","logger":"task.stderr"}
{"timestamp":"2026-03-03T06:46:21.414442Z","level":"info","event":"Training with C = 1.0","logger":"task.stdout"}
{"timestamp":"2026-03-03T06:46:21.414963Z","level":"info","event":"Tracking URI: http://mlflow:5000","logger":"task.stdout"}
{"timestamp":"2026-03-03T06:46:21.415595Z","level":"error","event":"Traceback (most recent call last):","logger":"task.stderr"}
{"timestamp":"2026-03-03T06:46:21.415940Z","level":"error","event":"  File \"/opt/airflow/dags/train.py\", line 65, in <module>","logger":"task.stderr"}
{"timestamp":"2026-03-03T06:46:21.418035Z","level":"error","event":"    main()","logger":"task.stderr"}
{"timestamp":"2026-03-03T06:46:21.418538Z","level":"error","event":"  File \"/opt/airflow/dags/train.py\", line 56, in main","logger":"task.stderr"}
{"timestamp":"2026-03-03T06:46:21.420481Z","level":"error","event":"    mlflow.sklearn.log_model(","logger":"task.stderr"}
{"timestamp":"2026-03-03T06:46:21.420975Z","level":"error","event":"  File \"/home/airflow/.local/lib/python3.12/site-packages/mlflow/sklearn/__init__.py\", line 418, in log_model","logger":"task.stderr"}
{"timestamp":"2026-03-03T06:46:21.421528Z","level":"error","event":"    return Model.log(","logger":"task.stderr"}
{"timestamp":"2026-03-03T06:46:21.421928Z","level":"error","event":"           ^^^^^^^^^^","logger":"task.stderr"}
{"timestamp":"2026-03-03T06:46:21.422254Z","level":"error","event":"  File \"/home/airflow/.local/lib/python3.12/site-packages/mlflow/models/model.py\", line 656, in log","logger":"task.stderr"}
{"timestamp":"2026-03-03T06:46:21.422580Z","level":"error","event":"    mlflow.tracking.fluent.log_artifacts(local_path, mlflow_model.artifact_path, run_id)","logger":"task.stderr"}
{"timestamp":"2026-03-03T06:46:21.422919Z","level":"error","event":"  File \"/home/airflow/.local/lib/python3.12/site-packages/mlflow/tracking/fluent.py\", line 1096, in log_artifacts","logger":"task.stderr"}
{"timestamp":"2026-03-03T06:46:21.423398Z","level":"error","event":"    MlflowClient().log_artifacts(run_id, local_dir, artifact_path)","logger":"task.stderr"}
{"timestamp":"2026-03-03T06:46:21.423812Z","level":"error","event":"  File \"/home/airflow/.local/lib/python3.12/site-packages/mlflow/tracking/client.py\", line 1242, in log_artifacts","logger":"task.stderr"}
{"timestamp":"2026-03-03T06:46:21.424184Z","level":"error","event":"    self._tracking_client.log_artifacts(run_id, local_dir, artifact_path)","logger":"task.stderr"}
{"timestamp":"2026-03-03T06:46:21.424495Z","level":"error","event":"  File \"/home/airflow/.local/lib/python3.12/site-packages/mlflow/tracking/_tracking_service/client.py\", line 570, in log_artifacts","logger":"task.stderr"}
{"timestamp":"2026-03-03T06:46:21.424907Z","level":"error","event":"    self._get_artifact_repo(run_id).log_artifacts(local_dir, artifact_path)","logger":"task.stderr"}
{"timestamp":"2026-03-03T06:46:21.425281Z","level":"error","event":"  File \"/home/airflow/.local/lib/python3.12/site-packages/mlflow/store/artifact/local_artifact_repo.py\", line 60, in log_artifacts","logger":"task.stderr"}
{"timestamp":"2026-03-03T06:46:21.425596Z","level":"error","event":"    mkdir(artifact_dir)","logger":"task.stderr"}
{"timestamp":"2026-03-03T06:46:21.425898Z","level":"error","event":"  File \"/home/airflow/.local/lib/python3.12/site-packages/mlflow/utils/file_utils.py\", line 212, in mkdir","logger":"task.stderr"}
{"timestamp":"2026-03-03T06:46:21.426256Z","level":"error","event":"    raise e","logger":"task.stderr"}
{"timestamp":"2026-03-03T06:46:21.426680Z","level":"error","event":"  File \"/home/airflow/.local/lib/python3.12/site-packages/mlflow/utils/file_utils.py\", line 209, in mkdir","logger":"task.stderr"}
{"timestamp":"2026-03-03T06:46:21.427057Z","level":"error","event":"    os.makedirs(target)","logger":"task.stderr"}
{"timestamp":"2026-03-03T06:46:21.427398Z","level":"error","event":"  File \"<frozen os>\", line 215, in makedirs","logger":"task.stderr"}
{"timestamp":"2026-03-03T06:46:21.427763Z","level":"error","event":"  File \"<frozen os>\", line 215, in makedirs","logger":"task.stderr"}
{"timestamp":"2026-03-03T06:46:21.428075Z","level":"error","event":"  File \"<frozen os>\", line 215, in makedirs","logger":"task.stderr"}
{"timestamp":"2026-03-03T06:46:21.428353Z","level":"error","event":"  File \"<frozen os>\", line 225, in makedirs","logger":"task.stderr"}
{"timestamp":"2026-03-03T06:46:21.428639Z","level":"error","event":"PermissionError: [Errno 13] Permission denied: '/mlruns/1'","logger":"task.stderr"}
{"timestamp":"2026-03-03T06:46:22.057213Z","level":"error","event":"Task failed with exception","logger":"task","filename":"task_runner.py","lineno":1142,"error_detail":[{"exc_type":"CalledProcessError","exc_value":"Command '['python', '/opt/airflow/dags/train.py', '1.0']' returned non-zero exit status 1.","exc_notes":[],"syntax_error":null,"is_cause":false,"frames":[{"filename":"/home/airflow/.local/lib/python3.12/site-packages/airflow/sdk/execution_time/task_runner.py","lineno":1068,"name":"run"},{"filename":"/home/airflow/.local/lib/python3.12/site-packages/airflow/sdk/execution_time/task_runner.py","lineno":1477,"name":"_execute_task"},{"filename":"/home/airflow/.local/lib/python3.12/site-packages/airflow/sdk/bases/operator.py","lineno":417,"name":"wrapper"},{"filename":"/home/airflow/.local/lib/python3.12/site-packages/airflow/providers/standard/operators/python.py","lineno":228,"name":"execute"},{"filename":"/home/airflow/.local/lib/python3.12/site-packages/airflow/providers/standard/operators/python.py","lineno":251,"name":"execute_callable"},{"filename":"/home/airflow/.local/lib/python3.12/site-packages/airflow/sdk/execution_time/callback_runner.py","lineno":82,"name":"run"},{"filename":"/opt/airflow/dags/train_pipeline.py","lineno":40,"name":"train_model"},{"filename":"/usr/python/lib/python3.12/subprocess.py","lineno":571,"name":"run"}],"is_group":false,"exceptions":[]}]}
