{"timestamp":"2026-03-03T05:16:34.292090Z","level":"info","event":"DAG bundles loaded: dags-folder","logger":"airflow.dag_processing.bundles.manager.DagBundlesManager","filename":"manager.py","lineno":179}
{"timestamp":"2026-03-03T05:16:34.293742Z","level":"info","event":"Filling up the DagBag from /opt/airflow/dags/train_pipeline.py","logger":"airflow.models.dagbag.BundleDagBag","filename":"dagbag.py","lineno":593}
{"timestamp":"2026-03-03T05:16:35.569559Z","level":"info","event":"Training with C = 1.0","logger":"task.stdout"}
{"timestamp":"2026-03-03T05:21:15.644410Z","level":"info","event":"Training with C = 1.0","logger":"task.stdout"}
{"timestamp":"2026-03-03T05:21:15.645525Z","level":"info","event":"Waiting for MLflow server...","logger":"task.stdout"}
{"timestamp":"2026-03-03T05:21:15.646209Z","level":"info","event":"Waiting for MLflow server...","logger":"task.stdout"}
{"timestamp":"2026-03-03T05:21:15.646865Z","level":"info","event":"Waiting for MLflow server...","logger":"task.stdout"}
{"timestamp":"2026-03-03T05:21:15.647265Z","level":"info","event":"Waiting for MLflow server...","logger":"task.stdout"}
{"timestamp":"2026-03-03T05:21:15.647681Z","level":"info","event":"Waiting for MLflow server...","logger":"task.stdout"}
{"timestamp":"2026-03-03T05:21:15.648272Z","level":"info","event":"Waiting for MLflow server...","logger":"task.stdout"}
{"timestamp":"2026-03-03T05:21:15.648696Z","level":"info","event":"Waiting for MLflow server...","logger":"task.stdout"}
{"timestamp":"2026-03-03T05:21:15.649142Z","level":"info","event":"Waiting for MLflow server...","logger":"task.stdout"}
{"timestamp":"2026-03-03T05:21:15.649545Z","level":"info","event":"Waiting for MLflow server...","logger":"task.stdout"}
{"timestamp":"2026-03-03T05:21:15.649964Z","level":"info","event":"Waiting for MLflow server...","logger":"task.stdout"}
{"timestamp":"2026-03-03T05:21:15.650540Z","level":"error","event":"Traceback (most recent call last):","logger":"task.stderr"}
{"timestamp":"2026-03-03T05:21:15.651021Z","level":"error","event":"  File \"/home/airflow/.local/lib/python3.12/site-packages/urllib3/connection.py\", line 204, in _new_conn","logger":"task.stderr"}
{"timestamp":"2026-03-03T05:21:15.651510Z","level":"error","event":"    sock = connection.create_connection(","logger":"task.stderr"}
{"timestamp":"2026-03-03T05:21:15.652044Z","level":"error","event":"           ^^^^^^^^^^^^^^^^^^^^^^^^^^^^^","logger":"task.stderr"}
{"timestamp":"2026-03-03T05:21:15.652467Z","level":"error","event":"  File \"/home/airflow/.local/lib/python3.12/site-packages/urllib3/util/connection.py\", line 85, in create_connection","logger":"task.stderr"}
{"timestamp":"2026-03-03T05:21:15.652902Z","level":"error","event":"    raise err","logger":"task.stderr"}
{"timestamp":"2026-03-03T05:21:15.653425Z","level":"error","event":"  File \"/home/airflow/.local/lib/python3.12/site-packages/urllib3/util/connection.py\", line 73, in create_connection","logger":"task.stderr"}
{"timestamp":"2026-03-03T05:21:15.653715Z","level":"error","event":"    sock.connect(sa)","logger":"task.stderr"}
{"timestamp":"2026-03-03T05:21:15.653998Z","level":"error","event":"ConnectionRefusedError: [Errno 111] Connection refused","logger":"task.stderr"}
{"timestamp":"2026-03-03T05:21:15.654242Z","level":"error","event":"","logger":"task.stderr"}
{"timestamp":"2026-03-03T05:21:15.654497Z","level":"error","event":"The above exception was the direct cause of the following exception:","logger":"task.stderr"}
{"timestamp":"2026-03-03T05:21:15.654814Z","level":"error","event":"","logger":"task.stderr"}
{"timestamp":"2026-03-03T05:21:15.655070Z","level":"error","event":"Traceback (most recent call last):","logger":"task.stderr"}
{"timestamp":"2026-03-03T05:21:15.655287Z","level":"error","event":"  File \"/home/airflow/.local/lib/python3.12/site-packages/urllib3/connectionpool.py\", line 787, in urlopen","logger":"task.stderr"}
{"timestamp":"2026-03-03T05:21:15.655453Z","level":"error","event":"    response = self._make_request(","logger":"task.stderr"}
{"timestamp":"2026-03-03T05:21:15.655599Z","level":"error","event":"               ^^^^^^^^^^^^^^^^^^^","logger":"task.stderr"}
{"timestamp":"2026-03-03T05:21:15.655785Z","level":"error","event":"  File \"/home/airflow/.local/lib/python3.12/site-packages/urllib3/connectionpool.py\", line 493, in _make_request","logger":"task.stderr"}
{"timestamp":"2026-03-03T05:21:15.656064Z","level":"error","event":"    conn.request(","logger":"task.stderr"}
{"timestamp":"2026-03-03T05:21:15.656340Z","level":"error","event":"  File \"/home/airflow/.local/lib/python3.12/site-packages/urllib3/connection.py\", line 500, in request","logger":"task.stderr"}
{"timestamp":"2026-03-03T05:21:15.656539Z","level":"error","event":"    self.endheaders()","logger":"task.stderr"}
{"timestamp":"2026-03-03T05:21:15.656760Z","level":"error","event":"  File \"/usr/python/lib/python3.12/http/client.py\", line 1333, in endheaders","logger":"task.stderr"}
{"timestamp":"2026-03-03T05:21:15.657133Z","level":"error","event":"    self._send_output(message_body, encode_chunked=encode_chunked)","logger":"task.stderr"}
{"timestamp":"2026-03-03T05:21:15.657364Z","level":"error","event":"  File \"/usr/python/lib/python3.12/http/client.py\", line 1093, in _send_output","logger":"task.stderr"}
{"timestamp":"2026-03-03T05:21:15.657594Z","level":"error","event":"    self.send(msg)","logger":"task.stderr"}
{"timestamp":"2026-03-03T05:21:15.657770Z","level":"error","event":"  File \"/usr/python/lib/python3.12/http/client.py\", line 1037, in send","logger":"task.stderr"}
{"timestamp":"2026-03-03T05:21:15.657935Z","level":"error","event":"    self.connect()","logger":"task.stderr"}
{"timestamp":"2026-03-03T05:21:15.658096Z","level":"error","event":"  File \"/home/airflow/.local/lib/python3.12/site-packages/urllib3/connection.py\", line 331, in connect","logger":"task.stderr"}
{"timestamp":"2026-03-03T05:21:15.658258Z","level":"error","event":"    self.sock = self._new_conn()","logger":"task.stderr"}
{"timestamp":"2026-03-03T05:21:15.658416Z","level":"error","event":"                ^^^^^^^^^^^^^^^^","logger":"task.stderr"}
{"timestamp":"2026-03-03T05:21:15.658574Z","level":"error","event":"  File \"/home/airflow/.local/lib/python3.12/site-packages/urllib3/connection.py\", line 219, in _new_conn","logger":"task.stderr"}
{"timestamp":"2026-03-03T05:21:15.658729Z","level":"error","event":"    raise NewConnectionError(","logger":"task.stderr"}
{"timestamp":"2026-03-03T05:21:15.658887Z","level":"error","event":"urllib3.exceptions.NewConnectionError: HTTPConnection(host='mlflow', port=5000): Failed to establish a new connection: [Errno 111] Connection refused","logger":"task.stderr"}
{"timestamp":"2026-03-03T05:21:15.659054Z","level":"error","event":"","logger":"task.stderr"}
{"timestamp":"2026-03-03T05:21:15.659223Z","level":"error","event":"The above exception was the direct cause of the following exception:","logger":"task.stderr"}
{"timestamp":"2026-03-03T05:21:15.659415Z","level":"error","event":"","logger":"task.stderr"}
{"timestamp":"2026-03-03T05:21:15.659626Z","level":"error","event":"Traceback (most recent call last):","logger":"task.stderr"}
{"timestamp":"2026-03-03T05:21:15.659895Z","level":"error","event":"  File \"/home/airflow/.local/lib/python3.12/site-packages/requests/adapters.py\", line 644, in send","logger":"task.stderr"}
{"timestamp":"2026-03-03T05:21:15.660238Z","level":"error","event":"    resp = conn.urlopen(","logger":"task.stderr"}
{"timestamp":"2026-03-03T05:21:15.660497Z","level":"error","event":"           ^^^^^^^^^^^^^","logger":"task.stderr"}
{"timestamp":"2026-03-03T05:21:15.660774Z","level":"error","event":"  File \"/home/airflow/.local/lib/python3.12/site-packages/urllib3/connectionpool.py\", line 871, in urlopen","logger":"task.stderr"}
{"timestamp":"2026-03-03T05:21:15.661033Z","level":"error","event":"    return self.urlopen(","logger":"task.stderr"}
{"timestamp":"2026-03-03T05:21:15.661224Z","level":"error","event":"           ^^^^^^^^^^^^^","logger":"task.stderr"}
{"timestamp":"2026-03-03T05:21:15.661396Z","level":"error","event":"  File \"/home/airflow/.local/lib/python3.12/site-packages/urllib3/connectionpool.py\", line 871, in urlopen","logger":"task.stderr"}
{"timestamp":"2026-03-03T05:21:15.661619Z","level":"error","event":"    return self.urlopen(","logger":"task.stderr"}
{"timestamp":"2026-03-03T05:21:15.661790Z","level":"error","event":"           ^^^^^^^^^^^^^","logger":"task.stderr"}
{"timestamp":"2026-03-03T05:21:15.661947Z","level":"error","event":"  File \"/home/airflow/.local/lib/python3.12/site-packages/urllib3/connectionpool.py\", line 871, in urlopen","logger":"task.stderr"}
{"timestamp":"2026-03-03T05:21:15.662304Z","level":"error","event":"    return self.urlopen(","logger":"task.stderr"}
{"timestamp":"2026-03-03T05:21:15.662680Z","level":"error","event":"           ^^^^^^^^^^^^^","logger":"task.stderr"}
{"timestamp":"2026-03-03T05:21:15.662993Z","level":"error","event":"  [Previous line repeated 4 more times]","logger":"task.stderr"}
{"timestamp":"2026-03-03T05:21:15.663305Z","level":"error","event":"  File \"/home/airflow/.local/lib/python3.12/site-packages/urllib3/connectionpool.py\", line 841, in urlopen","logger":"task.stderr"}
{"timestamp":"2026-03-03T05:21:15.663624Z","level":"error","event":"    retries = retries.increment(","logger":"task.stderr"}
{"timestamp":"2026-03-03T05:21:15.663955Z","level":"error","event":"              ^^^^^^^^^^^^^^^^^^","logger":"task.stderr"}
{"timestamp":"2026-03-03T05:21:15.664463Z","level":"error","event":"  File \"/home/airflow/.local/lib/python3.12/site-packages/urllib3/util/retry.py\", line 535, in increment","logger":"task.stderr"}
{"timestamp":"2026-03-03T05:21:15.664829Z","level":"error","event":"    raise MaxRetryError(_pool, url, reason) from reason  # type: ignore[arg-type]","logger":"task.stderr"}
{"timestamp":"2026-03-03T05:21:15.665075Z","level":"error","event":"    ^^^^^^^^^^^^^^^^^^^^^^^^^^^^^^^^^^^^^^^^^^^^^^^^^^^","logger":"task.stderr"}
{"timestamp":"2026-03-03T05:21:15.665318Z","level":"error","event":"urllib3.exceptions.MaxRetryError: HTTPConnectionPool(host='mlflow', port=5000): Max retries exceeded with url: /api/2.0/mlflow/experiments/get-by-name?experiment_name=milestone3 (Caused by NewConnectionError(\"HTTPConnection(host='mlflow', port=5000): Failed to establish a new connection: [Errno 111] Connection refused\"))","logger":"task.stderr"}
{"timestamp":"2026-03-03T05:21:15.665563Z","level":"error","event":"","logger":"task.stderr"}
{"timestamp":"2026-03-03T05:21:15.665814Z","level":"error","event":"During handling of the above exception, another exception occurred:","logger":"task.stderr"}
{"timestamp":"2026-03-03T05:21:15.666052Z","level":"error","event":"","logger":"task.stderr"}
{"timestamp":"2026-03-03T05:21:15.666313Z","level":"error","event":"Traceback (most recent call last):","logger":"task.stderr"}
{"timestamp":"2026-03-03T05:21:15.666548Z","level":"error","event":"  File \"/home/airflow/.local/lib/python3.12/site-packages/mlflow/utils/rest_utils.py\", line 258, in http_request","logger":"task.stderr"}
{"timestamp":"2026-03-03T05:21:15.666807Z","level":"error","event":"    return _get_http_response_with_retries(","logger":"task.stderr"}
{"timestamp":"2026-03-03T05:21:15.667045Z","level":"error","event":"           ^^^^^^^^^^^^^^^^^^^^^^^^^^^^^^^^","logger":"task.stderr"}
{"timestamp":"2026-03-03T05:21:15.667403Z","level":"error","event":"  File \"/home/airflow/.local/lib/python3.12/site-packages/mlflow/utils/request_utils.py\", line 237, in _get_http_response_with_retries","logger":"task.stderr"}
{"timestamp":"2026-03-03T05:21:15.667721Z","level":"error","event":"    return session.request(method, url, allow_redirects=allow_redirects, **kwargs)","logger":"task.stderr"}
{"timestamp":"2026-03-03T05:21:15.668001Z","level":"error","event":"           ^^^^^^^^^^^^^^^^^^^^^^^^^^^^^^^^^^^^^^^^^^^^^^^^^^^^^^^^^^^^^^^^^^^^^^^","logger":"task.stderr"}
{"timestamp":"2026-03-03T05:21:15.668215Z","level":"error","event":"  File \"/home/airflow/.local/lib/python3.12/site-packages/requests/sessions.py\", line 589, in request","logger":"task.stderr"}
{"timestamp":"2026-03-03T05:21:15.668531Z","level":"error","event":"    resp = self.send(prep, **send_kwargs)","logger":"task.stderr"}
{"timestamp":"2026-03-03T05:21:15.668796Z","level":"error","event":"           ^^^^^^^^^^^^^^^^^^^^^^^^^^^^^^","logger":"task.stderr"}
{"timestamp":"2026-03-03T05:21:15.669011Z","level":"error","event":"  File \"/home/airflow/.local/lib/python3.12/site-packages/requests/sessions.py\", line 703, in send","logger":"task.stderr"}
{"timestamp":"2026-03-03T05:21:15.669190Z","level":"error","event":"    r = adapter.send(request, **kwargs)","logger":"task.stderr"}
{"timestamp":"2026-03-03T05:21:15.669343Z","level":"error","event":"        ^^^^^^^^^^^^^^^^^^^^^^^^^^^^^^^","logger":"task.stderr"}
{"timestamp":"2026-03-03T05:21:15.669491Z","level":"error","event":"  File \"/home/airflow/.local/lib/python3.12/site-packages/requests/adapters.py\", line 677, in send","logger":"task.stderr"}
{"timestamp":"2026-03-03T05:21:15.669640Z","level":"error","event":"    raise ConnectionError(e, request=request)","logger":"task.stderr"}
{"timestamp":"2026-03-03T05:21:15.669792Z","level":"error","event":"requests.exceptions.ConnectionError: HTTPConnectionPool(host='mlflow', port=5000): Max retries exceeded with url: /api/2.0/mlflow/experiments/get-by-name?experiment_name=milestone3 (Caused by NewConnectionError(\"HTTPConnection(host='mlflow', port=5000): Failed to establish a new connection: [Errno 111] Connection refused\"))","logger":"task.stderr"}
{"timestamp":"2026-03-03T05:21:15.669944Z","level":"error","event":"","logger":"task.stderr"}
{"timestamp":"2026-03-03T05:21:15.670093Z","level":"error","event":"During handling of the above exception, another exception occurred:","logger":"task.stderr"}
{"timestamp":"2026-03-03T05:21:15.670240Z","level":"error","event":"","logger":"task.stderr"}
{"timestamp":"2026-03-03T05:21:15.670421Z","level":"error","event":"Traceback (most recent call last):","logger":"task.stderr"}
{"timestamp":"2026-03-03T05:21:15.670577Z","level":"error","event":"  File \"/opt/airflow/dags/train.py\", line 46, in <module>","logger":"task.stderr"}
{"timestamp":"2026-03-03T05:21:15.670725Z","level":"error","event":"    main()","logger":"task.stderr"}
{"timestamp":"2026-03-03T05:21:15.670873Z","level":"error","event":"  File \"/opt/airflow/dags/train.py\", line 25, in main","logger":"task.stderr"}
{"timestamp":"2026-03-03T05:21:15.671018Z","level":"error","event":"    mlflow.set_experiment(\"milestone3\")","logger":"task.stderr"}
{"timestamp":"2026-03-03T05:21:15.671165Z","level":"error","event":"  File \"/home/airflow/.local/lib/python3.12/site-packages/mlflow/tracking/fluent.py\", line 194, in set_experiment","logger":"task.stderr"}
{"timestamp":"2026-03-03T05:21:15.671314Z","level":"error","event":"    experiment = client.get_experiment_by_name(experiment_name)","logger":"task.stderr"}
{"timestamp":"2026-03-03T05:21:15.671466Z","level":"error","event":"                 ^^^^^^^^^^^^^^^^^^^^^^^^^^^^^^^^^^^^^^^^^^^^^^","logger":"task.stderr"}
{"timestamp":"2026-03-03T05:21:15.671614Z","level":"error","event":"  File \"/home/airflow/.local/lib/python3.12/site-packages/mlflow/tracking/_tracking_service/client.py\", line 283, in get_experiment_by_name","logger":"task.stderr"}
{"timestamp":"2026-03-03T05:21:15.671763Z","level":"error","event":"    return self.store.get_experiment_by_name(name)","logger":"task.stderr"}
{"timestamp":"2026-03-03T05:21:15.672048Z","level":"error","event":"           ^^^^^^^^^^^^^^^^^^^^^^^^^^^^^^^^^^^^^^^","logger":"task.stderr"}
{"timestamp":"2026-03-03T05:21:15.672263Z","level":"error","event":"  File \"/home/airflow/.local/lib/python3.12/site-packages/mlflow/store/tracking/rest_store.py\", line 965, in get_experiment_by_name","logger":"task.stderr"}
{"timestamp":"2026-03-03T05:21:15.672515Z","level":"error","event":"    response_proto = self._call_endpoint(GetExperimentByName, req_body)","logger":"task.stderr"}
{"timestamp":"2026-03-03T05:21:15.672749Z","level":"error","event":"                     ^^^^^^^^^^^^^^^^^^^^^^^^^^^^^^^^^^^^^^^^^^^^^^^^^^","logger":"task.stderr"}
{"timestamp":"2026-03-03T05:21:15.672980Z","level":"error","event":"  File \"/home/airflow/.local/lib/python3.12/site-packages/mlflow/store/tracking/rest_store.py\", line 233, in _call_endpoint","logger":"task.stderr"}
{"timestamp":"2026-03-03T05:21:15.673217Z","level":"error","event":"    return call_endpoint(","logger":"task.stderr"}
{"timestamp":"2026-03-03T05:21:15.673438Z","level":"error","event":"           ^^^^^^^^^^^^^^","logger":"task.stderr"}
{"timestamp":"2026-03-03T05:21:15.673625Z","level":"error","event":"  File \"/home/airflow/.local/lib/python3.12/site-packages/mlflow/utils/rest_utils.py\", line 622, in call_endpoint","logger":"task.stderr"}
{"timestamp":"2026-03-03T05:21:15.674144Z","level":"error","event":"    response = http_request(**call_kwargs)","logger":"task.stderr"}
{"timestamp":"2026-03-03T05:21:15.674327Z","level":"error","event":"               ^^^^^^^^^^^^^^^^^^^^^^^^^^^","logger":"task.stderr"}
{"timestamp":"2026-03-03T05:21:15.674491Z","level":"error","event":"  File \"/home/airflow/.local/lib/python3.12/site-packages/mlflow/utils/rest_utils.py\", line 281, in http_request","logger":"task.stderr"}
{"timestamp":"2026-03-03T05:21:15.674653Z","level":"error","event":"    raise MlflowException(f\"API request to {url} failed with exception {e}\")","logger":"task.stderr"}
{"timestamp":"2026-03-03T05:21:15.674830Z","level":"error","event":"mlflow.exceptions.MlflowException: API request to http://mlflow:5000/api/2.0/mlflow/experiments/get-by-name failed with exception HTTPConnectionPool(host='mlflow', port=5000): Max retries exceeded with url: /api/2.0/mlflow/experiments/get-by-name?experiment_name=milestone3 (Caused by NewConnectionError(\"HTTPConnection(host='mlflow', port=5000): Failed to establish a new connection: [Errno 111] Connection refused\"))","logger":"task.stderr"}
{"timestamp":"2026-03-03T05:21:16.218077Z","level":"error","event":"Task failed with exception","logger":"task","filename":"task_runner.py","lineno":1142,"error_detail":[{"exc_type":"CalledProcessError","exc_value":"Command '['python', '/opt/airflow/dags/train.py', '1.0']' returned non-zero exit status 1.","exc_notes":[],"syntax_error":null,"is_cause":false,"frames":[{"filename":"/home/airflow/.local/lib/python3.12/site-packages/airflow/sdk/execution_time/task_runner.py","lineno":1068,"name":"run"},{"filename":"/home/airflow/.local/lib/python3.12/site-packages/airflow/sdk/execution_time/task_runner.py","lineno":1477,"name":"_execute_task"},{"filename":"/home/airflow/.local/lib/python3.12/site-packages/airflow/sdk/bases/operator.py","lineno":417,"name":"wrapper"},{"filename":"/home/airflow/.local/lib/python3.12/site-packages/airflow/providers/standard/operators/python.py","lineno":228,"name":"execute"},{"filename":"/home/airflow/.local/lib/python3.12/site-packages/airflow/providers/standard/operators/python.py","lineno":251,"name":"execute_callable"},{"filename":"/home/airflow/.local/lib/python3.12/site-packages/airflow/sdk/execution_time/callback_runner.py","lineno":82,"name":"run"},{"filename":"/opt/airflow/dags/train_pipeline.py","lineno":40,"name":"train_model"},{"filename":"/usr/python/lib/python3.12/subprocess.py","lineno":571,"name":"run"}],"is_group":false,"exceptions":[]}]}
{"timestamp":"2026-03-03T05:21:16.221123Z","level":"info","event":"Task failed: train_model","logger":"task.stdout"}
