{"timestamp":"2026-03-02T22:04:35.013190Z","level":"info","event":"DAG bundles loaded: dags-folder","logger":"airflow.dag_processing.bundles.manager.DagBundlesManager","filename":"manager.py","lineno":179}
{"timestamp":"2026-03-02T22:04:35.015639Z","level":"info","event":"Filling up the DagBag from /opt/airflow/dags/train_pipeline.py","logger":"airflow.models.dagbag.BundleDagBag","filename":"dagbag.py","lineno":593}
{"timestamp":"2026-03-02T22:04:37.297904Z","level":"warning","event":"The `airflow.operators.python.PythonOperator` attribute is deprecated. Please use `'airflow.providers.standard.operators.python.PythonOperator'`.","category":"DeprecatedImportWarning","filename":"/opt/airflow/dags/train_pipeline.py","lineno":2,"logger":"py.warnings"}
{"timestamp":"2026-03-02T22:04:46.048878Z","level":"error","event":"2026/03/02 22:04:46 INFO mlflow.store.db.utils: Creating initial MLflow database tables...","logger":"task.stderr"}
{"timestamp":"2026-03-02T22:04:46.050989Z","level":"error","event":"2026/03/02 22:04:46 INFO mlflow.store.db.utils: Updating database tables","logger":"task.stderr"}
{"timestamp":"2026-03-02T22:04:46.160469Z","level":"info","event":"Training with C = 1.0","logger":"task.stdout"}
{"timestamp":"2026-03-02T22:04:46.161034Z","level":"error","event":"Traceback (most recent call last):","logger":"task.stderr"}
{"timestamp":"2026-03-02T22:04:46.161463Z","level":"error","event":"  File \"/home/airflow/.local/lib/python3.12/site-packages/sqlalchemy/engine/base.py\", line 1967, in _exec_single_context","logger":"task.stderr"}
{"timestamp":"2026-03-02T22:04:46.162038Z","level":"error","event":"    self.dialect.do_execute(","logger":"task.stderr"}
{"timestamp":"2026-03-02T22:04:46.162465Z","level":"error","event":"  File \"/home/airflow/.local/lib/python3.12/site-packages/sqlalchemy/engine/default.py\", line 952, in do_execute","logger":"task.stderr"}
{"timestamp":"2026-03-02T22:04:46.162911Z","level":"error","event":"    cursor.execute(statement, parameters)","logger":"task.stderr"}
{"timestamp":"2026-03-02T22:04:46.163313Z","level":"error","event":"sqlite3.OperationalError: duplicate column name: step","logger":"task.stderr"}
{"timestamp":"2026-03-02T22:04:46.163679Z","level":"error","event":"","logger":"task.stderr"}
{"timestamp":"2026-03-02T22:04:46.164084Z","level":"error","event":"The above exception was the direct cause of the following exception:","logger":"task.stderr"}
{"timestamp":"2026-03-02T22:04:46.164467Z","level":"error","event":"","logger":"task.stderr"}
{"timestamp":"2026-03-02T22:04:46.164859Z","level":"error","event":"Traceback (most recent call last):","logger":"task.stderr"}
{"timestamp":"2026-03-02T22:04:46.165323Z","level":"error","event":"  File \"/opt/airflow/dags/train.py\", line 39, in <module>","logger":"task.stderr"}
{"timestamp":"2026-03-02T22:04:46.166027Z","level":"error","event":"    main()","logger":"task.stderr"}
{"timestamp":"2026-03-02T22:04:46.166484Z","level":"error","event":"  File \"/opt/airflow/dags/train.py\", line 15, in main","logger":"task.stderr"}
{"timestamp":"2026-03-02T22:04:46.168729Z","level":"error","event":"    mlflow.set_experiment(\"milestone3\")","logger":"task.stderr"}
{"timestamp":"2026-03-02T22:04:46.169235Z","level":"error","event":"  File \"/home/airflow/.local/lib/python3.12/site-packages/mlflow/tracking/fluent.py\", line 190, in set_experiment","logger":"task.stderr"}
{"timestamp":"2026-03-02T22:04:46.169686Z","level":"error","event":"    client = TrackingServiceClient(_resolve_tracking_uri())","logger":"task.stderr"}
{"timestamp":"2026-03-02T22:04:46.170135Z","level":"error","event":"             ^^^^^^^^^^^^^^^^^^^^^^^^^^^^^^^^^^^^^^^^^^^^^^","logger":"task.stderr"}
{"timestamp":"2026-03-02T22:04:46.170542Z","level":"error","event":"  File \"/home/airflow/.local/lib/python3.12/site-packages/mlflow/tracking/_tracking_service/client.py\", line 99, in __init__","logger":"task.stderr"}
{"timestamp":"2026-03-02T22:04:46.170938Z","level":"error","event":"    self.store","logger":"task.stderr"}
{"timestamp":"2026-03-02T22:04:46.171377Z","level":"error","event":"  File \"/home/airflow/.local/lib/python3.12/site-packages/mlflow/tracking/_tracking_service/client.py\", line 103, in store","logger":"task.stderr"}
{"timestamp":"2026-03-02T22:04:46.171996Z","level":"error","event":"    return utils._get_store(self.tracking_uri)","logger":"task.stderr"}
{"timestamp":"2026-03-02T22:04:46.172552Z","level":"error","event":"           ^^^^^^^^^^^^^^^^^^^^^^^^^^^^^^^^^^^","logger":"task.stderr"}
{"timestamp":"2026-03-02T22:04:46.173143Z","level":"error","event":"  File \"/home/airflow/.local/lib/python3.12/site-packages/mlflow/tracking/_tracking_service/utils.py\", line 270, in _get_store","logger":"task.stderr"}
{"timestamp":"2026-03-02T22:04:46.173966Z","level":"error","event":"    return _tracking_store_registry.get_store(store_uri, artifact_uri)","logger":"task.stderr"}
{"timestamp":"2026-03-02T22:04:46.174484Z","level":"error","event":"           ^^^^^^^^^^^^^^^^^^^^^^^^^^^^^^^^^^^^^^^^^^^^^^^^^^^^^^^^^^^","logger":"task.stderr"}
{"timestamp":"2026-03-02T22:04:46.175033Z","level":"error","event":"  File \"/home/airflow/.local/lib/python3.12/site-packages/mlflow/tracking/_tracking_service/registry.py\", line 45, in get_store","logger":"task.stderr"}
{"timestamp":"2026-03-02T22:04:46.175464Z","level":"error","event":"    return self._get_store_with_resolved_uri(resolved_store_uri, artifact_uri)","logger":"task.stderr"}
{"timestamp":"2026-03-02T22:04:46.175941Z","level":"error","event":"           ^^^^^^^^^^^^^^^^^^^^^^^^^^^^^^^^^^^^^^^^^^^^^^^^^^^^^^^^^^^^^^^^^^^","logger":"task.stderr"}
{"timestamp":"2026-03-02T22:04:46.176455Z","level":"error","event":"  File \"/home/airflow/.local/lib/python3.12/site-packages/mlflow/tracking/_tracking_service/registry.py\", line 56, in _get_store_with_resolved_uri","logger":"task.stderr"}
{"timestamp":"2026-03-02T22:04:46.176909Z","level":"error","event":"    return builder(store_uri=resolved_store_uri, artifact_uri=artifact_uri)","logger":"task.stderr"}
{"timestamp":"2026-03-02T22:04:46.177403Z","level":"error","event":"           ^^^^^^^^^^^^^^^^^^^^^^^^^^^^^^^^^^^^^^^^^^^^^^^^^^^^^^^^^^^^^^^^","logger":"task.stderr"}
{"timestamp":"2026-03-02T22:04:46.177851Z","level":"error","event":"  File \"/home/airflow/.local/lib/python3.12/site-packages/mlflow/tracking/_tracking_service/utils.py\", line 201, in _get_sqlalchemy_store","logger":"task.stderr"}
{"timestamp":"2026-03-02T22:04:46.178203Z","level":"error","event":"    return store_cls(store_uri, artifact_uri)","logger":"task.stderr"}
{"timestamp":"2026-03-02T22:04:46.178589Z","level":"error","event":"           ^^^^^^^^^^^^^^^^^^^^^^^^^^^^^^^^^^","logger":"task.stderr"}
{"timestamp":"2026-03-02T22:04:46.178952Z","level":"error","event":"  File \"/home/airflow/.local/lib/python3.12/site-packages/mlflow/store/tracking/sqlalchemy_store.py\", line 299, in __init__","logger":"task.stderr"}
{"timestamp":"2026-03-02T22:04:46.179368Z","level":"error","event":"    mlflow.store.db.utils._initialize_tables(self.engine)","logger":"task.stderr"}
{"timestamp":"2026-03-02T22:04:46.179756Z","level":"error","event":"  File \"/home/airflow/.local/lib/python3.12/site-packages/mlflow/store/db/utils.py\", line 121, in _initialize_tables","logger":"task.stderr"}
{"timestamp":"2026-03-02T22:04:46.180065Z","level":"error","event":"    _upgrade_db(engine)","logger":"task.stderr"}
{"timestamp":"2026-03-02T22:04:46.180490Z","level":"error","event":"  File \"/home/airflow/.local/lib/python3.12/site-packages/mlflow/store/db/utils.py\", line 289, in _upgrade_db","logger":"task.stderr"}
{"timestamp":"2026-03-02T22:04:46.180923Z","level":"error","event":"    command.upgrade(config, \"heads\")","logger":"task.stderr"}
{"timestamp":"2026-03-02T22:04:46.181313Z","level":"error","event":"  File \"/home/airflow/.local/lib/python3.12/site-packages/alembic/command.py\", line 483, in upgrade","logger":"task.stderr"}
{"timestamp":"2026-03-02T22:04:46.181588Z","level":"error","event":"    script.run_env()","logger":"task.stderr"}
{"timestamp":"2026-03-02T22:04:46.181928Z","level":"error","event":"  File \"/home/airflow/.local/lib/python3.12/site-packages/alembic/script/base.py\", line 545, in run_env","logger":"task.stderr"}
{"timestamp":"2026-03-02T22:04:46.182352Z","level":"error","event":"    util.load_python_file(self.dir, \"env.py\")","logger":"task.stderr"}
{"timestamp":"2026-03-02T22:04:46.182765Z","level":"error","event":"  File \"/home/airflow/.local/lib/python3.12/site-packages/alembic/util/pyfiles.py\", line 116, in load_python_file","logger":"task.stderr"}
{"timestamp":"2026-03-02T22:04:46.183184Z","level":"error","event":"    module = load_module_py(module_id, path)","logger":"task.stderr"}
{"timestamp":"2026-03-02T22:04:46.183570Z","level":"error","event":"             ^^^^^^^^^^^^^^^^^^^^^^^^^^^^^^^","logger":"task.stderr"}
{"timestamp":"2026-03-02T22:04:46.183878Z","level":"error","event":"  File \"/home/airflow/.local/lib/python3.12/site-packages/alembic/util/pyfiles.py\", line 136, in load_module_py","logger":"task.stderr"}
{"timestamp":"2026-03-02T22:04:46.184214Z","level":"error","event":"    spec.loader.exec_module(module)  # type: ignore","logger":"task.stderr"}
{"timestamp":"2026-03-02T22:04:46.184613Z","level":"error","event":"    ^^^^^^^^^^^^^^^^^^^^^^^^^^^^^^^","logger":"task.stderr"}
{"timestamp":"2026-03-02T22:04:46.185052Z","level":"error","event":"  File \"<frozen importlib._bootstrap_external>\", line 999, in exec_module","logger":"task.stderr"}
{"timestamp":"2026-03-02T22:04:46.185449Z","level":"error","event":"  File \"<frozen importlib._bootstrap>\", line 488, in _call_with_frames_removed","logger":"task.stderr"}
{"timestamp":"2026-03-02T22:04:46.185779Z","level":"error","event":"  File \"/home/airflow/.local/lib/python3.12/site-packages/mlflow/store/db_migrations/env.py\", line 78, in <module>","logger":"task.stderr"}
{"timestamp":"2026-03-02T22:04:46.186109Z","level":"error","event":"    run_migrations_online()","logger":"task.stderr"}
{"timestamp":"2026-03-02T22:04:46.186509Z","level":"error","event":"  File \"/home/airflow/.local/lib/python3.12/site-packages/mlflow/store/db_migrations/env.py\", line 72, in run_migrations_online","logger":"task.stderr"}
{"timestamp":"2026-03-02T22:04:46.186839Z","level":"error","event":"    context.run_migrations()","logger":"task.stderr"}
{"timestamp":"2026-03-02T22:04:46.187163Z","level":"error","event":"  File \"<string>\", line 8, in run_migrations","logger":"task.stderr"}
{"timestamp":"2026-03-02T22:04:46.187471Z","level":"error","event":"  File \"/home/airflow/.local/lib/python3.12/site-packages/alembic/runtime/environment.py\", line 969, in run_migrations","logger":"task.stderr"}
{"timestamp":"2026-03-02T22:04:46.187768Z","level":"error","event":"    self.get_context().run_migrations(**kw)","logger":"task.stderr"}
{"timestamp":"2026-03-02T22:04:46.188095Z","level":"error","event":"  File \"/home/airflow/.local/lib/python3.12/site-packages/alembic/runtime/migration.py\", line 626, in run_migrations","logger":"task.stderr"}
{"timestamp":"2026-03-02T22:04:46.188626Z","level":"error","event":"    step.migration_fn(**kw)","logger":"task.stderr"}
{"timestamp":"2026-03-02T22:04:46.189292Z","level":"error","event":"  File \"/home/airflow/.local/lib/python3.12/site-packages/mlflow/store/db_migrations/versions/451aebb31d03_add_metric_step.py\", line 18, in upgrade","logger":"task.stderr"}
{"timestamp":"2026-03-02T22:04:46.189706Z","level":"error","event":"    op.add_column(\"metrics\", sa.Column(\"step\", sa.BigInteger(), nullable=False, server_default=\"0\"))","logger":"task.stderr"}
{"timestamp":"2026-03-02T22:04:46.190192Z","level":"error","event":"  File \"<string>\", line 8, in add_column","logger":"task.stderr"}
{"timestamp":"2026-03-02T22:04:46.190618Z","level":"error","event":"  File \"<string>\", line 3, in add_column","logger":"task.stderr"}
{"timestamp":"2026-03-02T22:04:46.191023Z","level":"error","event":"  File \"/home/airflow/.local/lib/python3.12/site-packages/alembic/operations/ops.py\", line 2210, in add_column","logger":"task.stderr"}
{"timestamp":"2026-03-02T22:04:46.191391Z","level":"error","event":"    return operations.invoke(op)","logger":"task.stderr"}
{"timestamp":"2026-03-02T22:04:46.191764Z","level":"error","event":"           ^^^^^^^^^^^^^^^^^^^^^","logger":"task.stderr"}
{"timestamp":"2026-03-02T22:04:46.192129Z","level":"error","event":"  File \"/home/airflow/.local/lib/python3.12/site-packages/alembic/operations/base.py\", line 452, in invoke","logger":"task.stderr"}
{"timestamp":"2026-03-02T22:04:46.192506Z","level":"error","event":"    return fn(self, operation)","logger":"task.stderr"}
{"timestamp":"2026-03-02T22:04:46.192914Z","level":"error","event":"           ^^^^^^^^^^^^^^^^^^^","logger":"task.stderr"}
{"timestamp":"2026-03-02T22:04:46.193289Z","level":"error","event":"  File \"/home/airflow/.local/lib/python3.12/site-packages/alembic/operations/toimpl.py\", line 181, in add_column","logger":"task.stderr"}
{"timestamp":"2026-03-02T22:04:46.193663Z","level":"error","event":"    operations.impl.add_column(","logger":"task.stderr"}
{"timestamp":"2026-03-02T22:04:46.194026Z","level":"error","event":"  File \"/home/airflow/.local/lib/python3.12/site-packages/alembic/ddl/impl.py\", line 391, in add_column","logger":"task.stderr"}
{"timestamp":"2026-03-02T22:04:46.194668Z","level":"error","event":"    self._exec(","logger":"task.stderr"}
{"timestamp":"2026-03-02T22:04:46.195060Z","level":"error","event":"  File \"/home/airflow/.local/lib/python3.12/site-packages/alembic/ddl/impl.py\", line 256, in _exec","logger":"task.stderr"}
{"timestamp":"2026-03-02T22:04:46.195452Z","level":"error","event":"    return conn.execute(construct, params)","logger":"task.stderr"}
{"timestamp":"2026-03-02T22:04:46.195904Z","level":"error","event":"           ^^^^^^^^^^^^^^^^^^^^^^^^^^^^^^^","logger":"task.stderr"}
{"timestamp":"2026-03-02T22:04:46.196308Z","level":"error","event":"  File \"/home/airflow/.local/lib/python3.12/site-packages/sqlalchemy/engine/base.py\", line 1419, in execute","logger":"task.stderr"}
{"timestamp":"2026-03-02T22:04:46.196741Z","level":"error","event":"    return meth(","logger":"task.stderr"}
{"timestamp":"2026-03-02T22:04:46.197228Z","level":"error","event":"           ^^^^^","logger":"task.stderr"}
{"timestamp":"2026-03-02T22:04:46.197618Z","level":"error","event":"  File \"/home/airflow/.local/lib/python3.12/site-packages/sqlalchemy/sql/ddl.py\", line 187, in _execute_on_connection","logger":"task.stderr"}
{"timestamp":"2026-03-02T22:04:46.198045Z","level":"error","event":"    return connection._execute_ddl(","logger":"task.stderr"}
{"timestamp":"2026-03-02T22:04:46.198473Z","level":"error","event":"           ^^^^^^^^^^^^^^^^^^^^^^^^","logger":"task.stderr"}
{"timestamp":"2026-03-02T22:04:46.198855Z","level":"error","event":"  File \"/home/airflow/.local/lib/python3.12/site-packages/sqlalchemy/engine/base.py\", line 1530, in _execute_ddl","logger":"task.stderr"}
{"timestamp":"2026-03-02T22:04:46.199194Z","level":"error","event":"    ret = self._execute_context(","logger":"task.stderr"}
{"timestamp":"2026-03-02T22:04:46.199525Z","level":"error","event":"          ^^^^^^^^^^^^^^^^^^^^^^","logger":"task.stderr"}
{"timestamp":"2026-03-02T22:04:46.199849Z","level":"error","event":"  File \"/home/airflow/.local/lib/python3.12/site-packages/sqlalchemy/engine/base.py\", line 1846, in _execute_context","logger":"task.stderr"}
{"timestamp":"2026-03-02T22:04:46.200177Z","level":"error","event":"    return self._exec_single_context(","logger":"task.stderr"}
{"timestamp":"2026-03-02T22:04:46.200620Z","level":"error","event":"           ^^^^^^^^^^^^^^^^^^^^^^^^^^","logger":"task.stderr"}
{"timestamp":"2026-03-02T22:04:46.201093Z","level":"error","event":"  File \"/home/airflow/.local/lib/python3.12/site-packages/sqlalchemy/engine/base.py\", line 1986, in _exec_single_context","logger":"task.stderr"}
{"timestamp":"2026-03-02T22:04:46.201503Z","level":"error","event":"    self._handle_dbapi_exception(","logger":"task.stderr"}
{"timestamp":"2026-03-02T22:04:46.201913Z","level":"error","event":"  File \"/home/airflow/.local/lib/python3.12/site-packages/sqlalchemy/engine/base.py\", line 2363, in _handle_dbapi_exception","logger":"task.stderr"}
{"timestamp":"2026-03-02T22:04:46.202355Z","level":"error","event":"    raise sqlalchemy_exception.with_traceback(exc_info[2]) from e","logger":"task.stderr"}
{"timestamp":"2026-03-02T22:04:46.202924Z","level":"error","event":"  File \"/home/airflow/.local/lib/python3.12/site-packages/sqlalchemy/engine/base.py\", line 1967, in _exec_single_context","logger":"task.stderr"}
{"timestamp":"2026-03-02T22:04:46.203377Z","level":"error","event":"    self.dialect.do_execute(","logger":"task.stderr"}
{"timestamp":"2026-03-02T22:04:46.203766Z","level":"error","event":"  File \"/home/airflow/.local/lib/python3.12/site-packages/sqlalchemy/engine/default.py\", line 952, in do_execute","logger":"task.stderr"}
{"timestamp":"2026-03-02T22:04:46.204383Z","level":"error","event":"    cursor.execute(statement, parameters)","logger":"task.stderr"}
{"timestamp":"2026-03-02T22:04:46.205054Z","level":"error","event":"sqlalchemy.exc.OperationalError: (sqlite3.OperationalError) duplicate column name: step","logger":"task.stderr"}
{"timestamp":"2026-03-02T22:04:46.205655Z","level":"error","event":"[SQL: ALTER TABLE metrics ADD COLUMN step BIGINT DEFAULT '0' NOT NULL]","logger":"task.stderr"}
{"timestamp":"2026-03-02T22:04:46.206085Z","level":"error","event":"(Background on this error at: https://sqlalche.me/e/20/e3q8)","logger":"task.stderr"}
{"timestamp":"2026-03-02T22:04:46.923850Z","level":"error","event":"Task failed with exception","logger":"task","filename":"task_runner.py","lineno":1142,"error_detail":[{"exc_type":"CalledProcessError","exc_value":"Command '['python', '/opt/airflow/dags/train.py']' returned non-zero exit status 1.","exc_notes":[],"syntax_error":null,"is_cause":false,"frames":[{"filename":"/home/airflow/.local/lib/python3.12/site-packages/airflow/sdk/execution_time/task_runner.py","lineno":1068,"name":"run"},{"filename":"/home/airflow/.local/lib/python3.12/site-packages/airflow/sdk/execution_time/task_runner.py","lineno":1477,"name":"_execute_task"},{"filename":"/home/airflow/.local/lib/python3.12/site-packages/airflow/sdk/bases/operator.py","lineno":417,"name":"wrapper"},{"filename":"/home/airflow/.local/lib/python3.12/site-packages/airflow/providers/standard/operators/python.py","lineno":228,"name":"execute"},{"filename":"/home/airflow/.local/lib/python3.12/site-packages/airflow/providers/standard/operators/python.py","lineno":251,"name":"execute_callable"},{"filename":"/home/airflow/.local/lib/python3.12/site-packages/airflow/sdk/execution_time/callback_runner.py","lineno":82,"name":"run"},{"filename":"/opt/airflow/dags/train_pipeline.py","lineno":25,"name":"train_model"},{"filename":"/usr/python/lib/python3.12/subprocess.py","lineno":571,"name":"run"}],"is_group":false,"exceptions":[]}]}
