{"timestamp":"2026-03-02T23:38:54.577681Z","level":"info","event":"DAG bundles loaded: dags-folder","logger":"airflow.dag_processing.bundles.manager.DagBundlesManager","filename":"manager.py","lineno":179}
{"timestamp":"2026-03-02T23:38:54.580649Z","level":"info","event":"Filling up the DagBag from /opt/airflow/dags/train_pipeline.py","logger":"airflow.models.dagbag.BundleDagBag","filename":"dagbag.py","lineno":593}
{"timestamp":"2026-03-02T23:38:55.600971Z","level":"warning","event":"The `airflow.operators.python.PythonOperator` attribute is deprecated. Please use `'airflow.providers.standard.operators.python.PythonOperator'`.","category":"DeprecatedImportWarning","filename":"/opt/airflow/dags/train_pipeline.py","lineno":3,"logger":"py.warnings"}
{"timestamp":"2026-03-02T23:39:03.535559Z","level":"error","event":"2026/03/02 23:39:03 INFO mlflow.store.db.utils: Creating initial MLflow database tables...","logger":"task.stderr"}
{"timestamp":"2026-03-02T23:39:03.599451Z","level":"error","event":"2026/03/02 23:39:03 INFO mlflow.store.db.utils: Updating database tables","logger":"task.stderr"}
{"timestamp":"2026-03-02T23:39:03.712598Z","level":"info","event":"Training with C = 1.0","logger":"task.stdout"}
{"timestamp":"2026-03-02T23:39:03.713346Z","level":"error","event":"Traceback (most recent call last):","logger":"task.stderr"}
{"timestamp":"2026-03-02T23:39:03.713941Z","level":"error","event":"  File \"/home/airflow/.local/lib/python3.12/site-packages/sqlalchemy/engine/base.py\", line 1967, in _exec_single_context","logger":"task.stderr"}
{"timestamp":"2026-03-02T23:39:03.714348Z","level":"error","event":"    self.dialect.do_execute(","logger":"task.stderr"}
{"timestamp":"2026-03-02T23:39:03.714660Z","level":"error","event":"  File \"/home/airflow/.local/lib/python3.12/site-packages/sqlalchemy/engine/default.py\", line 952, in do_execute","logger":"task.stderr"}
{"timestamp":"2026-03-02T23:39:03.715213Z","level":"error","event":"    cursor.execute(statement, parameters)","logger":"task.stderr"}
{"timestamp":"2026-03-02T23:39:03.715684Z","level":"error","event":"sqlite3.OperationalError: duplicate column name: step","logger":"task.stderr"}
{"timestamp":"2026-03-02T23:39:03.716047Z","level":"error","event":"","logger":"task.stderr"}
{"timestamp":"2026-03-02T23:39:03.716556Z","level":"error","event":"The above exception was the direct cause of the following exception:","logger":"task.stderr"}
{"timestamp":"2026-03-02T23:39:03.717016Z","level":"error","event":"","logger":"task.stderr"}
{"timestamp":"2026-03-02T23:39:03.717434Z","level":"error","event":"Traceback (most recent call last):","logger":"task.stderr"}
{"timestamp":"2026-03-02T23:39:03.718088Z","level":"error","event":"  File \"/opt/airflow/dags/train.py\", line 34, in <module>","logger":"task.stderr"}
{"timestamp":"2026-03-02T23:39:03.718503Z","level":"error","event":"    main()","logger":"task.stderr"}
{"timestamp":"2026-03-02T23:39:03.719025Z","level":"error","event":"  File \"/opt/airflow/dags/train.py\", line 14, in main","logger":"task.stderr"}
{"timestamp":"2026-03-02T23:39:03.719596Z","level":"error","event":"    mlflow.set_experiment(\"milestone3\")","logger":"task.stderr"}
{"timestamp":"2026-03-02T23:39:03.720091Z","level":"error","event":"  File \"/home/airflow/.local/lib/python3.12/site-packages/mlflow/tracking/fluent.py\", line 190, in set_experiment","logger":"task.stderr"}
{"timestamp":"2026-03-02T23:39:03.720592Z","level":"error","event":"    client = TrackingServiceClient(_resolve_tracking_uri())","logger":"task.stderr"}
{"timestamp":"2026-03-02T23:39:03.722623Z","level":"error","event":"             ^^^^^^^^^^^^^^^^^^^^^^^^^^^^^^^^^^^^^^^^^^^^^^","logger":"task.stderr"}
{"timestamp":"2026-03-02T23:39:03.723296Z","level":"error","event":"  File \"/home/airflow/.local/lib/python3.12/site-packages/mlflow/tracking/_tracking_service/client.py\", line 99, in __init__","logger":"task.stderr"}
{"timestamp":"2026-03-02T23:39:03.723802Z","level":"error","event":"    self.store","logger":"task.stderr"}
{"timestamp":"2026-03-02T23:39:03.724057Z","level":"error","event":"  File \"/home/airflow/.local/lib/python3.12/site-packages/mlflow/tracking/_tracking_service/client.py\", line 103, in store","logger":"task.stderr"}
{"timestamp":"2026-03-02T23:39:03.724414Z","level":"error","event":"    return utils._get_store(self.tracking_uri)","logger":"task.stderr"}
{"timestamp":"2026-03-02T23:39:03.724771Z","level":"error","event":"           ^^^^^^^^^^^^^^^^^^^^^^^^^^^^^^^^^^^","logger":"task.stderr"}
{"timestamp":"2026-03-02T23:39:03.725051Z","level":"error","event":"  File \"/home/airflow/.local/lib/python3.12/site-packages/mlflow/tracking/_tracking_service/utils.py\", line 270, in _get_store","logger":"task.stderr"}
{"timestamp":"2026-03-02T23:39:03.725367Z","level":"error","event":"    return _tracking_store_registry.get_store(store_uri, artifact_uri)","logger":"task.stderr"}
{"timestamp":"2026-03-02T23:39:03.725694Z","level":"error","event":"           ^^^^^^^^^^^^^^^^^^^^^^^^^^^^^^^^^^^^^^^^^^^^^^^^^^^^^^^^^^^","logger":"task.stderr"}
{"timestamp":"2026-03-02T23:39:03.726080Z","level":"error","event":"  File \"/home/airflow/.local/lib/python3.12/site-packages/mlflow/tracking/_tracking_service/registry.py\", line 45, in get_store","logger":"task.stderr"}
{"timestamp":"2026-03-02T23:39:03.726398Z","level":"error","event":"    return self._get_store_with_resolved_uri(resolved_store_uri, artifact_uri)","logger":"task.stderr"}
{"timestamp":"2026-03-02T23:39:03.726700Z","level":"error","event":"           ^^^^^^^^^^^^^^^^^^^^^^^^^^^^^^^^^^^^^^^^^^^^^^^^^^^^^^^^^^^^^^^^^^^","logger":"task.stderr"}
{"timestamp":"2026-03-02T23:39:03.727043Z","level":"error","event":"  File \"/home/airflow/.local/lib/python3.12/site-packages/mlflow/tracking/_tracking_service/registry.py\", line 56, in _get_store_with_resolved_uri","logger":"task.stderr"}
{"timestamp":"2026-03-02T23:39:03.727555Z","level":"error","event":"    return builder(store_uri=resolved_store_uri, artifact_uri=artifact_uri)","logger":"task.stderr"}
{"timestamp":"2026-03-02T23:39:03.727997Z","level":"error","event":"           ^^^^^^^^^^^^^^^^^^^^^^^^^^^^^^^^^^^^^^^^^^^^^^^^^^^^^^^^^^^^^^^^","logger":"task.stderr"}
{"timestamp":"2026-03-02T23:39:03.728358Z","level":"error","event":"  File \"/home/airflow/.local/lib/python3.12/site-packages/mlflow/tracking/_tracking_service/utils.py\", line 201, in _get_sqlalchemy_store","logger":"task.stderr"}
{"timestamp":"2026-03-02T23:39:03.728761Z","level":"error","event":"    return store_cls(store_uri, artifact_uri)","logger":"task.stderr"}
{"timestamp":"2026-03-02T23:39:03.729124Z","level":"error","event":"           ^^^^^^^^^^^^^^^^^^^^^^^^^^^^^^^^^^","logger":"task.stderr"}
{"timestamp":"2026-03-02T23:39:03.729465Z","level":"error","event":"  File \"/home/airflow/.local/lib/python3.12/site-packages/mlflow/store/tracking/sqlalchemy_store.py\", line 299, in __init__","logger":"task.stderr"}
{"timestamp":"2026-03-02T23:39:03.729802Z","level":"error","event":"    mlflow.store.db.utils._initialize_tables(self.engine)","logger":"task.stderr"}
{"timestamp":"2026-03-02T23:39:03.730164Z","level":"error","event":"  File \"/home/airflow/.local/lib/python3.12/site-packages/mlflow/store/db/utils.py\", line 121, in _initialize_tables","logger":"task.stderr"}
{"timestamp":"2026-03-02T23:39:03.730530Z","level":"error","event":"    _upgrade_db(engine)","logger":"task.stderr"}
{"timestamp":"2026-03-02T23:39:03.730898Z","level":"error","event":"  File \"/home/airflow/.local/lib/python3.12/site-packages/mlflow/store/db/utils.py\", line 289, in _upgrade_db","logger":"task.stderr"}
{"timestamp":"2026-03-02T23:39:03.731468Z","level":"error","event":"    command.upgrade(config, \"heads\")","logger":"task.stderr"}
{"timestamp":"2026-03-02T23:39:03.731918Z","level":"error","event":"  File \"/home/airflow/.local/lib/python3.12/site-packages/alembic/command.py\", line 483, in upgrade","logger":"task.stderr"}
{"timestamp":"2026-03-02T23:39:03.732427Z","level":"error","event":"    script.run_env()","logger":"task.stderr"}
{"timestamp":"2026-03-02T23:39:03.732911Z","level":"error","event":"  File \"/home/airflow/.local/lib/python3.12/site-packages/alembic/script/base.py\", line 545, in run_env","logger":"task.stderr"}
{"timestamp":"2026-03-02T23:39:03.733396Z","level":"error","event":"    util.load_python_file(self.dir, \"env.py\")","logger":"task.stderr"}
{"timestamp":"2026-03-02T23:39:03.733847Z","level":"error","event":"  File \"/home/airflow/.local/lib/python3.12/site-packages/alembic/util/pyfiles.py\", line 116, in load_python_file","logger":"task.stderr"}
{"timestamp":"2026-03-02T23:39:03.734439Z","level":"error","event":"    module = load_module_py(module_id, path)","logger":"task.stderr"}
{"timestamp":"2026-03-02T23:39:03.734792Z","level":"error","event":"             ^^^^^^^^^^^^^^^^^^^^^^^^^^^^^^^","logger":"task.stderr"}
{"timestamp":"2026-03-02T23:39:03.735188Z","level":"error","event":"  File \"/home/airflow/.local/lib/python3.12/site-packages/alembic/util/pyfiles.py\", line 136, in load_module_py","logger":"task.stderr"}
{"timestamp":"2026-03-02T23:39:03.735540Z","level":"error","event":"    spec.loader.exec_module(module)  # type: ignore","logger":"task.stderr"}
{"timestamp":"2026-03-02T23:39:03.735857Z","level":"error","event":"    ^^^^^^^^^^^^^^^^^^^^^^^^^^^^^^^","logger":"task.stderr"}
{"timestamp":"2026-03-02T23:39:03.736241Z","level":"error","event":"  File \"<frozen importlib._bootstrap_external>\", line 999, in exec_module","logger":"task.stderr"}
{"timestamp":"2026-03-02T23:39:03.736729Z","level":"error","event":"  File \"<frozen importlib._bootstrap>\", line 488, in _call_with_frames_removed","logger":"task.stderr"}
{"timestamp":"2026-03-02T23:39:03.737253Z","level":"error","event":"  File \"/home/airflow/.local/lib/python3.12/site-packages/mlflow/store/db_migrations/env.py\", line 78, in <module>","logger":"task.stderr"}
{"timestamp":"2026-03-02T23:39:03.737745Z","level":"error","event":"    run_migrations_online()","logger":"task.stderr"}
{"timestamp":"2026-03-02T23:39:03.738282Z","level":"error","event":"  File \"/home/airflow/.local/lib/python3.12/site-packages/mlflow/store/db_migrations/env.py\", line 72, in run_migrations_online","logger":"task.stderr"}
{"timestamp":"2026-03-02T23:39:03.738750Z","level":"error","event":"    context.run_migrations()","logger":"task.stderr"}
{"timestamp":"2026-03-02T23:39:03.739220Z","level":"error","event":"  File \"<string>\", line 8, in run_migrations","logger":"task.stderr"}
{"timestamp":"2026-03-02T23:39:03.739565Z","level":"error","event":"  File \"/home/airflow/.local/lib/python3.12/site-packages/alembic/runtime/environment.py\", line 969, in run_migrations","logger":"task.stderr"}
{"timestamp":"2026-03-02T23:39:03.740064Z","level":"error","event":"    self.get_context().run_migrations(**kw)","logger":"task.stderr"}
{"timestamp":"2026-03-02T23:39:03.740543Z","level":"error","event":"  File \"/home/airflow/.local/lib/python3.12/site-packages/alembic/runtime/migration.py\", line 626, in run_migrations","logger":"task.stderr"}
{"timestamp":"2026-03-02T23:39:03.740890Z","level":"error","event":"    step.migration_fn(**kw)","logger":"task.stderr"}
{"timestamp":"2026-03-02T23:39:03.741266Z","level":"error","event":"  File \"/home/airflow/.local/lib/python3.12/site-packages/mlflow/store/db_migrations/versions/451aebb31d03_add_metric_step.py\", line 18, in upgrade","logger":"task.stderr"}
{"timestamp":"2026-03-02T23:39:03.741627Z","level":"error","event":"    op.add_column(\"metrics\", sa.Column(\"step\", sa.BigInteger(), nullable=False, server_default=\"0\"))","logger":"task.stderr"}
{"timestamp":"2026-03-02T23:39:03.741985Z","level":"error","event":"  File \"<string>\", line 8, in add_column","logger":"task.stderr"}
{"timestamp":"2026-03-02T23:39:03.742585Z","level":"error","event":"  File \"<string>\", line 3, in add_column","logger":"task.stderr"}
{"timestamp":"2026-03-02T23:39:03.742962Z","level":"error","event":"  File \"/home/airflow/.local/lib/python3.12/site-packages/alembic/operations/ops.py\", line 2210, in add_column","logger":"task.stderr"}
{"timestamp":"2026-03-02T23:39:03.743251Z","level":"error","event":"    return operations.invoke(op)","logger":"task.stderr"}
{"timestamp":"2026-03-02T23:39:03.743619Z","level":"error","event":"           ^^^^^^^^^^^^^^^^^^^^^","logger":"task.stderr"}
{"timestamp":"2026-03-02T23:39:03.743944Z","level":"error","event":"  File \"/home/airflow/.local/lib/python3.12/site-packages/alembic/operations/base.py\", line 452, in invoke","logger":"task.stderr"}
{"timestamp":"2026-03-02T23:39:03.744280Z","level":"error","event":"    return fn(self, operation)","logger":"task.stderr"}
{"timestamp":"2026-03-02T23:39:03.744633Z","level":"error","event":"           ^^^^^^^^^^^^^^^^^^^","logger":"task.stderr"}
{"timestamp":"2026-03-02T23:39:03.745012Z","level":"error","event":"  File \"/home/airflow/.local/lib/python3.12/site-packages/alembic/operations/toimpl.py\", line 181, in add_column","logger":"task.stderr"}
{"timestamp":"2026-03-02T23:39:03.745400Z","level":"error","event":"    operations.impl.add_column(","logger":"task.stderr"}
{"timestamp":"2026-03-02T23:39:03.745779Z","level":"error","event":"  File \"/home/airflow/.local/lib/python3.12/site-packages/alembic/ddl/impl.py\", line 391, in add_column","logger":"task.stderr"}
{"timestamp":"2026-03-02T23:39:03.746160Z","level":"error","event":"    self._exec(","logger":"task.stderr"}
{"timestamp":"2026-03-02T23:39:03.746576Z","level":"error","event":"  File \"/home/airflow/.local/lib/python3.12/site-packages/alembic/ddl/impl.py\", line 256, in _exec","logger":"task.stderr"}
{"timestamp":"2026-03-02T23:39:03.746948Z","level":"error","event":"    return conn.execute(construct, params)","logger":"task.stderr"}
{"timestamp":"2026-03-02T23:39:03.747277Z","level":"error","event":"           ^^^^^^^^^^^^^^^^^^^^^^^^^^^^^^^","logger":"task.stderr"}
{"timestamp":"2026-03-02T23:39:03.747612Z","level":"error","event":"  File \"/home/airflow/.local/lib/python3.12/site-packages/sqlalchemy/engine/base.py\", line 1419, in execute","logger":"task.stderr"}
{"timestamp":"2026-03-02T23:39:03.747994Z","level":"error","event":"    return meth(","logger":"task.stderr"}
{"timestamp":"2026-03-02T23:39:03.748351Z","level":"error","event":"           ^^^^^","logger":"task.stderr"}
{"timestamp":"2026-03-02T23:39:03.748761Z","level":"error","event":"  File \"/home/airflow/.local/lib/python3.12/site-packages/sqlalchemy/sql/ddl.py\", line 187, in _execute_on_connection","logger":"task.stderr"}
{"timestamp":"2026-03-02T23:39:03.749182Z","level":"error","event":"    return connection._execute_ddl(","logger":"task.stderr"}
{"timestamp":"2026-03-02T23:39:03.749717Z","level":"error","event":"           ^^^^^^^^^^^^^^^^^^^^^^^^","logger":"task.stderr"}
{"timestamp":"2026-03-02T23:39:03.750114Z","level":"error","event":"  File \"/home/airflow/.local/lib/python3.12/site-packages/sqlalchemy/engine/base.py\", line 1530, in _execute_ddl","logger":"task.stderr"}
{"timestamp":"2026-03-02T23:39:03.750571Z","level":"error","event":"    ret = self._execute_context(","logger":"task.stderr"}
{"timestamp":"2026-03-02T23:39:03.751001Z","level":"error","event":"          ^^^^^^^^^^^^^^^^^^^^^^","logger":"task.stderr"}
{"timestamp":"2026-03-02T23:39:03.751451Z","level":"error","event":"  File \"/home/airflow/.local/lib/python3.12/site-packages/sqlalchemy/engine/base.py\", line 1846, in _execute_context","logger":"task.stderr"}
{"timestamp":"2026-03-02T23:39:03.751940Z","level":"error","event":"    return self._exec_single_context(","logger":"task.stderr"}
{"timestamp":"2026-03-02T23:39:03.752347Z","level":"error","event":"           ^^^^^^^^^^^^^^^^^^^^^^^^^^","logger":"task.stderr"}
{"timestamp":"2026-03-02T23:39:03.752762Z","level":"error","event":"  File \"/home/airflow/.local/lib/python3.12/site-packages/sqlalchemy/engine/base.py\", line 1986, in _exec_single_context","logger":"task.stderr"}
{"timestamp":"2026-03-02T23:39:03.753271Z","level":"error","event":"    self._handle_dbapi_exception(","logger":"task.stderr"}
{"timestamp":"2026-03-02T23:39:03.753837Z","level":"error","event":"  File \"/home/airflow/.local/lib/python3.12/site-packages/sqlalchemy/engine/base.py\", line 2363, in _handle_dbapi_exception","logger":"task.stderr"}
{"timestamp":"2026-03-02T23:39:03.754450Z","level":"error","event":"    raise sqlalchemy_exception.with_traceback(exc_info[2]) from e","logger":"task.stderr"}
{"timestamp":"2026-03-02T23:39:03.754909Z","level":"error","event":"  File \"/home/airflow/.local/lib/python3.12/site-packages/sqlalchemy/engine/base.py\", line 1967, in _exec_single_context","logger":"task.stderr"}
{"timestamp":"2026-03-02T23:39:03.755300Z","level":"error","event":"    self.dialect.do_execute(","logger":"task.stderr"}
{"timestamp":"2026-03-02T23:39:03.755822Z","level":"error","event":"  File \"/home/airflow/.local/lib/python3.12/site-packages/sqlalchemy/engine/default.py\", line 952, in do_execute","logger":"task.stderr"}
{"timestamp":"2026-03-02T23:39:03.756313Z","level":"error","event":"    cursor.execute(statement, parameters)","logger":"task.stderr"}
{"timestamp":"2026-03-02T23:39:03.756658Z","level":"error","event":"sqlalchemy.exc.OperationalError: (sqlite3.OperationalError) duplicate column name: step","logger":"task.stderr"}
{"timestamp":"2026-03-02T23:39:03.757015Z","level":"error","event":"[SQL: ALTER TABLE metrics ADD COLUMN step BIGINT DEFAULT '0' NOT NULL]","logger":"task.stderr"}
{"timestamp":"2026-03-02T23:39:03.757407Z","level":"error","event":"(Background on this error at: https://sqlalche.me/e/20/e3q8)","logger":"task.stderr"}
{"timestamp":"2026-03-02T23:39:04.480848Z","level":"error","event":"Task failed with exception","logger":"task","filename":"task_runner.py","lineno":1142,"error_detail":[{"exc_type":"CalledProcessError","exc_value":"Command '['python', '/opt/airflow/dags/train.py']' returned non-zero exit status 1.","exc_notes":[],"syntax_error":null,"is_cause":false,"frames":[{"filename":"/home/airflow/.local/lib/python3.12/site-packages/airflow/sdk/execution_time/task_runner.py","lineno":1068,"name":"run"},{"filename":"/home/airflow/.local/lib/python3.12/site-packages/airflow/sdk/execution_time/task_runner.py","lineno":1477,"name":"_execute_task"},{"filename":"/home/airflow/.local/lib/python3.12/site-packages/airflow/sdk/bases/operator.py","lineno":417,"name":"wrapper"},{"filename":"/home/airflow/.local/lib/python3.12/site-packages/airflow/providers/standard/operators/python.py","lineno":228,"name":"execute"},{"filename":"/home/airflow/.local/lib/python3.12/site-packages/airflow/providers/standard/operators/python.py","lineno":251,"name":"execute_callable"},{"filename":"/home/airflow/.local/lib/python3.12/site-packages/airflow/sdk/execution_time/callback_runner.py","lineno":82,"name":"run"},{"filename":"/opt/airflow/dags/train_pipeline.py","lineno":23,"name":"train_model"},{"filename":"/usr/python/lib/python3.12/subprocess.py","lineno":571,"name":"run"}],"is_group":false,"exceptions":[]}]}
