{"timestamp":"2026-03-03T00:00:00.484729Z","level":"info","event":"DAG bundles loaded: dags-folder","logger":"airflow.dag_processing.bundles.manager.DagBundlesManager","filename":"manager.py","lineno":179}
{"timestamp":"2026-03-03T00:00:00.486736Z","level":"info","event":"Filling up the DagBag from /opt/airflow/dags/train_pipeline.py","logger":"airflow.models.dagbag.BundleDagBag","filename":"dagbag.py","lineno":593}
{"timestamp":"2026-03-03T00:00:01.881826Z","level":"info","event":"Preprocess finished","logger":"task.stdout"}
{"timestamp":"2026-03-03T00:00:01.884221Z","level":"info","event":"Saved to: /opt/airflow/dags/processed.csv","logger":"task.stdout"}
{"timestamp":"2026-03-03T00:00:01.943477Z","level":"info","event":"Done. Returned value was: None","logger":"airflow.task.operators.airflow.providers.standard.operators.python.PythonOperator","filename":"python.py","lineno":230}
{"timestamp":"2026-03-03T04:37:49.957201Z","level":"info","event":"DAG bundles loaded: dags-folder","logger":"airflow.dag_processing.bundles.manager.DagBundlesManager","filename":"manager.py","lineno":179}
{"timestamp":"2026-03-03T04:37:49.960973Z","level":"info","event":"Filling up the DagBag from /opt/airflow/dags/train_pipeline.py","logger":"airflow.models.dagbag.BundleDagBag","filename":"dagbag.py","lineno":593}
{"timestamp":"2026-03-03T04:37:54.262533Z","level":"info","event":"Preprocess finished","logger":"task.stdout"}
{"timestamp":"2026-03-03T04:37:54.262992Z","level":"info","event":"Saved to: /opt/airflow/dags/processed.csv","logger":"task.stdout"}
{"timestamp":"2026-03-03T04:37:54.371512Z","level":"info","event":"Done. Returned value was: None","logger":"airflow.task.operators.airflow.providers.standard.operators.python.PythonOperator","filename":"python.py","lineno":230}
{"timestamp":"2026-03-03T05:27:33.312208Z","level":"info","event":"DAG bundles loaded: dags-folder","logger":"airflow.dag_processing.bundles.manager.DagBundlesManager","filename":"manager.py","lineno":179}
{"timestamp":"2026-03-03T05:27:33.315478Z","level":"info","event":"Filling up the DagBag from /opt/airflow/dags/train_pipeline.py","logger":"airflow.models.dagbag.BundleDagBag","filename":"dagbag.py","lineno":593}
{"timestamp":"2026-03-03T05:27:38.518412Z","level":"info","event":"Preprocess finished","logger":"task.stdout"}
{"timestamp":"2026-03-03T05:27:38.518999Z","level":"info","event":"Saved to: /opt/airflow/dags/processed.csv","logger":"task.stdout"}
{"timestamp":"2026-03-03T05:27:38.620501Z","level":"info","event":"Done. Returned value was: None","logger":"airflow.task.operators.airflow.providers.standard.operators.python.PythonOperator","filename":"python.py","lineno":230}
{"timestamp":"2026-03-03T05:34:01.013724Z","level":"info","event":"DAG bundles loaded: dags-folder","logger":"airflow.dag_processing.bundles.manager.DagBundlesManager","filename":"manager.py","lineno":179}
{"timestamp":"2026-03-03T05:34:01.016838Z","level":"info","event":"Filling up the DagBag from /opt/airflow/dags/train_pipeline.py","logger":"airflow.models.dagbag.BundleDagBag","filename":"dagbag.py","lineno":593}
{"timestamp":"2026-03-03T05:34:05.806352Z","level":"info","event":"Preprocess finished","logger":"task.stdout"}
{"timestamp":"2026-03-03T05:34:05.807174Z","level":"info","event":"Saved to: /opt/airflow/dags/processed.csv","logger":"task.stdout"}
{"timestamp":"2026-03-03T05:34:05.915621Z","level":"info","event":"Done. Returned value was: None","logger":"airflow.task.operators.airflow.providers.standard.operators.python.PythonOperator","filename":"python.py","lineno":230}
{"timestamp":"2026-03-03T05:53:53.240966Z","level":"info","event":"DAG bundles loaded: dags-folder","logger":"airflow.dag_processing.bundles.manager.DagBundlesManager","filename":"manager.py","lineno":179}
{"timestamp":"2026-03-03T05:53:53.242940Z","level":"info","event":"Filling up the DagBag from /opt/airflow/dags/train_pipeline.py","logger":"airflow.models.dagbag.BundleDagBag","filename":"dagbag.py","lineno":593}
{"timestamp":"2026-03-03T05:53:57.057942Z","level":"warning","event":"pkg_resources is deprecated as an API. See https://setuptools.pypa.io/en/latest/pkg_resources.html. The pkg_resources package is slated for removal as early as 2025-11-30. Refrain from using this package or pin to Setuptools<81.","category":"UserWarning","filename":"/home/airflow/.local/lib/python3.12/site-packages/mlflow/utils/requirements_utils.py","lineno":20,"logger":"py.warnings"}
{"timestamp":"2026-03-03T05:53:58.302302Z","level":"info","event":"Preprocess finished","logger":"task.stdout"}
{"timestamp":"2026-03-03T05:53:58.303642Z","level":"info","event":"Saved to: /opt/airflow/dags/processed.csv","logger":"task.stdout"}
{"timestamp":"2026-03-03T05:53:58.465445Z","level":"info","event":"Done. Returned value was: None","logger":"airflow.task.operators.airflow.providers.standard.operators.python.PythonOperator","filename":"python.py","lineno":230}
{"timestamp":"2026-03-03T06:05:51.920441Z","level":"info","event":"DAG bundles loaded: dags-folder","logger":"airflow.dag_processing.bundles.manager.DagBundlesManager","filename":"manager.py","lineno":179}
{"timestamp":"2026-03-03T06:05:51.922862Z","level":"info","event":"Filling up the DagBag from /opt/airflow/dags/train_pipeline.py","logger":"airflow.models.dagbag.BundleDagBag","filename":"dagbag.py","lineno":593}
{"timestamp":"2026-03-03T06:05:54.582380Z","level":"warning","event":"pkg_resources is deprecated as an API. See https://setuptools.pypa.io/en/latest/pkg_resources.html. The pkg_resources package is slated for removal as early as 2025-11-30. Refrain from using this package or pin to Setuptools<81.","category":"UserWarning","filename":"/home/airflow/.local/lib/python3.12/site-packages/mlflow/utils/requirements_utils.py","lineno":20,"logger":"py.warnings"}
{"timestamp":"2026-03-03T06:05:55.366031Z","level":"info","event":"Preprocess finished","logger":"task.stdout"}
{"timestamp":"2026-03-03T06:05:55.366409Z","level":"info","event":"Saved to: /opt/airflow/dags/processed.csv","logger":"task.stdout"}
{"timestamp":"2026-03-03T06:05:55.450842Z","level":"info","event":"Done. Returned value was: None","logger":"airflow.task.operators.airflow.providers.standard.operators.python.PythonOperator","filename":"python.py","lineno":230}
{"timestamp":"2026-03-03T06:14:37.532184Z","level":"info","event":"DAG bundles loaded: dags-folder","logger":"airflow.dag_processing.bundles.manager.DagBundlesManager","filename":"manager.py","lineno":179}
{"timestamp":"2026-03-03T06:14:37.542250Z","level":"info","event":"Filling up the DagBag from /opt/airflow/dags/train_pipeline.py","logger":"airflow.models.dagbag.BundleDagBag","filename":"dagbag.py","lineno":593}
{"timestamp":"2026-03-03T06:14:40.386116Z","level":"warning","event":"pkg_resources is deprecated as an API. See https://setuptools.pypa.io/en/latest/pkg_resources.html. The pkg_resources package is slated for removal as early as 2025-11-30. Refrain from using this package or pin to Setuptools<81.","category":"UserWarning","filename":"/home/airflow/.local/lib/python3.12/site-packages/mlflow/utils/requirements_utils.py","lineno":20,"logger":"py.warnings"}
{"timestamp":"2026-03-03T06:14:41.443781Z","level":"info","event":"Preprocess finished","logger":"task.stdout"}
{"timestamp":"2026-03-03T06:14:41.444387Z","level":"info","event":"Saved to: /opt/airflow/dags/processed.csv","logger":"task.stdout"}
{"timestamp":"2026-03-03T06:14:41.535914Z","level":"info","event":"Done. Returned value was: None","logger":"airflow.task.operators.airflow.providers.standard.operators.python.PythonOperator","filename":"python.py","lineno":230}
{"timestamp":"2026-03-03T06:26:42.837924Z","level":"info","event":"DAG bundles loaded: dags-folder","logger":"airflow.dag_processing.bundles.manager.DagBundlesManager","filename":"manager.py","lineno":179}
{"timestamp":"2026-03-03T06:26:42.840782Z","level":"info","event":"Filling up the DagBag from /opt/airflow/dags/train_pipeline.py","logger":"airflow.models.dagbag.BundleDagBag","filename":"dagbag.py","lineno":593}
{"timestamp":"2026-03-03T06:26:45.862719Z","level":"warning","event":"pkg_resources is deprecated as an API. See https://setuptools.pypa.io/en/latest/pkg_resources.html. The pkg_resources package is slated for removal as early as 2025-11-30. Refrain from using this package or pin to Setuptools<81.","category":"UserWarning","filename":"/home/airflow/.local/lib/python3.12/site-packages/mlflow/utils/requirements_utils.py","lineno":20,"logger":"py.warnings"}
{"timestamp":"2026-03-03T06:26:47.055424Z","level":"info","event":"Preprocess finished","logger":"task.stdout"}
{"timestamp":"2026-03-03T06:26:47.056265Z","level":"info","event":"Saved to: /opt/airflow/dags/processed.csv","logger":"task.stdout"}
{"timestamp":"2026-03-03T06:26:47.221736Z","level":"info","event":"Done. Returned value was: None","logger":"airflow.task.operators.airflow.providers.standard.operators.python.PythonOperator","filename":"python.py","lineno":230}
{"timestamp":"2026-03-03T06:40:57.145747Z","level":"info","event":"DAG bundles loaded: dags-folder","logger":"airflow.dag_processing.bundles.manager.DagBundlesManager","filename":"manager.py","lineno":179}
{"timestamp":"2026-03-03T06:40:57.148273Z","level":"info","event":"Filling up the DagBag from /opt/airflow/dags/train_pipeline.py","logger":"airflow.models.dagbag.BundleDagBag","filename":"dagbag.py","lineno":593}
{"timestamp":"2026-03-03T06:41:00.764365Z","level":"warning","event":"pkg_resources is deprecated as an API. See https://setuptools.pypa.io/en/latest/pkg_resources.html. The pkg_resources package is slated for removal as early as 2025-11-30. Refrain from using this package or pin to Setuptools<81.","category":"UserWarning","filename":"/home/airflow/.local/lib/python3.12/site-packages/mlflow/utils/requirements_utils.py","lineno":20,"logger":"py.warnings"}
{"timestamp":"2026-03-03T06:41:01.506579Z","level":"info","event":"Preprocess finished","logger":"task.stdout"}
{"timestamp":"2026-03-03T06:41:01.508139Z","level":"info","event":"Saved to: /opt/airflow/dags/processed.csv","logger":"task.stdout"}
{"timestamp":"2026-03-03T06:41:01.602481Z","level":"info","event":"Done. Returned value was: None","logger":"airflow.task.operators.airflow.providers.standard.operators.python.PythonOperator","filename":"python.py","lineno":230}
