{"timestamp":"2026-03-02T01:45:12.339156Z","level":"info","event":"DAG bundles loaded: dags-folder","logger":"airflow.dag_processing.bundles.manager.DagBundlesManager","filename":"manager.py","lineno":179}
{"timestamp":"2026-03-02T01:45:12.341792Z","level":"info","event":"Filling up the DagBag from /opt/airflow/dags/train_pipeline.py","logger":"airflow.models.dagbag.BundleDagBag","filename":"dagbag.py","lineno":593}
{"timestamp":"2026-03-02T01:45:12.384278Z","level":"warning","event":"The `airflow.operators.python.PythonOperator` attribute is deprecated. Please use `'airflow.providers.standard.operators.python.PythonOperator'`.","category":"DeprecatedImportWarning","filename":"/opt/airflow/dags/train_pipeline.py","lineno":2,"logger":"py.warnings"}
{"timestamp":"2026-03-02T01:45:12.414714Z","level":"info","event":"Model registered","logger":"task.stdout"}
{"timestamp":"2026-03-02T01:45:12.414709Z","level":"info","event":"Done. Returned value was: None","logger":"airflow.task.operators.airflow.providers.standard.operators.python.PythonOperator","filename":"python.py","lineno":230}
{"timestamp":"2026-03-02T22:41:17.612140Z","level":"info","event":"DAG bundles loaded: dags-folder","logger":"airflow.dag_processing.bundles.manager.DagBundlesManager","filename":"manager.py","lineno":179}
{"timestamp":"2026-03-02T22:41:17.613715Z","level":"info","event":"Filling up the DagBag from /opt/airflow/dags/train_pipeline.py","logger":"airflow.models.dagbag.BundleDagBag","filename":"dagbag.py","lineno":593}
{"timestamp":"2026-03-02T22:41:18.546828Z","level":"warning","event":"The `airflow.operators.python.PythonOperator` attribute is deprecated. Please use `'airflow.providers.standard.operators.python.PythonOperator'`.","category":"DeprecatedImportWarning","filename":"/opt/airflow/dags/train_pipeline.py","lineno":2,"logger":"py.warnings"}
{"timestamp":"2026-03-02T22:41:19.196593Z","level":"info","event":"Latest run: e71eaffdf75342ca9b808f7804845ef1","logger":"task.stdout"}
{"timestamp":"2026-03-02T22:41:19.256749Z","level":"error","event":"Registered model 'milestone3_model' already exists. Creating a new version of this model...","logger":"task.stderr"}
{"timestamp":"2026-03-02T22:41:19.298886Z","level":"error","event":"2026/03/02 22:41:19 WARNING mlflow.tracking._model_registry.fluent: Run with id e71eaffdf75342ca9b808f7804845ef1 has no artifacts at artifact path 'model', registering model based on models:/m-960af1ef8980477c854a14f95e596e49 instead","logger":"task.stderr"}
{"timestamp":"2026-03-02T22:41:19.324910Z","level":"error","event":"Created version '2' of model 'milestone3_model'.","logger":"task.stderr"}
{"timestamp":"2026-03-02T22:41:19.344073Z","level":"info","event":"Registered version: 2","logger":"task.stdout"}
{"timestamp":"2026-03-02T22:41:19.344071Z","level":"warning","event":"``mlflow.tracking.client.MlflowClient.transition_model_version_stage`` is deprecated since 2.9.0. Model registry stages will be removed in a future major release. To learn more about the deprecation of model registry stages, see our migration guide here: https://mlflow.org/docs/latest/model-registry.html#migrating-from-stages","category":"FutureWarning","filename":"/opt/airflow/dags/train_pipeline.py","lineno":62,"logger":"py.warnings"}
{"timestamp":"2026-03-02T22:41:19.369141Z","level":"info","event":"Moved to Staging","logger":"task.stdout"}
{"timestamp":"2026-03-02T22:41:19.369952Z","level":"info","event":"Done. Returned value was: None","logger":"airflow.task.operators.airflow.providers.standard.operators.python.PythonOperator","filename":"python.py","lineno":230}
{"timestamp":"2026-03-02T23:45:36.365683Z","level":"info","event":"DAG bundles loaded: dags-folder","logger":"airflow.dag_processing.bundles.manager.DagBundlesManager","filename":"manager.py","lineno":179}
{"timestamp":"2026-03-02T23:45:36.368301Z","level":"info","event":"Filling up the DagBag from /opt/airflow/dags/train_pipeline.py","logger":"airflow.models.dagbag.BundleDagBag","filename":"dagbag.py","lineno":593}
{"timestamp":"2026-03-02T23:45:37.233197Z","level":"warning","event":"The `airflow.operators.python.PythonOperator` attribute is deprecated. Please use `'airflow.providers.standard.operators.python.PythonOperator'`.","category":"DeprecatedImportWarning","filename":"/opt/airflow/dags/train_pipeline.py","lineno":3,"logger":"py.warnings"}
{"timestamp":"2026-03-02T23:45:37.871266Z","level":"info","event":"Latest run: 9d5066a1b3d84e059f9dc490478d8c71","logger":"task.stdout"}
{"timestamp":"2026-03-02T23:45:37.946081Z","level":"error","event":"Successfully registered model 'milestone3_model'.","logger":"task.stderr"}
{"timestamp":"2026-03-02T23:45:37.985991Z","level":"error","event":"2026/03/02 23:45:37 WARNING mlflow.tracking._model_registry.fluent: Run with id 9d5066a1b3d84e059f9dc490478d8c71 has no artifacts at artifact path 'model', registering model based on models:/m-47976cba80dd49da8d5f6bb2c452a3f9 instead","logger":"task.stderr"}
{"timestamp":"2026-03-02T23:45:38.016714Z","level":"error","event":"Created version '1' of model 'milestone3_model'.","logger":"task.stderr"}
{"timestamp":"2026-03-02T23:45:38.038302Z","level":"info","event":"Registered version: 1","logger":"task.stdout"}
{"timestamp":"2026-03-02T23:45:38.038345Z","level":"warning","event":"``mlflow.tracking.client.MlflowClient.transition_model_version_stage`` is deprecated since 2.9.0. Model registry stages will be removed in a future major release. To learn more about the deprecation of model registry stages, see our migration guide here: https://mlflow.org/docs/latest/model-registry.html#migrating-from-stages","category":"FutureWarning","filename":"/opt/airflow/dags/train_pipeline.py","lineno":52,"logger":"py.warnings"}
{"timestamp":"2026-03-02T23:45:38.083993Z","level":"info","event":"Moved to Staging","logger":"task.stdout"}
{"timestamp":"2026-03-02T23:45:38.084707Z","level":"info","event":"Done. Returned value was: None","logger":"airflow.task.operators.airflow.providers.standard.operators.python.PythonOperator","filename":"python.py","lineno":230}
{"timestamp":"2026-03-03T00:04:23.936979Z","level":"info","event":"DAG bundles loaded: dags-folder","logger":"airflow.dag_processing.bundles.manager.DagBundlesManager","filename":"manager.py","lineno":179}
{"timestamp":"2026-03-03T00:04:23.939373Z","level":"info","event":"Filling up the DagBag from /opt/airflow/dags/train_pipeline.py","logger":"airflow.models.dagbag.BundleDagBag","filename":"dagbag.py","lineno":593}
{"timestamp":"2026-03-03T00:04:24.765285Z","level":"warning","event":"The filesystem tracking backend (e.g., './mlruns') is deprecated as of February 2026. Consider transitioning to a database backend (e.g., 'sqlite:///mlflow.db') to take advantage of the latest MLflow features. See https://mlflow.org/docs/latest/self-hosting/migrate-from-file-store for migration guidance.","category":"FutureWarning","filename":"/home/airflow/.local/lib/python3.12/site-packages/mlflow/tracking/_tracking_service/utils.py","lineno":184,"logger":"py.warnings"}
{"timestamp":"2026-03-03T00:04:24.940666Z","level":"info","event":"Latest run: d017cf77e0d140038b89782542490160","logger":"task.stdout"}
{"timestamp":"2026-03-03T00:04:24.959357Z","level":"warning","event":"The filesystem model registry backend (e.g., './mlruns') is deprecated as of February 2026. Consider transitioning to a database backend (e.g., 'sqlite:///mlflow.db') to take advantage of the latest MLflow features. See https://mlflow.org/docs/latest/self-hosting/migrate-from-file-store for migration guidance.","category":"FutureWarning","filename":"/home/airflow/.local/lib/python3.12/site-packages/mlflow/tracking/_model_registry/utils.py","lineno":220,"logger":"py.warnings"}
{"timestamp":"2026-03-03T00:04:25.094670Z","level":"error","event":"Registered model 'milestone3_model' already exists. Creating a new version of this model...","logger":"task.stderr"}
{"timestamp":"2026-03-03T00:04:25.346129Z","level":"error","event":"2026/03/03 00:04:25 WARNING mlflow.tracking._model_registry.fluent: Run with id d017cf77e0d140038b89782542490160 has no artifacts at artifact path 'model', registering model based on models:/m-ba5511575e984482bbd8a7203e4671ab instead","logger":"task.stderr"}
{"timestamp":"2026-03-03T00:04:25.817438Z","level":"error","event":"Created version '3' of model 'milestone3_model'.","logger":"task.stderr"}
{"timestamp":"2026-03-03T00:04:25.981341Z","level":"info","event":"Registered version: 3","logger":"task.stdout"}
{"timestamp":"2026-03-03T00:04:25.981418Z","level":"warning","event":"``mlflow.tracking.client.MlflowClient.transition_model_version_stage`` is deprecated since 2.9.0. Model registry stages will be removed in a future major release. To learn more about the deprecation of model registry stages, see our migration guide here: https://mlflow.org/docs/latest/model-registry.html#migrating-from-stages","category":"FutureWarning","filename":"/opt/airflow/dags/train_pipeline.py","lineno":56,"logger":"py.warnings"}
{"timestamp":"2026-03-03T00:04:26.469011Z","level":"info","event":"Moved to Staging","logger":"task.stdout"}
{"timestamp":"2026-03-03T00:04:26.469479Z","level":"info","event":"Done. Returned value was: None","logger":"airflow.task.operators.airflow.providers.standard.operators.python.PythonOperator","filename":"python.py","lineno":230}
