{"timestamp":"2026-03-03T00:00:13.034800Z","level":"info","event":"DAG bundles loaded: dags-folder","logger":"airflow.dag_processing.bundles.manager.DagBundlesManager","filename":"manager.py","lineno":179}
{"timestamp":"2026-03-03T00:00:13.037262Z","level":"info","event":"Filling up the DagBag from /opt/airflow/dags/train_pipeline.py","logger":"airflow.models.dagbag.BundleDagBag","filename":"dagbag.py","lineno":593}
{"timestamp":"2026-03-03T00:00:13.916307Z","level":"warning","event":"The filesystem tracking backend (e.g., './mlruns') is deprecated as of February 2026. Consider transitioning to a database backend (e.g., 'sqlite:///mlflow.db') to take advantage of the latest MLflow features. See https://mlflow.org/docs/latest/self-hosting/migrate-from-file-store for migration guidance.","category":"FutureWarning","filename":"/home/airflow/.local/lib/python3.12/site-packages/mlflow/tracking/_tracking_service/utils.py","lineno":184,"logger":"py.warnings"}
{"timestamp":"2026-03-03T00:00:14.112242Z","level":"info","event":"Latest run: 0ce1bbc7644c46faa9d812b6d71ce63c","logger":"task.stdout"}
{"timestamp":"2026-03-03T00:00:14.133749Z","level":"warning","event":"The filesystem model registry backend (e.g., './mlruns') is deprecated as of February 2026. Consider transitioning to a database backend (e.g., 'sqlite:///mlflow.db') to take advantage of the latest MLflow features. See https://mlflow.org/docs/latest/self-hosting/migrate-from-file-store for migration guidance.","category":"FutureWarning","filename":"/home/airflow/.local/lib/python3.12/site-packages/mlflow/tracking/_model_registry/utils.py","lineno":220,"logger":"py.warnings"}
{"timestamp":"2026-03-03T00:00:14.256008Z","level":"error","event":"Registered model 'milestone3_model' already exists. Creating a new version of this model...","logger":"task.stderr"}
{"timestamp":"2026-03-03T00:00:14.580926Z","level":"error","event":"2026/03/03 00:00:14 WARNING mlflow.tracking._model_registry.fluent: Run with id 0ce1bbc7644c46faa9d812b6d71ce63c has no artifacts at artifact path 'model', registering model based on models:/m-40ffd657f02f4ae9ba1db7431300be21 instead","logger":"task.stderr"}
{"timestamp":"2026-03-03T00:00:15.115735Z","level":"error","event":"Created version '2' of model 'milestone3_model'.","logger":"task.stderr"}
{"timestamp":"2026-03-03T00:00:15.500898Z","level":"info","event":"Registered version: 2","logger":"task.stdout"}
{"timestamp":"2026-03-03T00:00:15.501077Z","level":"warning","event":"``mlflow.tracking.client.MlflowClient.transition_model_version_stage`` is deprecated since 2.9.0. Model registry stages will be removed in a future major release. To learn more about the deprecation of model registry stages, see our migration guide here: https://mlflow.org/docs/latest/model-registry.html#migrating-from-stages","category":"FutureWarning","filename":"/opt/airflow/dags/train_pipeline.py","lineno":56,"logger":"py.warnings"}
{"timestamp":"2026-03-03T00:00:16.324960Z","level":"info","event":"Moved to Staging","logger":"task.stdout"}
{"timestamp":"2026-03-03T00:00:16.326621Z","level":"info","event":"Done. Returned value was: None","logger":"airflow.task.operators.airflow.providers.standard.operators.python.PythonOperator","filename":"python.py","lineno":230}
{"timestamp":"2026-03-03T06:51:42.686687Z","level":"info","event":"DAG bundles loaded: dags-folder","logger":"airflow.dag_processing.bundles.manager.DagBundlesManager","filename":"manager.py","lineno":179}
{"timestamp":"2026-03-03T06:51:42.689239Z","level":"info","event":"Filling up the DagBag from /opt/airflow/dags/train_pipeline.py","logger":"airflow.models.dagbag.BundleDagBag","filename":"dagbag.py","lineno":593}
{"timestamp":"2026-03-03T06:51:44.479130Z","level":"warning","event":"pkg_resources is deprecated as an API. See https://setuptools.pypa.io/en/latest/pkg_resources.html. The pkg_resources package is slated for removal as early as 2025-11-30. Refrain from using this package or pin to Setuptools<81.","category":"UserWarning","filename":"/home/airflow/.local/lib/python3.12/site-packages/mlflow/utils/requirements_utils.py","lineno":20,"logger":"py.warnings"}
{"timestamp":"2026-03-03T06:51:44.732682Z","level":"info","event":"Latest run: 513e9e642ce441598fda7529ca6021b4","logger":"task.stdout"}
{"timestamp":"2026-03-03T06:51:44.945345Z","level":"error","event":"Registered model 'milestone3_model' already exists. Creating a new version of this model...","logger":"task.stderr"}
{"timestamp":"2026-03-03T06:51:45.084212Z","level":"error","event":"2026/03/03 06:51:45 INFO mlflow.store.model_registry.abstract_store: Waiting up to 300 seconds for model version to finish creation. Model name: milestone3_model, version 3","logger":"task.stderr"}
{"timestamp":"2026-03-03T06:51:45.085413Z","level":"error","event":"Created version '3' of model 'milestone3_model'.","logger":"task.stderr"}
{"timestamp":"2026-03-03T06:51:45.086088Z","level":"info","event":"Registered version: 3","logger":"task.stdout"}
{"timestamp":"2026-03-03T06:51:45.084397Z","level":"warning","event":"``mlflow.tracking.client.MlflowClient.transition_model_version_stage`` is deprecated since 2.9.0. Model registry stages will be removed in a future major release. To learn more about the deprecation of model registry stages, see our migration guide here: https://mlflow.org/docs/2.12.1/model-registry.html#migrating-from-stages","category":"FutureWarning","filename":"/opt/airflow/dags/train_pipeline.py","lineno":84,"logger":"py.warnings"}
{"timestamp":"2026-03-03T06:51:45.152217Z","level":"info","event":"Moved to Staging","logger":"task.stdout"}
{"timestamp":"2026-03-03T06:51:45.153252Z","level":"info","event":"Done. Returned value was: None","logger":"airflow.task.operators.airflow.providers.standard.operators.python.PythonOperator","filename":"python.py","lineno":230}
